2017-08-13 13:47:30,562 training config:{'BINARY_THRESH': 0.4,
 'CLASS_AGNOSTIC': True,
 'MASK_SIZE': 21,
 'MXNET_VERSION': 'mxnet',
 'SCALES': [(600, 1000)],
 'TEST': {'BATCH_IMAGES': 1,
          'CXX_PROPOSAL': False,
          'HAS_RPN': True,
          'ITER': 2,
          'MASK_MERGE_THRESH': 0.5,
          'MIN_DROP_SIZE': 16,
          'NMS': 0.3,
          'PROPOSAL_MIN_SIZE': 16,
          'PROPOSAL_NMS_THRESH': 0.7,
          'PROPOSAL_POST_NMS_TOP_N': 2000,
          'PROPOSAL_PRE_NMS_TOP_N': 20000,
          'RPN_MIN_SIZE': 16,
          'RPN_NMS_THRESH': 0.7,
          'RPN_POST_NMS_TOP_N': 300,
          'RPN_PRE_NMS_TOP_N': 6000,
          'USE_GPU_MASK_MERGE': True,
          'USE_MASK_MERGE': True,
          'test_epoch': 20},
 'TRAIN': {'ASPECT_GROUPING': True,
           'BATCH_IMAGES': 1,
           'BATCH_ROIS': -1,
           'BATCH_ROIS_OHEM': 128,
           'BBOX_MEANS': [0.0, 0.0, 0.0, 0.0],
           'BBOX_NORMALIZATION_PRECOMPUTED': True,
           'BBOX_REGRESSION_THRESH': 0.5,
           'BBOX_STDS': [0.2, 0.2, 0.5, 0.5],
           'BBOX_WEIGHTS': array([ 1.,  1.,  1.,  1.]),
           'BG_THRESH_HI': 0.5,
           'BG_THRESH_LO': 0,
           'BINARY_THRESH': 0.4,
           'CONVNEW3': True,
           'CXX_PROPOSAL': False,
           'ENABLE_OHEM': True,
           'END2END': True,
           'FG_FRACTION': 0.25,
           'FG_THRESH': 0.5,
           'FLIP': True,
           'GAP_SELECT_FROM_ALL': False,
           'IGNORE_GAP': False,
           'LOSS_WEIGHT': [1.0, 10.0, 1.0],
           'RESUME': False,
           'RPN_ALLOWED_BORDER': 0,
           'RPN_BATCH_SIZE': 256,
           'RPN_BBOX_WEIGHTS': [1.0, 1.0, 1.0, 1.0],
           'RPN_CLOBBER_POSITIVES': False,
           'RPN_FG_FRACTION': 0.5,
           'RPN_MIN_SIZE': 2,
           'RPN_NEGATIVE_OVERLAP': 0.3,
           'RPN_NMS_THRESH': 0.7,
           'RPN_POSITIVE_OVERLAP': 0.7,
           'RPN_POSITIVE_WEIGHT': -1.0,
           'RPN_POST_NMS_TOP_N': 300,
           'RPN_PRE_NMS_TOP_N': 6000,
           'SHUFFLE': True,
           'begin_epoch': 0,
           'end_epoch': 20,
           'lr': 0.0005,
           'lr_step': '5.33',
           'model_prefix': 'e2e',
           'momentum': 0.9,
           'warmup': True,
           'warmup_lr': 5e-05,
           'warmup_step': 250,
           'wd': 0.0005},
 'config_name': '',
 'dataset': {'NUM_CLASSES': 2,
             'dataset': 'Human',
             'dataset_path': './data/Human',
             'image_set': '50000_train',
             'proposal': 'rpn',
             'root_path': './data',
             'test_image_set': '50000_val'},
 'default': {'frequent': 100, 'kvstore': 'device'},
 'gpus': '0',
 'network': {'ANCHOR_RATIOS': [0.5, 1, 2],
             'ANCHOR_SCALES': [8, 16, 32],
             'FIXED_PARAMS': ['conv1',
                              'bn_conv1',
                              'res2',
                              'bn2',
                              'gamma',
                              'beta'],
             'FIXED_PARAMS_SHARED': ['conv1',
                                     'bn_conv1',
                                     'res2',
                                     'bn2',
                                     'res3',
                                     'bn3',
                                     'res4',
                                     'bn4',
                                     'gamma',
                                     'beta'],
             'IMAGE_STRIDE': 0,
             'NUM_ANCHORS': 9,
             'PIXEL_MEANS': array([ 103.06,  115.9 ,  123.15]),
             'RCNN_FEAT_STRIDE': 16,
             'RPN_FEAT_STRIDE': 16,
             'pretrained': './model/pretrained_model/resnet_v1_101',
             'pretrained_epoch': 0},
 'output_path': './output/fcis/Human',
 'symbol': 'resnet_v1_101_fcis'}

2017-08-13 13:49:25,664 Epoch[0] Batch [100]	Speed: 0.91 samples/sec	Train-RPNAcc=0.749768,	RPNLogLoss=0.498660,	RPNL1Loss=0.327425,	FCISAcc=0.495823,	FCISAccFG=0.211340,	FCISLogLoss=0.694262,	FCISL1Loss=0.051937,	FCISMaskLoss=0.696478,	
2017-08-13 13:51:16,119 Epoch[0] Batch [200]	Speed: 0.91 samples/sec	Train-RPNAcc=0.787255,	RPNLogLoss=0.435591,	RPNL1Loss=0.323437,	FCISAcc=0.696401,	FCISAccFG=0.118943,	FCISLogLoss=0.688429,	FCISL1Loss=0.044705,	FCISMaskLoss=0.692961,	
2017-08-13 13:53:06,995 Epoch[0] Batch [300]	Speed: 0.90 samples/sec	Train-RPNAcc=0.807620,	RPNLogLoss=0.405611,	RPNL1Loss=0.329036,	FCISAcc=0.761732,	FCISAccFG=0.076843,	FCISLogLoss=0.680723,	FCISL1Loss=0.046178,	FCISMaskLoss=0.687949,	
2017-08-13 13:54:57,172 Epoch[0] Batch [400]	Speed: 0.91 samples/sec	Train-RPNAcc=0.825105,	RPNLogLoss=0.374596,	RPNL1Loss=0.332294,	FCISAcc=0.791673,	FCISAccFG=0.055225,	FCISLogLoss=0.625935,	FCISL1Loss=0.048791,	FCISMaskLoss=0.668719,	
2017-08-13 13:56:47,978 Epoch[0] Batch [500]	Speed: 0.90 samples/sec	Train-RPNAcc=0.841489,	RPNLogLoss=0.344894,	RPNL1Loss=0.317424,	FCISAcc=0.805311,	FCISAccFG=0.041423,	FCISLogLoss=0.581171,	FCISL1Loss=0.054103,	FCISMaskLoss=0.634249,	
2017-08-13 13:58:39,356 Epoch[0] Batch [600]	Speed: 0.90 samples/sec	Train-RPNAcc=0.851335,	RPNLogLoss=0.328992,	RPNL1Loss=0.317390,	FCISAcc=0.814736,	FCISAccFG=0.033233,	FCISLogLoss=0.551781,	FCISL1Loss=0.056780,	FCISMaskLoss=0.615116,	
2017-08-13 14:00:30,298 Epoch[0] Batch [700]	Speed: 0.90 samples/sec	Train-RPNAcc=0.859726,	RPNLogLoss=0.313342,	RPNL1Loss=0.307815,	FCISAcc=0.819020,	FCISAccFG=0.027188,	FCISLogLoss=0.531771,	FCISL1Loss=0.059130,	FCISMaskLoss=0.593335,	
2017-08-13 14:02:26,464 Epoch[0] Batch [800]	Speed: 0.86 samples/sec	Train-RPNAcc=0.866602,	RPNLogLoss=0.302323,	RPNL1Loss=0.305367,	FCISAcc=0.818294,	FCISAccFG=0.022379,	FCISLogLoss=0.522037,	FCISL1Loss=0.062673,	FCISMaskLoss=0.573258,	
2017-08-13 14:04:21,174 Epoch[0] Batch [900]	Speed: 0.87 samples/sec	Train-RPNAcc=0.871250,	RPNLogLoss=0.293433,	RPNL1Loss=0.297975,	FCISAcc=0.819021,	FCISAccFG=0.019280,	FCISLogLoss=0.510682,	FCISL1Loss=0.064535,	FCISMaskLoss=0.556230,	
2017-08-13 14:06:14,163 Epoch[0] Batch [1000]	Speed: 0.89 samples/sec	Train-RPNAcc=0.876604,	RPNLogLoss=0.283054,	RPNL1Loss=0.287963,	FCISAcc=0.817643,	FCISAccFG=0.016781,	FCISLogLoss=0.505606,	FCISL1Loss=0.067118,	FCISMaskLoss=0.540546,	
2017-08-13 14:08:09,685 Epoch[0] Batch [1100]	Speed: 0.87 samples/sec	Train-RPNAcc=0.880719,	RPNLogLoss=0.274511,	RPNL1Loss=0.289153,	FCISAcc=0.819532,	FCISAccFG=0.015498,	FCISLogLoss=0.496261,	FCISL1Loss=0.067395,	FCISMaskLoss=0.532160,	
2017-08-13 14:10:06,091 Epoch[0] Batch [1200]	Speed: 0.86 samples/sec	Train-RPNAcc=0.883596,	RPNLogLoss=0.269852,	RPNL1Loss=0.287694,	FCISAcc=0.820651,	FCISAccFG=0.015344,	FCISLogLoss=0.487595,	FCISL1Loss=0.067300,	FCISMaskLoss=0.521720,	
2017-08-13 14:12:00,704 Epoch[0] Batch [1300]	Speed: 0.87 samples/sec	Train-RPNAcc=0.886791,	RPNLogLoss=0.263586,	RPNL1Loss=0.280074,	FCISAcc=0.819796,	FCISAccFG=0.018539,	FCISLogLoss=0.482987,	FCISL1Loss=0.068585,	FCISMaskLoss=0.514503,	
2017-08-13 14:13:56,530 Epoch[0] Batch [1400]	Speed: 0.86 samples/sec	Train-RPNAcc=0.889510,	RPNLogLoss=0.257820,	RPNL1Loss=0.275776,	FCISAcc=0.819677,	FCISAccFG=0.019173,	FCISLogLoss=0.479369,	FCISL1Loss=0.069391,	FCISMaskLoss=0.506578,	
2017-08-13 14:15:49,106 Epoch[0] Batch [1500]	Speed: 0.89 samples/sec	Train-RPNAcc=0.891185,	RPNLogLoss=0.254003,	RPNL1Loss=0.272837,	FCISAcc=0.818423,	FCISAccFG=0.020159,	FCISLogLoss=0.477497,	FCISL1Loss=0.070358,	FCISMaskLoss=0.502802,	
2017-08-13 14:17:44,913 Epoch[0] Batch [1600]	Speed: 0.86 samples/sec	Train-RPNAcc=0.893792,	RPNLogLoss=0.248883,	RPNL1Loss=0.270267,	FCISAcc=0.816692,	FCISAccFG=0.025301,	FCISLogLoss=0.476860,	FCISL1Loss=0.071612,	FCISMaskLoss=0.495683,	
2017-08-13 14:19:39,459 Epoch[0] Batch [1700]	Speed: 0.87 samples/sec	Train-RPNAcc=0.896646,	RPNLogLoss=0.243615,	RPNL1Loss=0.265101,	FCISAcc=0.817603,	FCISAccFG=0.028011,	FCISLogLoss=0.471511,	FCISL1Loss=0.071435,	FCISMaskLoss=0.488466,	
2017-08-13 14:21:31,622 Epoch[0] Batch [1800]	Speed: 0.89 samples/sec	Train-RPNAcc=0.898171,	RPNLogLoss=0.240575,	RPNL1Loss=0.264078,	FCISAcc=0.818391,	FCISAccFG=0.033144,	FCISLogLoss=0.467194,	FCISL1Loss=0.071523,	FCISMaskLoss=0.483133,	
2017-08-13 14:23:25,235 Epoch[0] Batch [1900]	Speed: 0.88 samples/sec	Train-RPNAcc=0.899298,	RPNLogLoss=0.238919,	RPNL1Loss=0.264919,	FCISAcc=0.818254,	FCISAccFG=0.038755,	FCISLogLoss=0.464722,	FCISL1Loss=0.072126,	FCISMaskLoss=0.480407,	
2017-08-13 14:25:19,763 Epoch[0] Batch [2000]	Speed: 0.87 samples/sec	Train-RPNAcc=0.901131,	RPNLogLoss=0.235091,	RPNL1Loss=0.261033,	FCISAcc=0.817892,	FCISAccFG=0.046117,	FCISLogLoss=0.463147,	FCISL1Loss=0.072947,	FCISMaskLoss=0.477153,	
2017-08-13 14:27:13,274 Epoch[0] Batch [2100]	Speed: 0.88 samples/sec	Train-RPNAcc=0.901749,	RPNLogLoss=0.234442,	RPNL1Loss=0.259756,	FCISAcc=0.817959,	FCISAccFG=0.049894,	FCISLogLoss=0.461092,	FCISL1Loss=0.073194,	FCISMaskLoss=0.475396,	
2017-08-13 14:28:31,183 Epoch[0] Batch [2200]	Speed: 1.28 samples/sec	Train-RPNAcc=0.902619,	RPNLogLoss=0.232839,	RPNL1Loss=0.257972,	FCISAcc=0.819404,	FCISAccFG=0.055673,	FCISLogLoss=0.456464,	FCISL1Loss=0.072929,	FCISMaskLoss=0.472152,	
2017-08-13 14:29:29,279 Epoch[0] Batch [2300]	Speed: 1.72 samples/sec	Train-RPNAcc=0.904153,	RPNLogLoss=0.229905,	RPNL1Loss=0.256679,	FCISAcc=0.818754,	FCISAccFG=0.060401,	FCISLogLoss=0.455863,	FCISL1Loss=0.073425,	FCISMaskLoss=0.468982,	
2017-08-13 14:29:52,514 Epoch[0] Batch [2400]	Speed: 4.30 samples/sec	Train-RPNAcc=0.905563,	RPNLogLoss=0.226963,	RPNL1Loss=0.255683,	FCISAcc=0.818686,	FCISAccFG=0.065121,	FCISLogLoss=0.454185,	FCISL1Loss=0.073671,	FCISMaskLoss=0.464750,	
2017-08-13 14:30:15,826 Epoch[0] Batch [2500]	Speed: 4.29 samples/sec	Train-RPNAcc=0.906683,	RPNLogLoss=0.224745,	RPNL1Loss=0.254192,	FCISAcc=0.818960,	FCISAccFG=0.072934,	FCISLogLoss=0.452612,	FCISL1Loss=0.073673,	FCISMaskLoss=0.460853,	
2017-08-13 14:30:38,514 Epoch[0] Batch [2600]	Speed: 4.41 samples/sec	Train-RPNAcc=0.907815,	RPNLogLoss=0.222619,	RPNL1Loss=0.251840,	FCISAcc=0.818754,	FCISAccFG=0.079349,	FCISLogLoss=0.451627,	FCISL1Loss=0.074167,	FCISMaskLoss=0.458517,	
2017-08-13 14:31:01,582 Epoch[0] Batch [2700]	Speed: 4.34 samples/sec	Train-RPNAcc=0.908596,	RPNLogLoss=0.220912,	RPNL1Loss=0.246233,	FCISAcc=0.819479,	FCISAccFG=0.082181,	FCISLogLoss=0.448905,	FCISL1Loss=0.074106,	FCISMaskLoss=0.456786,	
2017-08-13 14:31:24,270 Epoch[0] Batch [2800]	Speed: 4.41 samples/sec	Train-RPNAcc=0.909437,	RPNLogLoss=0.219035,	RPNL1Loss=0.245350,	FCISAcc=0.818148,	FCISAccFG=0.090297,	FCISLogLoss=0.449054,	FCISL1Loss=0.074981,	FCISMaskLoss=0.455729,	
2017-08-13 14:31:46,474 Epoch[0] Batch [2900]	Speed: 4.50 samples/sec	Train-RPNAcc=0.910198,	RPNLogLoss=0.217724,	RPNL1Loss=0.245531,	FCISAcc=0.818312,	FCISAccFG=0.099740,	FCISLogLoss=0.447423,	FCISL1Loss=0.075070,	FCISMaskLoss=0.453364,	
2017-08-13 14:32:10,056 Epoch[0] Batch [3000]	Speed: 4.24 samples/sec	Train-RPNAcc=0.910941,	RPNLogLoss=0.216259,	RPNL1Loss=0.246366,	FCISAcc=0.818394,	FCISAccFG=0.107530,	FCISLogLoss=0.445798,	FCISL1Loss=0.075156,	FCISMaskLoss=0.451194,	
2017-08-13 14:32:31,281 Epoch[0] Batch [3100]	Speed: 4.71 samples/sec	Train-RPNAcc=0.912075,	RPNLogLoss=0.213888,	RPNL1Loss=0.243122,	FCISAcc=0.818370,	FCISAccFG=0.114903,	FCISLogLoss=0.445127,	FCISL1Loss=0.075518,	FCISMaskLoss=0.449609,	
2017-08-13 14:32:53,635 Epoch[0] Batch [3200]	Speed: 4.47 samples/sec	Train-RPNAcc=0.912749,	RPNLogLoss=0.212738,	RPNL1Loss=0.242819,	FCISAcc=0.818750,	FCISAccFG=0.119204,	FCISLogLoss=0.443757,	FCISL1Loss=0.075453,	FCISMaskLoss=0.448438,	
2017-08-13 14:33:17,522 Epoch[0] Batch [3300]	Speed: 4.19 samples/sec	Train-RPNAcc=0.913285,	RPNLogLoss=0.211709,	RPNL1Loss=0.242311,	FCISAcc=0.818599,	FCISAccFG=0.125600,	FCISLogLoss=0.442871,	FCISL1Loss=0.075643,	FCISMaskLoss=0.447463,	
2017-08-13 14:33:40,998 Epoch[0] Batch [3400]	Speed: 4.26 samples/sec	Train-RPNAcc=0.913886,	RPNLogLoss=0.210631,	RPNL1Loss=0.241123,	FCISAcc=0.818985,	FCISAccFG=0.131955,	FCISLogLoss=0.441686,	FCISL1Loss=0.075749,	FCISMaskLoss=0.445799,	
2017-08-13 14:34:03,740 Epoch[0] Batch [3500]	Speed: 4.40 samples/sec	Train-RPNAcc=0.914596,	RPNLogLoss=0.209265,	RPNL1Loss=0.239604,	FCISAcc=0.818701,	FCISAccFG=0.137008,	FCISLogLoss=0.441478,	FCISL1Loss=0.076014,	FCISMaskLoss=0.443950,	
2017-08-13 14:34:26,651 Epoch[0] Batch [3600]	Speed: 4.36 samples/sec	Train-RPNAcc=0.915166,	RPNLogLoss=0.207999,	RPNL1Loss=0.237688,	FCISAcc=0.818577,	FCISAccFG=0.142516,	FCISLogLoss=0.441010,	FCISL1Loss=0.076040,	FCISMaskLoss=0.441786,	
2017-08-13 14:34:48,956 Epoch[0] Batch [3700]	Speed: 4.48 samples/sec	Train-RPNAcc=0.915944,	RPNLogLoss=0.206346,	RPNL1Loss=0.236054,	FCISAcc=0.818706,	FCISAccFG=0.147156,	FCISLogLoss=0.439773,	FCISL1Loss=0.076018,	FCISMaskLoss=0.440860,	
2017-08-13 14:35:11,060 Epoch[0] Batch [3800]	Speed: 4.52 samples/sec	Train-RPNAcc=0.916440,	RPNLogLoss=0.205413,	RPNL1Loss=0.234117,	FCISAcc=0.818158,	FCISAccFG=0.151417,	FCISLogLoss=0.440141,	FCISL1Loss=0.076402,	FCISMaskLoss=0.440239,	
2017-08-13 14:35:34,211 Epoch[0] Batch [3900]	Speed: 4.32 samples/sec	Train-RPNAcc=0.916996,	RPNLogLoss=0.204187,	RPNL1Loss=0.233227,	FCISAcc=0.818806,	FCISAccFG=0.153125,	FCISLogLoss=0.438795,	FCISL1Loss=0.076210,	FCISMaskLoss=0.439753,	
2017-08-13 14:35:57,206 Epoch[0] Batch [4000]	Speed: 4.35 samples/sec	Train-RPNAcc=0.917596,	RPNLogLoss=0.202982,	RPNL1Loss=0.232024,	FCISAcc=0.818799,	FCISAccFG=0.157875,	FCISLogLoss=0.438087,	FCISL1Loss=0.076285,	FCISMaskLoss=0.438659,	
2017-08-13 14:36:19,460 Epoch[0] Batch [4100]	Speed: 4.49 samples/sec	Train-RPNAcc=0.918224,	RPNLogLoss=0.201467,	RPNL1Loss=0.229960,	FCISAcc=0.819747,	FCISAccFG=0.160554,	FCISLogLoss=0.435748,	FCISL1Loss=0.075942,	FCISMaskLoss=0.437678,	
2017-08-13 14:36:43,538 Epoch[0] Batch [4200]	Speed: 4.15 samples/sec	Train-RPNAcc=0.918503,	RPNLogLoss=0.200973,	RPNL1Loss=0.231387,	FCISAcc=0.818834,	FCISAccFG=0.165106,	FCISLogLoss=0.436166,	FCISL1Loss=0.076386,	FCISMaskLoss=0.437329,	
2017-08-13 14:37:06,486 Epoch[0] Batch [4300]	Speed: 4.36 samples/sec	Train-RPNAcc=0.918760,	RPNLogLoss=0.200279,	RPNL1Loss=0.230423,	FCISAcc=0.819266,	FCISAccFG=0.169087,	FCISLogLoss=0.434757,	FCISL1Loss=0.076220,	FCISMaskLoss=0.436231,	
2017-08-13 14:37:28,896 Epoch[0] Batch [4400]	Speed: 4.46 samples/sec	Train-RPNAcc=0.919228,	RPNLogLoss=0.199291,	RPNL1Loss=0.229148,	FCISAcc=0.819768,	FCISAccFG=0.173701,	FCISLogLoss=0.433283,	FCISL1Loss=0.076048,	FCISMaskLoss=0.435039,	
2017-08-13 14:37:51,638 Epoch[0] Batch [4500]	Speed: 4.40 samples/sec	Train-RPNAcc=0.919583,	RPNLogLoss=0.198736,	RPNL1Loss=0.227356,	FCISAcc=0.819306,	FCISAccFG=0.177146,	FCISLogLoss=0.433223,	FCISL1Loss=0.076359,	FCISMaskLoss=0.433942,	
2017-08-13 14:38:16,941 Epoch[0] Batch [4600]	Speed: 3.95 samples/sec	Train-RPNAcc=0.920015,	RPNLogLoss=0.197962,	RPNL1Loss=0.227148,	FCISAcc=0.819275,	FCISAccFG=0.180863,	FCISLogLoss=0.432751,	FCISL1Loss=0.076402,	FCISMaskLoss=0.432653,	
2017-08-13 14:38:40,217 Epoch[0] Batch [4700]	Speed: 4.30 samples/sec	Train-RPNAcc=0.920302,	RPNLogLoss=0.197261,	RPNL1Loss=0.226738,	FCISAcc=0.819005,	FCISAccFG=0.185477,	FCISLogLoss=0.432795,	FCISL1Loss=0.076535,	FCISMaskLoss=0.431622,	
2017-08-13 14:39:02,404 Epoch[0] Batch [4800]	Speed: 4.51 samples/sec	Train-RPNAcc=0.920567,	RPNLogLoss=0.196683,	RPNL1Loss=0.225733,	FCISAcc=0.818410,	FCISAccFG=0.190413,	FCISLogLoss=0.433199,	FCISL1Loss=0.076883,	FCISMaskLoss=0.430702,	
2017-08-13 14:39:26,055 Epoch[0] Batch [4900]	Speed: 4.23 samples/sec	Train-RPNAcc=0.920938,	RPNLogLoss=0.195946,	RPNL1Loss=0.225874,	FCISAcc=0.818671,	FCISAccFG=0.194253,	FCISLogLoss=0.432541,	FCISL1Loss=0.076855,	FCISMaskLoss=0.430374,	
2017-08-13 14:39:48,764 Epoch[0] Batch [5000]	Speed: 4.40 samples/sec	Train-RPNAcc=0.921425,	RPNLogLoss=0.194823,	RPNL1Loss=0.225640,	FCISAcc=0.818636,	FCISAccFG=0.197558,	FCISLogLoss=0.432237,	FCISL1Loss=0.076773,	FCISMaskLoss=0.428894,	
2017-08-13 14:40:11,404 Epoch[0] Batch [5100]	Speed: 4.42 samples/sec	Train-RPNAcc=0.921822,	RPNLogLoss=0.193927,	RPNL1Loss=0.224514,	FCISAcc=0.818919,	FCISAccFG=0.199450,	FCISLogLoss=0.431474,	FCISL1Loss=0.076704,	FCISMaskLoss=0.428075,	
2017-08-13 14:40:34,186 Epoch[0] Batch [5200]	Speed: 4.39 samples/sec	Train-RPNAcc=0.921976,	RPNLogLoss=0.193730,	RPNL1Loss=0.224968,	FCISAcc=0.818532,	FCISAccFG=0.204100,	FCISLogLoss=0.431488,	FCISL1Loss=0.076910,	FCISMaskLoss=0.427846,	
2017-08-13 14:40:56,769 Epoch[0] Batch [5300]	Speed: 4.43 samples/sec	Train-RPNAcc=0.922386,	RPNLogLoss=0.192973,	RPNL1Loss=0.224788,	FCISAcc=0.818498,	FCISAccFG=0.208350,	FCISLogLoss=0.430991,	FCISL1Loss=0.076886,	FCISMaskLoss=0.426565,	
2017-08-13 14:41:20,824 Epoch[0] Batch [5400]	Speed: 4.16 samples/sec	Train-RPNAcc=0.922521,	RPNLogLoss=0.192782,	RPNL1Loss=0.225472,	FCISAcc=0.818358,	FCISAccFG=0.213091,	FCISLogLoss=0.430708,	FCISL1Loss=0.076919,	FCISMaskLoss=0.426149,	
2017-08-13 14:41:43,164 Epoch[0] Batch [5500]	Speed: 4.48 samples/sec	Train-RPNAcc=0.922783,	RPNLogLoss=0.192186,	RPNL1Loss=0.224469,	FCISAcc=0.818422,	FCISAccFG=0.218052,	FCISLogLoss=0.430255,	FCISL1Loss=0.076934,	FCISMaskLoss=0.424442,	
2017-08-13 14:42:05,728 Epoch[0] Batch [5600]	Speed: 4.43 samples/sec	Train-RPNAcc=0.923037,	RPNLogLoss=0.191673,	RPNL1Loss=0.223842,	FCISAcc=0.818741,	FCISAccFG=0.221413,	FCISLogLoss=0.429202,	FCISL1Loss=0.076811,	FCISMaskLoss=0.423482,	
2017-08-13 14:42:28,247 Epoch[0] Batch [5700]	Speed: 4.44 samples/sec	Train-RPNAcc=0.923352,	RPNLogLoss=0.191110,	RPNL1Loss=0.224257,	FCISAcc=0.819213,	FCISAccFG=0.224258,	FCISLogLoss=0.427902,	FCISL1Loss=0.076513,	FCISMaskLoss=0.422977,	
2017-08-13 14:42:51,711 Epoch[0] Batch [5800]	Speed: 4.26 samples/sec	Train-RPNAcc=0.923817,	RPNLogLoss=0.190032,	RPNL1Loss=0.223469,	FCISAcc=0.819113,	FCISAccFG=0.227928,	FCISLogLoss=0.427517,	FCISL1Loss=0.076683,	FCISMaskLoss=0.422123,	
2017-08-13 14:43:13,590 Epoch[0] Batch [5900]	Speed: 4.57 samples/sec	Train-RPNAcc=0.924251,	RPNLogLoss=0.189205,	RPNL1Loss=0.222070,	FCISAcc=0.818840,	FCISAccFG=0.232514,	FCISLogLoss=0.427640,	FCISL1Loss=0.076895,	FCISMaskLoss=0.420773,	
2017-08-13 14:43:37,100 Epoch[0] Batch [6000]	Speed: 4.25 samples/sec	Train-RPNAcc=0.924545,	RPNLogLoss=0.188498,	RPNL1Loss=0.221019,	FCISAcc=0.819085,	FCISAccFG=0.235940,	FCISLogLoss=0.427032,	FCISL1Loss=0.076800,	FCISMaskLoss=0.419765,	
2017-08-13 14:44:00,306 Epoch[0] Batch [6100]	Speed: 4.31 samples/sec	Train-RPNAcc=0.924786,	RPNLogLoss=0.188197,	RPNL1Loss=0.220291,	FCISAcc=0.819116,	FCISAccFG=0.238497,	FCISLogLoss=0.426477,	FCISL1Loss=0.076735,	FCISMaskLoss=0.419009,	
2017-08-13 14:44:23,860 Epoch[0] Batch [6200]	Speed: 4.25 samples/sec	Train-RPNAcc=0.925044,	RPNLogLoss=0.187510,	RPNL1Loss=0.218981,	FCISAcc=0.818648,	FCISAccFG=0.241275,	FCISLogLoss=0.427012,	FCISL1Loss=0.077047,	FCISMaskLoss=0.418563,	
2017-08-13 14:46:17,414 Epoch[0] Batch [6300]	Speed: 0.88 samples/sec	Train-RPNAcc=0.925460,	RPNLogLoss=0.186685,	RPNL1Loss=0.219273,	FCISAcc=0.818893,	FCISAccFG=0.244145,	FCISLogLoss=0.426419,	FCISL1Loss=0.076879,	FCISMaskLoss=0.417840,	
2017-08-13 14:46:56,497 Epoch[0] Batch [6400]	Speed: 2.56 samples/sec	Train-RPNAcc=0.925804,	RPNLogLoss=0.185985,	RPNL1Loss=0.218171,	FCISAcc=0.819235,	FCISAccFG=0.246078,	FCISLogLoss=0.425674,	FCISL1Loss=0.076780,	FCISMaskLoss=0.417148,	
2017-08-13 14:47:18,470 Epoch[0] Batch [6500]	Speed: 4.55 samples/sec	Train-RPNAcc=0.926143,	RPNLogLoss=0.185379,	RPNL1Loss=0.217873,	FCISAcc=0.819135,	FCISAccFG=0.248981,	FCISLogLoss=0.425633,	FCISL1Loss=0.076865,	FCISMaskLoss=0.416566,	
2017-08-13 14:47:41,670 Epoch[0] Batch [6600]	Speed: 4.31 samples/sec	Train-RPNAcc=0.926218,	RPNLogLoss=0.185150,	RPNL1Loss=0.217692,	FCISAcc=0.818530,	FCISAccFG=0.253503,	FCISLogLoss=0.426257,	FCISL1Loss=0.077211,	FCISMaskLoss=0.416012,	
2017-08-13 14:48:03,827 Epoch[0] Batch [6700]	Speed: 4.51 samples/sec	Train-RPNAcc=0.926545,	RPNLogLoss=0.184456,	RPNL1Loss=0.216609,	FCISAcc=0.818389,	FCISAccFG=0.256333,	FCISLogLoss=0.426181,	FCISL1Loss=0.077292,	FCISMaskLoss=0.415339,	
2017-08-13 14:48:25,890 Epoch[0] Batch [6800]	Speed: 4.53 samples/sec	Train-RPNAcc=0.926838,	RPNLogLoss=0.183799,	RPNL1Loss=0.215540,	FCISAcc=0.818206,	FCISAccFG=0.258872,	FCISLogLoss=0.426285,	FCISL1Loss=0.077436,	FCISMaskLoss=0.414622,	
2017-08-13 14:48:48,233 Epoch[0] Batch [6900]	Speed: 4.48 samples/sec	Train-RPNAcc=0.926969,	RPNLogLoss=0.183465,	RPNL1Loss=0.215072,	FCISAcc=0.818141,	FCISAccFG=0.262043,	FCISLogLoss=0.426061,	FCISL1Loss=0.077449,	FCISMaskLoss=0.413610,	
2017-08-13 14:49:10,575 Epoch[0] Batch [7000]	Speed: 4.48 samples/sec	Train-RPNAcc=0.927268,	RPNLogLoss=0.182802,	RPNL1Loss=0.213637,	FCISAcc=0.817980,	FCISAccFG=0.263712,	FCISLogLoss=0.426149,	FCISL1Loss=0.077598,	FCISMaskLoss=0.413039,	
2017-08-13 14:49:34,167 Epoch[0] Batch [7100]	Speed: 4.24 samples/sec	Train-RPNAcc=0.927563,	RPNLogLoss=0.182193,	RPNL1Loss=0.213034,	FCISAcc=0.818072,	FCISAccFG=0.266804,	FCISLogLoss=0.425667,	FCISL1Loss=0.077555,	FCISMaskLoss=0.412219,	
2017-08-13 14:49:56,407 Epoch[0] Batch [7200]	Speed: 4.50 samples/sec	Train-RPNAcc=0.927859,	RPNLogLoss=0.181490,	RPNL1Loss=0.213645,	FCISAcc=0.818392,	FCISAccFG=0.271214,	FCISLogLoss=0.424874,	FCISL1Loss=0.077356,	FCISMaskLoss=0.410907,	
2017-08-13 14:50:19,150 Epoch[0] Batch [7300]	Speed: 4.40 samples/sec	Train-RPNAcc=0.928121,	RPNLogLoss=0.180917,	RPNL1Loss=0.213337,	FCISAcc=0.818382,	FCISAccFG=0.273225,	FCISLogLoss=0.424715,	FCISL1Loss=0.077371,	FCISMaskLoss=0.410208,	
2017-08-13 14:50:42,745 Epoch[0] Batch [7400]	Speed: 4.24 samples/sec	Train-RPNAcc=0.928318,	RPNLogLoss=0.180514,	RPNL1Loss=0.213126,	FCISAcc=0.818226,	FCISAccFG=0.275868,	FCISLogLoss=0.424676,	FCISL1Loss=0.077444,	FCISMaskLoss=0.409606,	
2017-08-13 14:51:05,188 Epoch[0] Batch [7500]	Speed: 4.46 samples/sec	Train-RPNAcc=0.928398,	RPNLogLoss=0.180328,	RPNL1Loss=0.213386,	FCISAcc=0.818239,	FCISAccFG=0.277537,	FCISLogLoss=0.424463,	FCISL1Loss=0.077370,	FCISMaskLoss=0.409258,	
2017-08-13 14:51:27,387 Epoch[0] Batch [7600]	Speed: 4.50 samples/sec	Train-RPNAcc=0.928463,	RPNLogLoss=0.180071,	RPNL1Loss=0.212607,	FCISAcc=0.818337,	FCISAccFG=0.279403,	FCISLogLoss=0.424033,	FCISL1Loss=0.077313,	FCISMaskLoss=0.408743,	
2017-08-13 14:51:48,256 Epoch[0] Batch [7700]	Speed: 4.79 samples/sec	Train-RPNAcc=0.928611,	RPNLogLoss=0.179899,	RPNL1Loss=0.213056,	FCISAcc=0.817941,	FCISAccFG=0.281812,	FCISLogLoss=0.424430,	FCISL1Loss=0.077424,	FCISMaskLoss=0.408235,	
2017-08-13 14:52:10,319 Epoch[0] Batch [7800]	Speed: 4.53 samples/sec	Train-RPNAcc=0.928887,	RPNLogLoss=0.179233,	RPNL1Loss=0.212526,	FCISAcc=0.818023,	FCISAccFG=0.283940,	FCISLogLoss=0.424127,	FCISL1Loss=0.077398,	FCISMaskLoss=0.407603,	
2017-08-13 14:52:32,256 Epoch[0] Batch [7900]	Speed: 4.56 samples/sec	Train-RPNAcc=0.929112,	RPNLogLoss=0.178747,	RPNL1Loss=0.212021,	FCISAcc=0.818041,	FCISAccFG=0.286138,	FCISLogLoss=0.423827,	FCISL1Loss=0.077368,	FCISMaskLoss=0.406768,	
2017-08-13 14:52:54,133 Epoch[0] Batch [8000]	Speed: 4.57 samples/sec	Train-RPNAcc=0.929449,	RPNLogLoss=0.178070,	RPNL1Loss=0.212051,	FCISAcc=0.818276,	FCISAccFG=0.287843,	FCISLogLoss=0.423496,	FCISL1Loss=0.077259,	FCISMaskLoss=0.406189,	
2017-08-13 14:53:16,314 Epoch[0] Batch [8100]	Speed: 4.51 samples/sec	Train-RPNAcc=0.929484,	RPNLogLoss=0.178015,	RPNL1Loss=0.212424,	FCISAcc=0.818136,	FCISAccFG=0.290763,	FCISLogLoss=0.423374,	FCISL1Loss=0.077303,	FCISMaskLoss=0.405645,	
2017-08-13 14:53:38,245 Epoch[0] Batch [8200]	Speed: 4.56 samples/sec	Train-RPNAcc=0.929656,	RPNLogLoss=0.177594,	RPNL1Loss=0.212144,	FCISAcc=0.818277,	FCISAccFG=0.293000,	FCISLogLoss=0.422859,	FCISL1Loss=0.077221,	FCISMaskLoss=0.405253,	
2017-08-13 14:53:59,518 Epoch[0] Batch [8300]	Speed: 4.70 samples/sec	Train-RPNAcc=0.929841,	RPNLogLoss=0.177210,	RPNL1Loss=0.211967,	FCISAcc=0.818605,	FCISAccFG=0.294731,	FCISLogLoss=0.422241,	FCISL1Loss=0.077064,	FCISMaskLoss=0.404536,	
2017-08-13 14:54:21,136 Epoch[0] Batch [8400]	Speed: 4.63 samples/sec	Train-RPNAcc=0.930124,	RPNLogLoss=0.176616,	RPNL1Loss=0.211296,	FCISAcc=0.818609,	FCISAccFG=0.296365,	FCISLogLoss=0.421978,	FCISL1Loss=0.077057,	FCISMaskLoss=0.403977,	
2017-08-13 14:54:42,757 Epoch[0] Batch [8500]	Speed: 4.63 samples/sec	Train-RPNAcc=0.930328,	RPNLogLoss=0.176162,	RPNL1Loss=0.211610,	FCISAcc=0.818708,	FCISAccFG=0.296845,	FCISLogLoss=0.421562,	FCISL1Loss=0.076993,	FCISMaskLoss=0.403559,	
2017-08-13 14:55:04,714 Epoch[0] Batch [8600]	Speed: 4.55 samples/sec	Train-RPNAcc=0.930565,	RPNLogLoss=0.175699,	RPNL1Loss=0.211402,	FCISAcc=0.818477,	FCISAccFG=0.299426,	FCISLogLoss=0.421640,	FCISL1Loss=0.077076,	FCISMaskLoss=0.403191,	
2017-08-13 14:55:26,334 Epoch[0] Batch [8700]	Speed: 4.63 samples/sec	Train-RPNAcc=0.930700,	RPNLogLoss=0.175396,	RPNL1Loss=0.210640,	FCISAcc=0.818721,	FCISAccFG=0.301203,	FCISLogLoss=0.421022,	FCISL1Loss=0.076981,	FCISMaskLoss=0.402550,	
2017-08-13 14:55:48,087 Epoch[0] Batch [8800]	Speed: 4.60 samples/sec	Train-RPNAcc=0.930908,	RPNLogLoss=0.174932,	RPNL1Loss=0.209905,	FCISAcc=0.818653,	FCISAccFG=0.303873,	FCISLogLoss=0.421030,	FCISL1Loss=0.077004,	FCISMaskLoss=0.401800,	
2017-08-13 14:56:10,235 Epoch[0] Batch [8900]	Speed: 4.52 samples/sec	Train-RPNAcc=0.931029,	RPNLogLoss=0.174666,	RPNL1Loss=0.209927,	FCISAcc=0.818491,	FCISAccFG=0.306092,	FCISLogLoss=0.421256,	FCISL1Loss=0.077126,	FCISMaskLoss=0.401633,	
2017-08-13 14:56:32,317 Epoch[0] Batch [9000]	Speed: 4.53 samples/sec	Train-RPNAcc=0.931122,	RPNLogLoss=0.174408,	RPNL1Loss=0.209923,	FCISAcc=0.818614,	FCISAccFG=0.308374,	FCISLogLoss=0.420891,	FCISL1Loss=0.077048,	FCISMaskLoss=0.401334,	
2017-08-13 14:56:54,100 Epoch[0] Batch [9100]	Speed: 4.59 samples/sec	Train-RPNAcc=0.931275,	RPNLogLoss=0.174123,	RPNL1Loss=0.209487,	FCISAcc=0.818676,	FCISAccFG=0.309485,	FCISLogLoss=0.420652,	FCISL1Loss=0.077033,	FCISMaskLoss=0.401041,	
2017-08-13 14:57:18,829 Epoch[0] Batch [9200]	Speed: 4.04 samples/sec	Train-RPNAcc=0.931498,	RPNLogLoss=0.173722,	RPNL1Loss=0.209082,	FCISAcc=0.818683,	FCISAccFG=0.311790,	FCISLogLoss=0.420571,	FCISL1Loss=0.077042,	FCISMaskLoss=0.400556,	
2017-08-13 14:57:40,602 Epoch[0] Batch [9300]	Speed: 4.59 samples/sec	Train-RPNAcc=0.931649,	RPNLogLoss=0.173361,	RPNL1Loss=0.208685,	FCISAcc=0.818444,	FCISAccFG=0.314763,	FCISLogLoss=0.420735,	FCISL1Loss=0.077109,	FCISMaskLoss=0.399667,	
2017-08-13 14:58:02,577 Epoch[0] Batch [9400]	Speed: 4.55 samples/sec	Train-RPNAcc=0.931765,	RPNLogLoss=0.173024,	RPNL1Loss=0.207956,	FCISAcc=0.818292,	FCISAccFG=0.317575,	FCISLogLoss=0.420707,	FCISL1Loss=0.077213,	FCISMaskLoss=0.398957,	
2017-08-13 14:58:24,286 Epoch[0] Batch [9500]	Speed: 4.61 samples/sec	Train-RPNAcc=0.931972,	RPNLogLoss=0.172606,	RPNL1Loss=0.207341,	FCISAcc=0.818198,	FCISAccFG=0.319874,	FCISLogLoss=0.420566,	FCISL1Loss=0.077203,	FCISMaskLoss=0.398339,	
2017-08-13 14:58:45,670 Epoch[0] Batch [9600]	Speed: 4.68 samples/sec	Train-RPNAcc=0.932244,	RPNLogLoss=0.171993,	RPNL1Loss=0.206568,	FCISAcc=0.818487,	FCISAccFG=0.322645,	FCISLogLoss=0.419881,	FCISL1Loss=0.077059,	FCISMaskLoss=0.397462,	
2017-08-13 14:59:07,319 Epoch[0] Batch [9700]	Speed: 4.62 samples/sec	Train-RPNAcc=0.932390,	RPNLogLoss=0.171636,	RPNL1Loss=0.205942,	FCISAcc=0.818451,	FCISAccFG=0.325227,	FCISLogLoss=0.419766,	FCISL1Loss=0.077118,	FCISMaskLoss=0.396874,	
2017-08-13 14:59:29,134 Epoch[0] Batch [9800]	Speed: 4.58 samples/sec	Train-RPNAcc=0.932485,	RPNLogLoss=0.171478,	RPNL1Loss=0.207210,	FCISAcc=0.818432,	FCISAccFG=0.327539,	FCISLogLoss=0.419689,	FCISL1Loss=0.077076,	FCISMaskLoss=0.396337,	
2017-08-13 14:59:51,319 Epoch[0] Batch [9900]	Speed: 4.51 samples/sec	Train-RPNAcc=0.932643,	RPNLogLoss=0.171183,	RPNL1Loss=0.207495,	FCISAcc=0.818588,	FCISAccFG=0.329058,	FCISLogLoss=0.419378,	FCISL1Loss=0.076988,	FCISMaskLoss=0.396079,	
2017-08-13 15:00:12,946 Epoch[0] Batch [10000]	Speed: 4.62 samples/sec	Train-RPNAcc=0.932892,	RPNLogLoss=0.170634,	RPNL1Loss=0.207293,	FCISAcc=0.818598,	FCISAccFG=0.331381,	FCISLogLoss=0.419202,	FCISL1Loss=0.077032,	FCISMaskLoss=0.395517,	
2017-08-13 15:00:34,782 Epoch[0] Batch [10100]	Speed: 4.58 samples/sec	Train-RPNAcc=0.933061,	RPNLogLoss=0.170297,	RPNL1Loss=0.207237,	FCISAcc=0.818566,	FCISAccFG=0.332959,	FCISLogLoss=0.419109,	FCISL1Loss=0.077066,	FCISMaskLoss=0.395219,	
2017-08-13 15:00:56,870 Epoch[0] Batch [10200]	Speed: 4.53 samples/sec	Train-RPNAcc=0.933296,	RPNLogLoss=0.169811,	RPNL1Loss=0.206920,	FCISAcc=0.818612,	FCISAccFG=0.334681,	FCISLogLoss=0.418900,	FCISL1Loss=0.077026,	FCISMaskLoss=0.394835,	
2017-08-13 15:01:18,195 Epoch[0] Batch [10300]	Speed: 4.69 samples/sec	Train-RPNAcc=0.933399,	RPNLogLoss=0.169601,	RPNL1Loss=0.206317,	FCISAcc=0.818865,	FCISAccFG=0.336370,	FCISLogLoss=0.418363,	FCISL1Loss=0.076902,	FCISMaskLoss=0.394562,	
2017-08-13 15:01:39,897 Epoch[0] Batch [10400]	Speed: 4.61 samples/sec	Train-RPNAcc=0.933489,	RPNLogLoss=0.169396,	RPNL1Loss=0.206334,	FCISAcc=0.818924,	FCISAccFG=0.337746,	FCISLogLoss=0.418053,	FCISL1Loss=0.076828,	FCISMaskLoss=0.394071,	
2017-08-13 15:02:01,895 Epoch[0] Batch [10500]	Speed: 4.55 samples/sec	Train-RPNAcc=0.933632,	RPNLogLoss=0.169132,	RPNL1Loss=0.206606,	FCISAcc=0.818982,	FCISAccFG=0.339817,	FCISLogLoss=0.417813,	FCISL1Loss=0.076788,	FCISMaskLoss=0.393740,	
2017-08-13 15:02:23,277 Epoch[0] Batch [10600]	Speed: 4.68 samples/sec	Train-RPNAcc=0.933743,	RPNLogLoss=0.168865,	RPNL1Loss=0.206713,	FCISAcc=0.819214,	FCISAccFG=0.341026,	FCISLogLoss=0.417270,	FCISL1Loss=0.076647,	FCISMaskLoss=0.393413,	
2017-08-13 15:02:45,282 Epoch[0] Batch [10700]	Speed: 4.54 samples/sec	Train-RPNAcc=0.933865,	RPNLogLoss=0.168577,	RPNL1Loss=0.206153,	FCISAcc=0.819340,	FCISAccFG=0.341804,	FCISLogLoss=0.417031,	FCISL1Loss=0.076594,	FCISMaskLoss=0.393420,	
2017-08-13 15:03:07,118 Epoch[0] Batch [10800]	Speed: 4.58 samples/sec	Train-RPNAcc=0.934003,	RPNLogLoss=0.168203,	RPNL1Loss=0.205985,	FCISAcc=0.819463,	FCISAccFG=0.342541,	FCISLogLoss=0.416778,	FCISL1Loss=0.076503,	FCISMaskLoss=0.393352,	
2017-08-13 15:03:28,868 Epoch[0] Batch [10900]	Speed: 4.60 samples/sec	Train-RPNAcc=0.934116,	RPNLogLoss=0.167913,	RPNL1Loss=0.205947,	FCISAcc=0.819480,	FCISAccFG=0.344210,	FCISLogLoss=0.416519,	FCISL1Loss=0.076462,	FCISMaskLoss=0.392909,	
2017-08-13 15:03:50,158 Epoch[0] Batch [11000]	Speed: 4.70 samples/sec	Train-RPNAcc=0.934262,	RPNLogLoss=0.167520,	RPNL1Loss=0.205712,	FCISAcc=0.819621,	FCISAccFG=0.345050,	FCISLogLoss=0.416099,	FCISL1Loss=0.076347,	FCISMaskLoss=0.392339,	
2017-08-13 15:04:11,477 Epoch[0] Batch [11100]	Speed: 4.69 samples/sec	Train-RPNAcc=0.934461,	RPNLogLoss=0.167091,	RPNL1Loss=0.205252,	FCISAcc=0.819677,	FCISAccFG=0.346574,	FCISLogLoss=0.415912,	FCISL1Loss=0.076356,	FCISMaskLoss=0.391918,	
2017-08-13 15:04:32,689 Epoch[0] Batch [11200]	Speed: 4.71 samples/sec	Train-RPNAcc=0.934668,	RPNLogLoss=0.166618,	RPNL1Loss=0.204697,	FCISAcc=0.819902,	FCISAccFG=0.348036,	FCISLogLoss=0.415396,	FCISL1Loss=0.076252,	FCISMaskLoss=0.391335,	
2017-08-13 15:04:54,974 Epoch[0] Batch [11300]	Speed: 4.49 samples/sec	Train-RPNAcc=0.934750,	RPNLogLoss=0.166392,	RPNL1Loss=0.204838,	FCISAcc=0.819940,	FCISAccFG=0.349776,	FCISLogLoss=0.415229,	FCISL1Loss=0.076212,	FCISMaskLoss=0.391370,	
2017-08-13 15:05:16,982 Epoch[0] Batch [11400]	Speed: 4.54 samples/sec	Train-RPNAcc=0.934891,	RPNLogLoss=0.166067,	RPNL1Loss=0.204801,	FCISAcc=0.820252,	FCISAccFG=0.351100,	FCISLogLoss=0.414575,	FCISL1Loss=0.076094,	FCISMaskLoss=0.391069,	
2017-08-13 15:05:38,228 Epoch[0] Batch [11500]	Speed: 4.71 samples/sec	Train-RPNAcc=0.935004,	RPNLogLoss=0.165821,	RPNL1Loss=0.204509,	FCISAcc=0.820504,	FCISAccFG=0.352280,	FCISLogLoss=0.414009,	FCISL1Loss=0.075947,	FCISMaskLoss=0.390743,	
2017-08-13 15:05:59,606 Epoch[0] Batch [11600]	Speed: 4.68 samples/sec	Train-RPNAcc=0.935142,	RPNLogLoss=0.165523,	RPNL1Loss=0.204366,	FCISAcc=0.820753,	FCISAccFG=0.353818,	FCISLogLoss=0.413447,	FCISL1Loss=0.075791,	FCISMaskLoss=0.390571,	
2017-08-13 15:06:21,552 Epoch[0] Batch [11700]	Speed: 4.56 samples/sec	Train-RPNAcc=0.935283,	RPNLogLoss=0.165195,	RPNL1Loss=0.204211,	FCISAcc=0.820713,	FCISAccFG=0.355374,	FCISLogLoss=0.413295,	FCISL1Loss=0.075835,	FCISMaskLoss=0.390133,	
2017-08-13 15:06:43,655 Epoch[0] Batch [11800]	Speed: 4.52 samples/sec	Train-RPNAcc=0.935318,	RPNLogLoss=0.165128,	RPNL1Loss=0.204225,	FCISAcc=0.820522,	FCISAccFG=0.357349,	FCISLogLoss=0.413543,	FCISL1Loss=0.075936,	FCISMaskLoss=0.389921,	
2017-08-13 15:07:05,413 Epoch[0] Batch [11900]	Speed: 4.60 samples/sec	Train-RPNAcc=0.935405,	RPNLogLoss=0.164881,	RPNL1Loss=0.204099,	FCISAcc=0.820495,	FCISAccFG=0.358927,	FCISLogLoss=0.413398,	FCISL1Loss=0.075923,	FCISMaskLoss=0.389428,	
2017-08-13 15:07:27,131 Epoch[0] Batch [12000]	Speed: 4.60 samples/sec	Train-RPNAcc=0.935425,	RPNLogLoss=0.164819,	RPNL1Loss=0.204544,	FCISAcc=0.820439,	FCISAccFG=0.360412,	FCISLogLoss=0.413297,	FCISL1Loss=0.075898,	FCISMaskLoss=0.389142,	
2017-08-13 15:07:49,169 Epoch[0] Batch [12100]	Speed: 4.54 samples/sec	Train-RPNAcc=0.935452,	RPNLogLoss=0.164708,	RPNL1Loss=0.204305,	FCISAcc=0.820305,	FCISAccFG=0.361724,	FCISLogLoss=0.413470,	FCISL1Loss=0.075986,	FCISMaskLoss=0.388587,	
2017-08-13 15:08:11,085 Epoch[0] Batch [12200]	Speed: 4.56 samples/sec	Train-RPNAcc=0.935514,	RPNLogLoss=0.164660,	RPNL1Loss=0.204136,	FCISAcc=0.820225,	FCISAccFG=0.363365,	FCISLogLoss=0.413505,	FCISL1Loss=0.076037,	FCISMaskLoss=0.388131,	
2017-08-13 15:08:32,838 Epoch[0] Batch [12300]	Speed: 4.60 samples/sec	Train-RPNAcc=0.935664,	RPNLogLoss=0.164355,	RPNL1Loss=0.203728,	FCISAcc=0.820262,	FCISAccFG=0.365126,	FCISLogLoss=0.413306,	FCISL1Loss=0.076019,	FCISMaskLoss=0.387699,	
2017-08-13 15:08:54,926 Epoch[0] Batch [12400]	Speed: 4.53 samples/sec	Train-RPNAcc=0.935743,	RPNLogLoss=0.164142,	RPNL1Loss=0.203705,	FCISAcc=0.820222,	FCISAccFG=0.366581,	FCISLogLoss=0.413216,	FCISL1Loss=0.076051,	FCISMaskLoss=0.387557,	
2017-08-13 15:09:17,094 Epoch[0] Batch [12500]	Speed: 4.51 samples/sec	Train-RPNAcc=0.935859,	RPNLogLoss=0.163901,	RPNL1Loss=0.203479,	FCISAcc=0.820296,	FCISAccFG=0.368695,	FCISLogLoss=0.412796,	FCISL1Loss=0.076076,	FCISMaskLoss=0.387549,	
2017-08-13 15:09:38,636 Epoch[0] Batch [12600]	Speed: 4.64 samples/sec	Train-RPNAcc=0.935912,	RPNLogLoss=0.163720,	RPNL1Loss=0.203955,	FCISAcc=0.820340,	FCISAccFG=0.370474,	FCISLogLoss=0.412576,	FCISL1Loss=0.076014,	FCISMaskLoss=0.387179,	
2017-08-13 15:09:59,925 Epoch[0] Batch [12700]	Speed: 4.70 samples/sec	Train-RPNAcc=0.935981,	RPNLogLoss=0.163576,	RPNL1Loss=0.203865,	FCISAcc=0.820508,	FCISAccFG=0.371628,	FCISLogLoss=0.412190,	FCISL1Loss=0.075896,	FCISMaskLoss=0.386679,	
2017-08-13 15:10:21,326 Epoch[0] Batch [12800]	Speed: 4.67 samples/sec	Train-RPNAcc=0.936046,	RPNLogLoss=0.163372,	RPNL1Loss=0.203819,	FCISAcc=0.820618,	FCISAccFG=0.372664,	FCISLogLoss=0.411873,	FCISL1Loss=0.075858,	FCISMaskLoss=0.386551,	
2017-08-13 15:10:42,935 Epoch[0] Batch [12900]	Speed: 4.63 samples/sec	Train-RPNAcc=0.936061,	RPNLogLoss=0.163357,	RPNL1Loss=0.203850,	FCISAcc=0.820648,	FCISAccFG=0.374244,	FCISLogLoss=0.411661,	FCISL1Loss=0.075810,	FCISMaskLoss=0.386218,	
2017-08-13 15:11:04,814 Epoch[0] Batch [13000]	Speed: 4.57 samples/sec	Train-RPNAcc=0.936142,	RPNLogLoss=0.163126,	RPNL1Loss=0.203578,	FCISAcc=0.820641,	FCISAccFG=0.375747,	FCISLogLoss=0.411460,	FCISL1Loss=0.075793,	FCISMaskLoss=0.385842,	
2017-08-13 15:11:26,173 Epoch[0] Batch [13100]	Speed: 4.68 samples/sec	Train-RPNAcc=0.936184,	RPNLogLoss=0.163063,	RPNL1Loss=0.203264,	FCISAcc=0.820725,	FCISAccFG=0.376737,	FCISLogLoss=0.411238,	FCISL1Loss=0.075755,	FCISMaskLoss=0.385477,	
2017-08-13 15:11:47,901 Epoch[0] Batch [13200]	Speed: 4.60 samples/sec	Train-RPNAcc=0.936179,	RPNLogLoss=0.163044,	RPNL1Loss=0.203332,	FCISAcc=0.820811,	FCISAccFG=0.377595,	FCISLogLoss=0.411020,	FCISL1Loss=0.075737,	FCISMaskLoss=0.385538,	
2017-08-13 15:12:09,524 Epoch[0] Batch [13300]	Speed: 4.62 samples/sec	Train-RPNAcc=0.936318,	RPNLogLoss=0.162749,	RPNL1Loss=0.202883,	FCISAcc=0.821087,	FCISAccFG=0.378288,	FCISLogLoss=0.410438,	FCISL1Loss=0.075582,	FCISMaskLoss=0.385261,	
2017-08-13 15:12:31,181 Epoch[0] Batch [13400]	Speed: 4.62 samples/sec	Train-RPNAcc=0.936425,	RPNLogLoss=0.162498,	RPNL1Loss=0.202257,	FCISAcc=0.821267,	FCISAccFG=0.379389,	FCISLogLoss=0.409969,	FCISL1Loss=0.075504,	FCISMaskLoss=0.385078,	
2017-08-13 15:12:52,981 Epoch[0] Batch [13500]	Speed: 4.59 samples/sec	Train-RPNAcc=0.936489,	RPNLogLoss=0.162316,	RPNL1Loss=0.202006,	FCISAcc=0.821230,	FCISAccFG=0.381130,	FCISLogLoss=0.409855,	FCISL1Loss=0.075543,	FCISMaskLoss=0.384804,	
2017-08-13 15:13:14,410 Epoch[0] Batch [13600]	Speed: 4.67 samples/sec	Train-RPNAcc=0.936641,	RPNLogLoss=0.161986,	RPNL1Loss=0.201568,	FCISAcc=0.821517,	FCISAccFG=0.382397,	FCISLogLoss=0.409266,	FCISL1Loss=0.075413,	FCISMaskLoss=0.384456,	
2017-08-13 15:13:36,500 Epoch[0] Batch [13700]	Speed: 4.53 samples/sec	Train-RPNAcc=0.936791,	RPNLogLoss=0.161709,	RPNL1Loss=0.201404,	FCISAcc=0.821517,	FCISAccFG=0.384358,	FCISLogLoss=0.409049,	FCISL1Loss=0.075396,	FCISMaskLoss=0.384332,	
2017-08-13 15:13:58,722 Epoch[0] Batch [13800]	Speed: 4.50 samples/sec	Train-RPNAcc=0.936886,	RPNLogLoss=0.161483,	RPNL1Loss=0.201445,	FCISAcc=0.821523,	FCISAccFG=0.385211,	FCISLogLoss=0.408953,	FCISL1Loss=0.075348,	FCISMaskLoss=0.384204,	
2017-08-13 15:14:20,547 Epoch[0] Batch [13900]	Speed: 4.58 samples/sec	Train-RPNAcc=0.936973,	RPNLogLoss=0.161277,	RPNL1Loss=0.201016,	FCISAcc=0.821555,	FCISAccFG=0.386404,	FCISLogLoss=0.408825,	FCISL1Loss=0.075375,	FCISMaskLoss=0.384087,	
2017-08-13 15:14:42,646 Epoch[0] Batch [14000]	Speed: 4.53 samples/sec	Train-RPNAcc=0.937041,	RPNLogLoss=0.161122,	RPNL1Loss=0.200728,	FCISAcc=0.821723,	FCISAccFG=0.387521,	FCISLogLoss=0.408507,	FCISL1Loss=0.075301,	FCISMaskLoss=0.383686,	
2017-08-13 15:15:04,371 Epoch[0] Batch [14100]	Speed: 4.60 samples/sec	Train-RPNAcc=0.937129,	RPNLogLoss=0.160935,	RPNL1Loss=0.200546,	FCISAcc=0.821768,	FCISAccFG=0.389197,	FCISLogLoss=0.408256,	FCISL1Loss=0.075277,	FCISMaskLoss=0.383407,	
2017-08-13 15:15:26,000 Epoch[0] Batch [14200]	Speed: 4.62 samples/sec	Train-RPNAcc=0.937228,	RPNLogLoss=0.160673,	RPNL1Loss=0.200185,	FCISAcc=0.821871,	FCISAccFG=0.389961,	FCISLogLoss=0.408053,	FCISL1Loss=0.075235,	FCISMaskLoss=0.383086,	
2017-08-13 15:15:47,462 Epoch[0] Batch [14300]	Speed: 4.66 samples/sec	Train-RPNAcc=0.937303,	RPNLogLoss=0.160508,	RPNL1Loss=0.200407,	FCISAcc=0.821983,	FCISAccFG=0.391202,	FCISLogLoss=0.407693,	FCISL1Loss=0.075149,	FCISMaskLoss=0.382848,	
2017-08-13 15:16:09,253 Epoch[0] Batch [14400]	Speed: 4.59 samples/sec	Train-RPNAcc=0.937364,	RPNLogLoss=0.160350,	RPNL1Loss=0.200225,	FCISAcc=0.821984,	FCISAccFG=0.392978,	FCISLogLoss=0.407553,	FCISL1Loss=0.075180,	FCISMaskLoss=0.382811,	
2017-08-13 15:16:31,420 Epoch[0] Batch [14500]	Speed: 4.51 samples/sec	Train-RPNAcc=0.937395,	RPNLogLoss=0.160228,	RPNL1Loss=0.199781,	FCISAcc=0.821896,	FCISAccFG=0.394787,	FCISLogLoss=0.407496,	FCISL1Loss=0.075330,	FCISMaskLoss=0.382783,	
2017-08-13 15:16:52,976 Epoch[0] Batch [14600]	Speed: 4.64 samples/sec	Train-RPNAcc=0.937463,	RPNLogLoss=0.160127,	RPNL1Loss=0.199597,	FCISAcc=0.821974,	FCISAccFG=0.395412,	FCISLogLoss=0.407284,	FCISL1Loss=0.075280,	FCISMaskLoss=0.382652,	
2017-08-13 15:17:14,712 Epoch[0] Batch [14700]	Speed: 4.60 samples/sec	Train-RPNAcc=0.937545,	RPNLogLoss=0.159929,	RPNL1Loss=0.199405,	FCISAcc=0.821883,	FCISAccFG=0.396837,	FCISLogLoss=0.407248,	FCISL1Loss=0.075306,	FCISMaskLoss=0.382274,	
2017-08-13 15:17:36,299 Epoch[0] Batch [14800]	Speed: 4.63 samples/sec	Train-RPNAcc=0.937598,	RPNLogLoss=0.159805,	RPNL1Loss=0.199378,	FCISAcc=0.821914,	FCISAccFG=0.397779,	FCISLogLoss=0.407077,	FCISL1Loss=0.075253,	FCISMaskLoss=0.382088,	
2017-08-13 15:17:58,011 Epoch[0] Batch [14900]	Speed: 4.61 samples/sec	Train-RPNAcc=0.937683,	RPNLogLoss=0.159560,	RPNL1Loss=0.199060,	FCISAcc=0.822047,	FCISAccFG=0.398983,	FCISLogLoss=0.406744,	FCISL1Loss=0.075200,	FCISMaskLoss=0.381782,	
2017-08-13 15:18:19,978 Epoch[0] Batch [15000]	Speed: 4.55 samples/sec	Train-RPNAcc=0.937770,	RPNLogLoss=0.159387,	RPNL1Loss=0.199146,	FCISAcc=0.821959,	FCISAccFG=0.400789,	FCISLogLoss=0.406750,	FCISL1Loss=0.075223,	FCISMaskLoss=0.381596,	
2017-08-13 15:18:42,408 Epoch[0] Batch [15100]	Speed: 4.46 samples/sec	Train-RPNAcc=0.937822,	RPNLogLoss=0.159290,	RPNL1Loss=0.199327,	FCISAcc=0.822028,	FCISAccFG=0.401584,	FCISLogLoss=0.406543,	FCISL1Loss=0.075197,	FCISMaskLoss=0.381561,	
2017-08-13 15:19:05,334 Epoch[0] Batch [15200]	Speed: 4.36 samples/sec	Train-RPNAcc=0.937877,	RPNLogLoss=0.159158,	RPNL1Loss=0.199112,	FCISAcc=0.822152,	FCISAccFG=0.402543,	FCISLogLoss=0.406213,	FCISL1Loss=0.075130,	FCISMaskLoss=0.381455,	
2017-08-13 15:19:27,687 Epoch[0] Batch [15300]	Speed: 4.47 samples/sec	Train-RPNAcc=0.937912,	RPNLogLoss=0.159041,	RPNL1Loss=0.198893,	FCISAcc=0.822272,	FCISAccFG=0.403547,	FCISLogLoss=0.405879,	FCISL1Loss=0.075104,	FCISMaskLoss=0.381502,	
2017-08-13 15:19:50,429 Epoch[0] Batch [15400]	Speed: 4.40 samples/sec	Train-RPNAcc=0.937917,	RPNLogLoss=0.158974,	RPNL1Loss=0.199331,	FCISAcc=0.822335,	FCISAccFG=0.404175,	FCISLogLoss=0.405756,	FCISL1Loss=0.075047,	FCISMaskLoss=0.381379,	
2017-08-13 15:20:13,549 Epoch[0] Batch [15500]	Speed: 4.33 samples/sec	Train-RPNAcc=0.938015,	RPNLogLoss=0.158742,	RPNL1Loss=0.199436,	FCISAcc=0.822388,	FCISAccFG=0.404869,	FCISLogLoss=0.405594,	FCISL1Loss=0.075048,	FCISMaskLoss=0.381237,	
2017-08-13 15:20:43,315 Epoch[0] Batch [15600]	Speed: 3.36 samples/sec	Train-RPNAcc=0.938116,	RPNLogLoss=0.158532,	RPNL1Loss=0.199383,	FCISAcc=0.822369,	FCISAccFG=0.406267,	FCISLogLoss=0.405531,	FCISL1Loss=0.075033,	FCISMaskLoss=0.380870,	
2017-08-13 15:21:06,726 Epoch[0] Batch [15700]	Speed: 4.27 samples/sec	Train-RPNAcc=0.938183,	RPNLogLoss=0.158388,	RPNL1Loss=0.199304,	FCISAcc=0.822197,	FCISAccFG=0.407344,	FCISLogLoss=0.405724,	FCISL1Loss=0.075061,	FCISMaskLoss=0.380627,	
2017-08-13 15:21:30,173 Epoch[0] Batch [15800]	Speed: 4.26 samples/sec	Train-RPNAcc=0.938206,	RPNLogLoss=0.158385,	RPNL1Loss=0.199369,	FCISAcc=0.822190,	FCISAccFG=0.408001,	FCISLogLoss=0.405724,	FCISL1Loss=0.075050,	FCISMaskLoss=0.380532,	
2017-08-13 15:21:52,908 Epoch[0] Batch [15900]	Speed: 4.40 samples/sec	Train-RPNAcc=0.938319,	RPNLogLoss=0.158135,	RPNL1Loss=0.199076,	FCISAcc=0.822269,	FCISAccFG=0.408752,	FCISLogLoss=0.405479,	FCISL1Loss=0.074977,	FCISMaskLoss=0.380333,	
2017-08-13 15:22:15,722 Epoch[0] Batch [16000]	Speed: 4.38 samples/sec	Train-RPNAcc=0.938416,	RPNLogLoss=0.157939,	RPNL1Loss=0.199017,	FCISAcc=0.822377,	FCISAccFG=0.409363,	FCISLogLoss=0.405248,	FCISL1Loss=0.074930,	FCISMaskLoss=0.380357,	
2017-08-13 15:22:38,398 Epoch[0] Batch [16100]	Speed: 4.41 samples/sec	Train-RPNAcc=0.938539,	RPNLogLoss=0.157699,	RPNL1Loss=0.198971,	FCISAcc=0.822446,	FCISAccFG=0.410245,	FCISLogLoss=0.405035,	FCISL1Loss=0.074864,	FCISMaskLoss=0.379894,	
2017-08-13 15:23:01,611 Epoch[0] Batch [16200]	Speed: 4.31 samples/sec	Train-RPNAcc=0.938674,	RPNLogLoss=0.157388,	RPNL1Loss=0.198852,	FCISAcc=0.822633,	FCISAccFG=0.411072,	FCISLogLoss=0.404760,	FCISL1Loss=0.074791,	FCISMaskLoss=0.379726,	
2017-08-13 15:23:24,162 Epoch[0] Batch [16300]	Speed: 4.43 samples/sec	Train-RPNAcc=0.938731,	RPNLogLoss=0.157251,	RPNL1Loss=0.198918,	FCISAcc=0.822667,	FCISAccFG=0.411800,	FCISLogLoss=0.404687,	FCISL1Loss=0.074774,	FCISMaskLoss=0.379709,	
2017-08-13 15:23:47,596 Epoch[0] Batch [16400]	Speed: 4.27 samples/sec	Train-RPNAcc=0.938852,	RPNLogLoss=0.156925,	RPNL1Loss=0.198548,	FCISAcc=0.822739,	FCISAccFG=0.412740,	FCISLogLoss=0.404471,	FCISL1Loss=0.074767,	FCISMaskLoss=0.379609,	
2017-08-13 15:24:10,003 Epoch[0] Batch [16500]	Speed: 4.46 samples/sec	Train-RPNAcc=0.938877,	RPNLogLoss=0.156862,	RPNL1Loss=0.198555,	FCISAcc=0.822748,	FCISAccFG=0.413496,	FCISLogLoss=0.404420,	FCISL1Loss=0.074765,	FCISMaskLoss=0.379538,	
2017-08-13 15:24:32,132 Epoch[0] Batch [16600]	Speed: 4.52 samples/sec	Train-RPNAcc=0.938974,	RPNLogLoss=0.156647,	RPNL1Loss=0.198035,	FCISAcc=0.822912,	FCISAccFG=0.414258,	FCISLogLoss=0.404085,	FCISL1Loss=0.074701,	FCISMaskLoss=0.379300,	
2017-08-13 15:24:55,362 Epoch[0] Batch [16700]	Speed: 4.30 samples/sec	Train-RPNAcc=0.938982,	RPNLogLoss=0.156647,	RPNL1Loss=0.197934,	FCISAcc=0.822970,	FCISAccFG=0.414964,	FCISLogLoss=0.403984,	FCISL1Loss=0.074683,	FCISMaskLoss=0.379315,	
2017-08-13 15:25:18,225 Epoch[0] Batch [16800]	Speed: 4.37 samples/sec	Train-RPNAcc=0.939073,	RPNLogLoss=0.156430,	RPNL1Loss=0.197549,	FCISAcc=0.823044,	FCISAccFG=0.415857,	FCISLogLoss=0.403745,	FCISL1Loss=0.074621,	FCISMaskLoss=0.378981,	
2017-08-13 15:25:40,995 Epoch[0] Batch [16900]	Speed: 4.39 samples/sec	Train-RPNAcc=0.939135,	RPNLogLoss=0.156291,	RPNL1Loss=0.197083,	FCISAcc=0.823113,	FCISAccFG=0.416584,	FCISLogLoss=0.403624,	FCISL1Loss=0.074602,	FCISMaskLoss=0.378837,	
2017-08-13 15:26:04,216 Epoch[0] Batch [17000]	Speed: 4.31 samples/sec	Train-RPNAcc=0.939238,	RPNLogLoss=0.156046,	RPNL1Loss=0.196863,	FCISAcc=0.823096,	FCISAccFG=0.417565,	FCISLogLoss=0.403559,	FCISL1Loss=0.074598,	FCISMaskLoss=0.378530,	
2017-08-13 15:26:27,581 Epoch[0] Batch [17100]	Speed: 4.28 samples/sec	Train-RPNAcc=0.939303,	RPNLogLoss=0.155926,	RPNL1Loss=0.196752,	FCISAcc=0.823070,	FCISAccFG=0.418584,	FCISLogLoss=0.403545,	FCISL1Loss=0.074613,	FCISMaskLoss=0.378411,	
2017-08-13 15:26:50,625 Epoch[0] Batch [17200]	Speed: 4.34 samples/sec	Train-RPNAcc=0.939291,	RPNLogLoss=0.155945,	RPNL1Loss=0.196823,	FCISAcc=0.823119,	FCISAccFG=0.419499,	FCISLogLoss=0.403389,	FCISL1Loss=0.074591,	FCISMaskLoss=0.378467,	
2017-08-13 15:27:14,643 Epoch[0] Batch [17300]	Speed: 4.16 samples/sec	Train-RPNAcc=0.939334,	RPNLogLoss=0.155841,	RPNL1Loss=0.196937,	FCISAcc=0.823055,	FCISAccFG=0.420607,	FCISLogLoss=0.403492,	FCISL1Loss=0.074608,	FCISMaskLoss=0.378390,	
2017-08-13 15:27:39,034 Epoch[0] Batch [17400]	Speed: 4.10 samples/sec	Train-RPNAcc=0.939424,	RPNLogLoss=0.155630,	RPNL1Loss=0.197028,	FCISAcc=0.823074,	FCISAccFG=0.421717,	FCISLogLoss=0.403414,	FCISL1Loss=0.074612,	FCISMaskLoss=0.378255,	
2017-08-13 15:28:01,952 Epoch[0] Batch [17500]	Speed: 4.36 samples/sec	Train-RPNAcc=0.939493,	RPNLogLoss=0.155480,	RPNL1Loss=0.196962,	FCISAcc=0.823013,	FCISAccFG=0.423059,	FCISLogLoss=0.403425,	FCISL1Loss=0.074628,	FCISMaskLoss=0.377984,	
2017-08-13 15:28:24,689 Epoch[0] Batch [17600]	Speed: 4.40 samples/sec	Train-RPNAcc=0.939621,	RPNLogLoss=0.155192,	RPNL1Loss=0.196655,	FCISAcc=0.823157,	FCISAccFG=0.423642,	FCISLogLoss=0.403112,	FCISL1Loss=0.074544,	FCISMaskLoss=0.377793,	
2017-08-13 15:28:46,209 Epoch[0] Batch [17700]	Speed: 4.65 samples/sec	Train-RPNAcc=0.939660,	RPNLogLoss=0.155095,	RPNL1Loss=0.196299,	FCISAcc=0.823263,	FCISAccFG=0.424255,	FCISLogLoss=0.402879,	FCISL1Loss=0.074496,	FCISMaskLoss=0.377626,	
2017-08-13 15:29:10,592 Epoch[0] Batch [17800]	Speed: 4.10 samples/sec	Train-RPNAcc=0.939673,	RPNLogLoss=0.155090,	RPNL1Loss=0.196631,	FCISAcc=0.823228,	FCISAccFG=0.425255,	FCISLogLoss=0.402972,	FCISL1Loss=0.074499,	FCISMaskLoss=0.377423,	
2017-08-13 15:29:32,779 Epoch[0] Batch [17900]	Speed: 4.51 samples/sec	Train-RPNAcc=0.939774,	RPNLogLoss=0.154844,	RPNL1Loss=0.196125,	FCISAcc=0.823290,	FCISAccFG=0.425910,	FCISLogLoss=0.402805,	FCISL1Loss=0.074491,	FCISMaskLoss=0.377198,	
2017-08-13 15:29:56,227 Epoch[0] Batch [18000]	Speed: 4.26 samples/sec	Train-RPNAcc=0.939857,	RPNLogLoss=0.154667,	RPNL1Loss=0.195862,	FCISAcc=0.823333,	FCISAccFG=0.427110,	FCISLogLoss=0.402670,	FCISL1Loss=0.074475,	FCISMaskLoss=0.376963,	
2017-08-13 15:30:19,990 Epoch[0] Batch [18100]	Speed: 4.21 samples/sec	Train-RPNAcc=0.939920,	RPNLogLoss=0.154571,	RPNL1Loss=0.195932,	FCISAcc=0.823321,	FCISAccFG=0.427778,	FCISLogLoss=0.402639,	FCISL1Loss=0.074472,	FCISMaskLoss=0.376739,	
2017-08-13 15:30:45,837 Epoch[0] Batch [18200]	Speed: 3.87 samples/sec	Train-RPNAcc=0.939994,	RPNLogLoss=0.154373,	RPNL1Loss=0.195464,	FCISAcc=0.823456,	FCISAccFG=0.428479,	FCISLogLoss=0.402370,	FCISL1Loss=0.074411,	FCISMaskLoss=0.376574,	
2017-08-13 15:31:08,750 Epoch[0] Batch [18300]	Speed: 4.36 samples/sec	Train-RPNAcc=0.940044,	RPNLogLoss=0.154238,	RPNL1Loss=0.195468,	FCISAcc=0.823506,	FCISAccFG=0.429236,	FCISLogLoss=0.402196,	FCISL1Loss=0.074363,	FCISMaskLoss=0.376360,	
2017-08-13 15:31:31,603 Epoch[0] Batch [18400]	Speed: 4.38 samples/sec	Train-RPNAcc=0.940148,	RPNLogLoss=0.153998,	RPNL1Loss=0.195085,	FCISAcc=0.823525,	FCISAccFG=0.429977,	FCISLogLoss=0.402137,	FCISL1Loss=0.074361,	FCISMaskLoss=0.376280,	
2017-08-13 15:31:54,568 Epoch[0] Batch [18500]	Speed: 4.35 samples/sec	Train-RPNAcc=0.940215,	RPNLogLoss=0.153828,	RPNL1Loss=0.194892,	FCISAcc=0.823556,	FCISAccFG=0.430933,	FCISLogLoss=0.401998,	FCISL1Loss=0.074329,	FCISMaskLoss=0.376010,	
2017-08-13 15:32:17,337 Epoch[0] Batch [18600]	Speed: 4.39 samples/sec	Train-RPNAcc=0.940265,	RPNLogLoss=0.153686,	RPNL1Loss=0.194564,	FCISAcc=0.823674,	FCISAccFG=0.431627,	FCISLogLoss=0.401672,	FCISL1Loss=0.074284,	FCISMaskLoss=0.375835,	
2017-08-13 15:32:40,605 Epoch[0] Batch [18700]	Speed: 4.30 samples/sec	Train-RPNAcc=0.940307,	RPNLogLoss=0.153627,	RPNL1Loss=0.194686,	FCISAcc=0.823787,	FCISAccFG=0.432158,	FCISLogLoss=0.401427,	FCISL1Loss=0.074229,	FCISMaskLoss=0.375776,	
2017-08-13 15:33:04,706 Epoch[0] Batch [18800]	Speed: 4.15 samples/sec	Train-RPNAcc=0.940390,	RPNLogLoss=0.153459,	RPNL1Loss=0.194679,	FCISAcc=0.823811,	FCISAccFG=0.432953,	FCISLogLoss=0.401283,	FCISL1Loss=0.074203,	FCISMaskLoss=0.375529,	
2017-08-13 15:33:27,812 Epoch[0] Batch [18900]	Speed: 4.33 samples/sec	Train-RPNAcc=0.940463,	RPNLogLoss=0.153253,	RPNL1Loss=0.194304,	FCISAcc=0.823769,	FCISAccFG=0.433835,	FCISLogLoss=0.401312,	FCISL1Loss=0.074227,	FCISMaskLoss=0.375338,	
2017-08-13 15:33:51,150 Epoch[0] Batch [19000]	Speed: 4.28 samples/sec	Train-RPNAcc=0.940573,	RPNLogLoss=0.153008,	RPNL1Loss=0.194000,	FCISAcc=0.823835,	FCISAccFG=0.434669,	FCISLogLoss=0.401148,	FCISL1Loss=0.074176,	FCISMaskLoss=0.375000,	
2017-08-13 15:34:15,376 Epoch[0] Batch [19100]	Speed: 4.13 samples/sec	Train-RPNAcc=0.940663,	RPNLogLoss=0.152816,	RPNL1Loss=0.193877,	FCISAcc=0.823882,	FCISAccFG=0.435218,	FCISLogLoss=0.401032,	FCISL1Loss=0.074126,	FCISMaskLoss=0.374786,	
2017-08-13 15:34:38,289 Epoch[0] Batch [19200]	Speed: 4.36 samples/sec	Train-RPNAcc=0.940693,	RPNLogLoss=0.152763,	RPNL1Loss=0.194421,	FCISAcc=0.823909,	FCISAccFG=0.435605,	FCISLogLoss=0.400940,	FCISL1Loss=0.074070,	FCISMaskLoss=0.374574,	
2017-08-13 15:35:02,772 Epoch[0] Batch [19300]	Speed: 4.08 samples/sec	Train-RPNAcc=0.940765,	RPNLogLoss=0.152596,	RPNL1Loss=0.194250,	FCISAcc=0.823928,	FCISAccFG=0.436620,	FCISLogLoss=0.400840,	FCISL1Loss=0.074069,	FCISMaskLoss=0.374267,	
2017-08-13 15:35:28,210 Epoch[0] Batch [19400]	Speed: 3.93 samples/sec	Train-RPNAcc=0.940802,	RPNLogLoss=0.152498,	RPNL1Loss=0.194094,	FCISAcc=0.823866,	FCISAccFG=0.437568,	FCISLogLoss=0.400862,	FCISL1Loss=0.074091,	FCISMaskLoss=0.374261,	
2017-08-13 15:35:52,796 Epoch[0] Batch [19500]	Speed: 4.07 samples/sec	Train-RPNAcc=0.940878,	RPNLogLoss=0.152327,	RPNL1Loss=0.194071,	FCISAcc=0.823860,	FCISAccFG=0.438252,	FCISLogLoss=0.400777,	FCISL1Loss=0.074105,	FCISMaskLoss=0.374232,	
2017-08-13 15:36:17,406 Epoch[0] Batch [19600]	Speed: 4.06 samples/sec	Train-RPNAcc=0.940869,	RPNLogLoss=0.152326,	RPNL1Loss=0.194146,	FCISAcc=0.823898,	FCISAccFG=0.438520,	FCISLogLoss=0.400720,	FCISL1Loss=0.074068,	FCISMaskLoss=0.374158,	
2017-08-13 15:36:41,808 Epoch[0] Batch [19700]	Speed: 4.10 samples/sec	Train-RPNAcc=0.940981,	RPNLogLoss=0.152082,	RPNL1Loss=0.193819,	FCISAcc=0.824006,	FCISAccFG=0.439065,	FCISLogLoss=0.400518,	FCISL1Loss=0.074041,	FCISMaskLoss=0.374030,	
2017-08-13 15:37:06,641 Epoch[0] Batch [19800]	Speed: 4.03 samples/sec	Train-RPNAcc=0.941064,	RPNLogLoss=0.151858,	RPNL1Loss=0.193648,	FCISAcc=0.824105,	FCISAccFG=0.439521,	FCISLogLoss=0.400248,	FCISL1Loss=0.073997,	FCISMaskLoss=0.374037,	
2017-08-13 15:37:31,902 Epoch[0] Batch [19900]	Speed: 3.96 samples/sec	Train-RPNAcc=0.941136,	RPNLogLoss=0.151716,	RPNL1Loss=0.193612,	FCISAcc=0.824151,	FCISAccFG=0.440316,	FCISLogLoss=0.400085,	FCISL1Loss=0.073950,	FCISMaskLoss=0.373816,	
2017-08-13 15:38:11,807 Epoch[0] Batch [20000]	Speed: 2.51 samples/sec	Train-RPNAcc=0.941243,	RPNLogLoss=0.151441,	RPNL1Loss=0.193398,	FCISAcc=0.824182,	FCISAccFG=0.441096,	FCISLogLoss=0.399958,	FCISL1Loss=0.073900,	FCISMaskLoss=0.373559,	
2017-08-13 15:38:34,601 Epoch[0] Batch [20100]	Speed: 4.39 samples/sec	Train-RPNAcc=0.941313,	RPNLogLoss=0.151280,	RPNL1Loss=0.193245,	FCISAcc=0.824224,	FCISAccFG=0.441884,	FCISLogLoss=0.399815,	FCISL1Loss=0.073852,	FCISMaskLoss=0.373226,	
2017-08-13 15:38:58,087 Epoch[0] Batch [20200]	Speed: 4.26 samples/sec	Train-RPNAcc=0.941373,	RPNLogLoss=0.151139,	RPNL1Loss=0.193416,	FCISAcc=0.824174,	FCISAccFG=0.442533,	FCISLogLoss=0.399766,	FCISL1Loss=0.073856,	FCISMaskLoss=0.373125,	
2017-08-13 15:39:20,270 Epoch[0] Batch [20300]	Speed: 4.51 samples/sec	Train-RPNAcc=0.941416,	RPNLogLoss=0.151058,	RPNL1Loss=0.193396,	FCISAcc=0.824269,	FCISAccFG=0.442985,	FCISLogLoss=0.399565,	FCISL1Loss=0.073788,	FCISMaskLoss=0.373003,	
2017-08-13 15:39:43,219 Epoch[0] Batch [20400]	Speed: 4.36 samples/sec	Train-RPNAcc=0.941472,	RPNLogLoss=0.150925,	RPNL1Loss=0.193280,	FCISAcc=0.824308,	FCISAccFG=0.443663,	FCISLogLoss=0.399418,	FCISL1Loss=0.073780,	FCISMaskLoss=0.372899,	
2017-08-13 15:40:07,151 Epoch[0] Batch [20500]	Speed: 4.18 samples/sec	Train-RPNAcc=0.941492,	RPNLogLoss=0.150889,	RPNL1Loss=0.193426,	FCISAcc=0.824270,	FCISAccFG=0.444253,	FCISLogLoss=0.399384,	FCISL1Loss=0.073756,	FCISMaskLoss=0.372892,	
2017-08-13 15:40:30,127 Epoch[0] Batch [20600]	Speed: 4.35 samples/sec	Train-RPNAcc=0.941579,	RPNLogLoss=0.150680,	RPNL1Loss=0.193236,	FCISAcc=0.824400,	FCISAccFG=0.444816,	FCISLogLoss=0.399123,	FCISL1Loss=0.073686,	FCISMaskLoss=0.372687,	
2017-08-13 15:40:55,609 Epoch[0] Batch [20700]	Speed: 3.92 samples/sec	Train-RPNAcc=0.941632,	RPNLogLoss=0.150587,	RPNL1Loss=0.192964,	FCISAcc=0.824471,	FCISAccFG=0.445590,	FCISLogLoss=0.398951,	FCISL1Loss=0.073641,	FCISMaskLoss=0.372398,	
2017-08-13 15:41:18,266 Epoch[0] Batch [20800]	Speed: 4.41 samples/sec	Train-RPNAcc=0.941684,	RPNLogLoss=0.150495,	RPNL1Loss=0.193006,	FCISAcc=0.824460,	FCISAccFG=0.446062,	FCISLogLoss=0.398886,	FCISL1Loss=0.073651,	FCISMaskLoss=0.372318,	
2017-08-13 15:41:40,131 Epoch[0] Batch [20900]	Speed: 4.57 samples/sec	Train-RPNAcc=0.941725,	RPNLogLoss=0.150403,	RPNL1Loss=0.192721,	FCISAcc=0.824574,	FCISAccFG=0.446409,	FCISLogLoss=0.398601,	FCISL1Loss=0.073570,	FCISMaskLoss=0.372168,	
2017-08-13 15:42:03,671 Epoch[0] Batch [21000]	Speed: 4.25 samples/sec	Train-RPNAcc=0.941714,	RPNLogLoss=0.150426,	RPNL1Loss=0.192738,	FCISAcc=0.824520,	FCISAccFG=0.447253,	FCISLogLoss=0.398699,	FCISL1Loss=0.073600,	FCISMaskLoss=0.372106,	
2017-08-13 15:42:25,089 Epoch[0] Batch [21100]	Speed: 4.67 samples/sec	Train-RPNAcc=0.941767,	RPNLogLoss=0.150294,	RPNL1Loss=0.192574,	FCISAcc=0.824657,	FCISAccFG=0.447584,	FCISLogLoss=0.398427,	FCISL1Loss=0.073538,	FCISMaskLoss=0.372044,	
2017-08-13 15:42:46,763 Epoch[0] Batch [21200]	Speed: 4.61 samples/sec	Train-RPNAcc=0.941868,	RPNLogLoss=0.150052,	RPNL1Loss=0.192357,	FCISAcc=0.824805,	FCISAccFG=0.448423,	FCISLogLoss=0.398098,	FCISL1Loss=0.073456,	FCISMaskLoss=0.371845,	
2017-08-13 15:43:08,201 Epoch[0] Batch [21300]	Speed: 4.66 samples/sec	Train-RPNAcc=0.941959,	RPNLogLoss=0.149827,	RPNL1Loss=0.192127,	FCISAcc=0.824915,	FCISAccFG=0.449222,	FCISLogLoss=0.397836,	FCISL1Loss=0.073415,	FCISMaskLoss=0.371681,	
2017-08-13 15:43:29,881 Epoch[0] Batch [21400]	Speed: 4.61 samples/sec	Train-RPNAcc=0.942050,	RPNLogLoss=0.149572,	RPNL1Loss=0.191899,	FCISAcc=0.825041,	FCISAccFG=0.450018,	FCISLogLoss=0.397567,	FCISL1Loss=0.073361,	FCISMaskLoss=0.371418,	
2017-08-13 15:43:52,126 Epoch[0] Batch [21500]	Speed: 4.50 samples/sec	Train-RPNAcc=0.942097,	RPNLogLoss=0.149440,	RPNL1Loss=0.191799,	FCISAcc=0.825143,	FCISAccFG=0.450729,	FCISLogLoss=0.397314,	FCISL1Loss=0.073299,	FCISMaskLoss=0.371277,	
2017-08-13 15:44:15,102 Epoch[0] Batch [21600]	Speed: 4.35 samples/sec	Train-RPNAcc=0.942151,	RPNLogLoss=0.149302,	RPNL1Loss=0.191780,	FCISAcc=0.825145,	FCISAccFG=0.451538,	FCISLogLoss=0.397240,	FCISL1Loss=0.073293,	FCISMaskLoss=0.371173,	
2017-08-13 15:44:46,166 Epoch[0] Batch [21700]	Speed: 3.22 samples/sec	Train-RPNAcc=0.942201,	RPNLogLoss=0.149215,	RPNL1Loss=0.191587,	FCISAcc=0.825109,	FCISAccFG=0.452177,	FCISLogLoss=0.397250,	FCISL1Loss=0.073315,	FCISMaskLoss=0.371091,	
2017-08-13 15:45:42,796 Epoch[0] Batch [21800]	Speed: 1.77 samples/sec	Train-RPNAcc=0.942204,	RPNLogLoss=0.149188,	RPNL1Loss=0.191424,	FCISAcc=0.825145,	FCISAccFG=0.452911,	FCISLogLoss=0.397086,	FCISL1Loss=0.073310,	FCISMaskLoss=0.371127,	
2017-08-13 15:46:10,960 Epoch[0] Batch [21900]	Speed: 3.55 samples/sec	Train-RPNAcc=0.942246,	RPNLogLoss=0.149090,	RPNL1Loss=0.191381,	FCISAcc=0.825137,	FCISAccFG=0.453458,	FCISLogLoss=0.396996,	FCISL1Loss=0.073320,	FCISMaskLoss=0.371018,	
2017-08-13 15:46:32,462 Epoch[0] Batch [22000]	Speed: 4.65 samples/sec	Train-RPNAcc=0.942266,	RPNLogLoss=0.149043,	RPNL1Loss=0.191355,	FCISAcc=0.825065,	FCISAccFG=0.454087,	FCISLogLoss=0.397056,	FCISL1Loss=0.073350,	FCISMaskLoss=0.370980,	
2017-08-13 15:46:54,400 Epoch[0] Batch [22100]	Speed: 4.56 samples/sec	Train-RPNAcc=0.942266,	RPNLogLoss=0.149047,	RPNL1Loss=0.191458,	FCISAcc=0.825084,	FCISAccFG=0.454972,	FCISLogLoss=0.396998,	FCISL1Loss=0.073345,	FCISMaskLoss=0.370903,	
2017-08-13 15:47:15,932 Epoch[0] Batch [22200]	Speed: 4.64 samples/sec	Train-RPNAcc=0.942357,	RPNLogLoss=0.148840,	RPNL1Loss=0.191249,	FCISAcc=0.825074,	FCISAccFG=0.455738,	FCISLogLoss=0.396946,	FCISL1Loss=0.073338,	FCISMaskLoss=0.370759,	
2017-08-13 15:47:43,722 Epoch[0] Batch [22300]	Speed: 3.60 samples/sec	Train-RPNAcc=0.942427,	RPNLogLoss=0.148691,	RPNL1Loss=0.190952,	FCISAcc=0.825084,	FCISAccFG=0.456810,	FCISLogLoss=0.396868,	FCISL1Loss=0.073325,	FCISMaskLoss=0.370486,	
2017-08-13 15:48:05,705 Epoch[0] Batch [22400]	Speed: 4.55 samples/sec	Train-RPNAcc=0.942476,	RPNLogLoss=0.148566,	RPNL1Loss=0.190969,	FCISAcc=0.825079,	FCISAccFG=0.457565,	FCISLogLoss=0.396816,	FCISL1Loss=0.073315,	FCISMaskLoss=0.370370,	
2017-08-13 15:48:28,056 Epoch[0] Batch [22500]	Speed: 4.47 samples/sec	Train-RPNAcc=0.942495,	RPNLogLoss=0.148575,	RPNL1Loss=0.190901,	FCISAcc=0.825039,	FCISAccFG=0.458099,	FCISLogLoss=0.396864,	FCISL1Loss=0.073347,	FCISMaskLoss=0.370470,	
2017-08-13 15:48:49,622 Epoch[0] Batch [22600]	Speed: 4.64 samples/sec	Train-RPNAcc=0.942550,	RPNLogLoss=0.148461,	RPNL1Loss=0.190811,	FCISAcc=0.825166,	FCISAccFG=0.458700,	FCISLogLoss=0.396586,	FCISL1Loss=0.073271,	FCISMaskLoss=0.370268,	
2017-08-13 15:49:11,488 Epoch[0] Batch [22700]	Speed: 4.57 samples/sec	Train-RPNAcc=0.942600,	RPNLogLoss=0.148344,	RPNL1Loss=0.190845,	FCISAcc=0.825135,	FCISAccFG=0.459641,	FCISLogLoss=0.396581,	FCISL1Loss=0.073270,	FCISMaskLoss=0.370012,	
2017-08-13 15:49:36,602 Epoch[0] Batch [22800]	Speed: 3.98 samples/sec	Train-RPNAcc=0.942658,	RPNLogLoss=0.148192,	RPNL1Loss=0.190626,	FCISAcc=0.825065,	FCISAccFG=0.460273,	FCISLogLoss=0.396643,	FCISL1Loss=0.073301,	FCISMaskLoss=0.369921,	
2017-08-13 15:50:01,763 Epoch[0] Batch [22900]	Speed: 3.97 samples/sec	Train-RPNAcc=0.942693,	RPNLogLoss=0.148108,	RPNL1Loss=0.190194,	FCISAcc=0.825083,	FCISAccFG=0.460876,	FCISLogLoss=0.396582,	FCISL1Loss=0.073321,	FCISMaskLoss=0.369908,	
2017-08-13 15:50:23,651 Epoch[0] Batch [23000]	Speed: 4.57 samples/sec	Train-RPNAcc=0.942722,	RPNLogLoss=0.148021,	RPNL1Loss=0.190056,	FCISAcc=0.825162,	FCISAccFG=0.461531,	FCISLogLoss=0.396430,	FCISL1Loss=0.073304,	FCISMaskLoss=0.369826,	
2017-08-13 15:50:51,310 Epoch[0] Batch [23100]	Speed: 3.62 samples/sec	Train-RPNAcc=0.942761,	RPNLogLoss=0.147938,	RPNL1Loss=0.190085,	FCISAcc=0.825242,	FCISAccFG=0.461966,	FCISLogLoss=0.396266,	FCISL1Loss=0.073232,	FCISMaskLoss=0.369606,	
2017-08-13 15:51:12,675 Epoch[0] Batch [23200]	Speed: 4.68 samples/sec	Train-RPNAcc=0.942820,	RPNLogLoss=0.147799,	RPNL1Loss=0.189941,	FCISAcc=0.825312,	FCISAccFG=0.462410,	FCISLogLoss=0.396116,	FCISL1Loss=0.073181,	FCISMaskLoss=0.369425,	
2017-08-13 15:51:34,925 Epoch[0] Batch [23300]	Speed: 4.49 samples/sec	Train-RPNAcc=0.942886,	RPNLogLoss=0.147655,	RPNL1Loss=0.189923,	FCISAcc=0.825346,	FCISAccFG=0.462982,	FCISLogLoss=0.396020,	FCISL1Loss=0.073162,	FCISMaskLoss=0.369231,	
2017-08-13 15:51:56,449 Epoch[0] Batch [23400]	Speed: 4.65 samples/sec	Train-RPNAcc=0.942968,	RPNLogLoss=0.147503,	RPNL1Loss=0.189886,	FCISAcc=0.825358,	FCISAccFG=0.463658,	FCISLogLoss=0.395992,	FCISL1Loss=0.073146,	FCISMaskLoss=0.369050,	
2017-08-13 15:52:18,069 Epoch[0] Batch [23500]	Speed: 4.63 samples/sec	Train-RPNAcc=0.942990,	RPNLogLoss=0.147468,	RPNL1Loss=0.189728,	FCISAcc=0.825447,	FCISAccFG=0.463926,	FCISLogLoss=0.395859,	FCISL1Loss=0.073102,	FCISMaskLoss=0.369021,	
2017-08-13 15:52:39,800 Epoch[0] Batch [23600]	Speed: 4.60 samples/sec	Train-RPNAcc=0.943034,	RPNLogLoss=0.147362,	RPNL1Loss=0.189673,	FCISAcc=0.825398,	FCISAccFG=0.464615,	FCISLogLoss=0.395896,	FCISL1Loss=0.073127,	FCISMaskLoss=0.368919,	
2017-08-13 15:53:04,708 Epoch[0] Batch [23700]	Speed: 4.01 samples/sec	Train-RPNAcc=0.943099,	RPNLogLoss=0.147197,	RPNL1Loss=0.189711,	FCISAcc=0.825468,	FCISAccFG=0.465356,	FCISLogLoss=0.395730,	FCISL1Loss=0.073071,	FCISMaskLoss=0.368607,	
2017-08-13 15:53:29,698 Epoch[0] Batch [23800]	Speed: 4.00 samples/sec	Train-RPNAcc=0.943105,	RPNLogLoss=0.147213,	RPNL1Loss=0.189714,	FCISAcc=0.825486,	FCISAccFG=0.465676,	FCISLogLoss=0.395671,	FCISL1Loss=0.073051,	FCISMaskLoss=0.368607,	
2017-08-13 15:53:51,199 Epoch[0] Batch [23900]	Speed: 4.65 samples/sec	Train-RPNAcc=0.943155,	RPNLogLoss=0.147107,	RPNL1Loss=0.189619,	FCISAcc=0.825591,	FCISAccFG=0.466186,	FCISLogLoss=0.395444,	FCISL1Loss=0.072997,	FCISMaskLoss=0.368407,	
2017-08-13 15:54:13,507 Epoch[0] Batch [24000]	Speed: 4.48 samples/sec	Train-RPNAcc=0.943222,	RPNLogLoss=0.146920,	RPNL1Loss=0.189528,	FCISAcc=0.825502,	FCISAccFG=0.466712,	FCISLogLoss=0.395551,	FCISL1Loss=0.073024,	FCISMaskLoss=0.368380,	
2017-08-13 15:54:35,451 Epoch[0] Batch [24100]	Speed: 4.56 samples/sec	Train-RPNAcc=0.943270,	RPNLogLoss=0.146786,	RPNL1Loss=0.189397,	FCISAcc=0.825599,	FCISAccFG=0.467142,	FCISLogLoss=0.395390,	FCISL1Loss=0.072976,	FCISMaskLoss=0.368329,	
2017-08-13 15:54:57,544 Epoch[0] Batch [24200]	Speed: 4.53 samples/sec	Train-RPNAcc=0.943312,	RPNLogLoss=0.146696,	RPNL1Loss=0.189210,	FCISAcc=0.825597,	FCISAccFG=0.467775,	FCISLogLoss=0.395354,	FCISL1Loss=0.072984,	FCISMaskLoss=0.368143,	
2017-08-13 15:55:19,761 Epoch[0] Batch [24300]	Speed: 4.50 samples/sec	Train-RPNAcc=0.943365,	RPNLogLoss=0.146578,	RPNL1Loss=0.189137,	FCISAcc=0.825559,	FCISAccFG=0.468160,	FCISLogLoss=0.395361,	FCISL1Loss=0.072973,	FCISMaskLoss=0.368058,	
2017-08-13 15:55:41,623 Epoch[0] Batch [24400]	Speed: 4.57 samples/sec	Train-RPNAcc=0.943424,	RPNLogLoss=0.146447,	RPNL1Loss=0.188819,	FCISAcc=0.825592,	FCISAccFG=0.468730,	FCISLogLoss=0.395242,	FCISL1Loss=0.072938,	FCISMaskLoss=0.367824,	
2017-08-13 15:56:03,274 Epoch[0] Batch [24500]	Speed: 4.62 samples/sec	Train-RPNAcc=0.943460,	RPNLogLoss=0.146385,	RPNL1Loss=0.188860,	FCISAcc=0.825638,	FCISAccFG=0.469244,	FCISLogLoss=0.395181,	FCISL1Loss=0.072907,	FCISMaskLoss=0.367652,	
2017-08-13 15:56:24,545 Epoch[0] Batch [24600]	Speed: 4.70 samples/sec	Train-RPNAcc=0.943510,	RPNLogLoss=0.146255,	RPNL1Loss=0.188703,	FCISAcc=0.825724,	FCISAccFG=0.469574,	FCISLogLoss=0.395001,	FCISL1Loss=0.072868,	FCISMaskLoss=0.367551,	
2017-08-13 15:56:46,300 Epoch[0] Batch [24700]	Speed: 4.60 samples/sec	Train-RPNAcc=0.943548,	RPNLogLoss=0.146146,	RPNL1Loss=0.188622,	FCISAcc=0.825701,	FCISAccFG=0.470183,	FCISLogLoss=0.394939,	FCISL1Loss=0.072859,	FCISMaskLoss=0.367522,	
2017-08-13 15:57:08,354 Epoch[0] Batch [24800]	Speed: 4.53 samples/sec	Train-RPNAcc=0.943571,	RPNLogLoss=0.146098,	RPNL1Loss=0.188665,	FCISAcc=0.825724,	FCISAccFG=0.471056,	FCISLogLoss=0.394836,	FCISL1Loss=0.072857,	FCISMaskLoss=0.367372,	
2017-08-13 15:57:29,636 Epoch[0] Batch [24900]	Speed: 4.70 samples/sec	Train-RPNAcc=0.943627,	RPNLogLoss=0.146000,	RPNL1Loss=0.188511,	FCISAcc=0.825813,	FCISAccFG=0.471698,	FCISLogLoss=0.394628,	FCISL1Loss=0.072804,	FCISMaskLoss=0.367131,	
2017-08-13 15:57:51,791 Epoch[0] Batch [25000]	Speed: 4.51 samples/sec	Train-RPNAcc=0.943648,	RPNLogLoss=0.145954,	RPNL1Loss=0.188460,	FCISAcc=0.825809,	FCISAccFG=0.472316,	FCISLogLoss=0.394606,	FCISL1Loss=0.072799,	FCISMaskLoss=0.367005,	
2017-08-13 15:58:13,585 Epoch[0] Batch [25100]	Speed: 4.59 samples/sec	Train-RPNAcc=0.943678,	RPNLogLoss=0.145880,	RPNL1Loss=0.188321,	FCISAcc=0.825693,	FCISAccFG=0.472748,	FCISLogLoss=0.394691,	FCISL1Loss=0.072829,	FCISMaskLoss=0.366903,	
2017-08-13 15:58:35,574 Epoch[0] Batch [25200]	Speed: 4.55 samples/sec	Train-RPNAcc=0.943726,	RPNLogLoss=0.145771,	RPNL1Loss=0.188328,	FCISAcc=0.825753,	FCISAccFG=0.473456,	FCISLogLoss=0.394552,	FCISL1Loss=0.072811,	FCISMaskLoss=0.366884,	
2017-08-13 15:58:57,436 Epoch[0] Batch [25300]	Speed: 4.57 samples/sec	Train-RPNAcc=0.943777,	RPNLogLoss=0.145651,	RPNL1Loss=0.188411,	FCISAcc=0.825843,	FCISAccFG=0.473979,	FCISLogLoss=0.394361,	FCISL1Loss=0.072781,	FCISMaskLoss=0.366769,	
2017-08-13 15:59:19,060 Epoch[0] Batch [25400]	Speed: 4.62 samples/sec	Train-RPNAcc=0.943826,	RPNLogLoss=0.145538,	RPNL1Loss=0.188277,	FCISAcc=0.825858,	FCISAccFG=0.474598,	FCISLogLoss=0.394305,	FCISL1Loss=0.072752,	FCISMaskLoss=0.366674,	
2017-08-13 15:59:41,124 Epoch[0] Batch [25500]	Speed: 4.53 samples/sec	Train-RPNAcc=0.943847,	RPNLogLoss=0.145482,	RPNL1Loss=0.188210,	FCISAcc=0.825981,	FCISAccFG=0.474868,	FCISLogLoss=0.394090,	FCISL1Loss=0.072693,	FCISMaskLoss=0.366623,	
2017-08-13 16:00:03,100 Epoch[0] Batch [25600]	Speed: 4.55 samples/sec	Train-RPNAcc=0.943884,	RPNLogLoss=0.145418,	RPNL1Loss=0.188248,	FCISAcc=0.825944,	FCISAccFG=0.475535,	FCISLogLoss=0.394091,	FCISL1Loss=0.072701,	FCISMaskLoss=0.366504,	
2017-08-13 16:00:24,375 Epoch[0] Batch [25700]	Speed: 4.70 samples/sec	Train-RPNAcc=0.943924,	RPNLogLoss=0.145364,	RPNL1Loss=0.188242,	FCISAcc=0.825967,	FCISAccFG=0.475587,	FCISLogLoss=0.394047,	FCISL1Loss=0.072694,	FCISMaskLoss=0.366572,	
2017-08-13 16:00:46,258 Epoch[0] Batch [25800]	Speed: 4.57 samples/sec	Train-RPNAcc=0.943965,	RPNLogLoss=0.145242,	RPNL1Loss=0.188111,	FCISAcc=0.826059,	FCISAccFG=0.476052,	FCISLogLoss=0.393841,	FCISL1Loss=0.072651,	FCISMaskLoss=0.366481,	
2017-08-13 16:01:08,178 Epoch[0] Batch [25900]	Speed: 4.56 samples/sec	Train-RPNAcc=0.943997,	RPNLogLoss=0.145212,	RPNL1Loss=0.187997,	FCISAcc=0.826009,	FCISAccFG=0.476465,	FCISLogLoss=0.393954,	FCISL1Loss=0.072659,	FCISMaskLoss=0.366378,	
2017-08-13 16:01:30,103 Epoch[0] Batch [26000]	Speed: 4.56 samples/sec	Train-RPNAcc=0.944055,	RPNLogLoss=0.145062,	RPNL1Loss=0.187734,	FCISAcc=0.825933,	FCISAccFG=0.476857,	FCISLogLoss=0.394015,	FCISL1Loss=0.072680,	FCISMaskLoss=0.366364,	
2017-08-13 16:01:52,121 Epoch[0] Batch [26100]	Speed: 4.54 samples/sec	Train-RPNAcc=0.944072,	RPNLogLoss=0.145047,	RPNL1Loss=0.187627,	FCISAcc=0.825917,	FCISAccFG=0.477191,	FCISLogLoss=0.394032,	FCISL1Loss=0.072686,	FCISMaskLoss=0.366226,	
2017-08-13 16:02:13,399 Epoch[0] Batch [26200]	Speed: 4.70 samples/sec	Train-RPNAcc=0.944134,	RPNLogLoss=0.144922,	RPNL1Loss=0.187427,	FCISAcc=0.826069,	FCISAccFG=0.477638,	FCISLogLoss=0.393724,	FCISL1Loss=0.072630,	FCISMaskLoss=0.366005,	
2017-08-13 16:02:35,950 Epoch[0] Batch [26300]	Speed: 4.43 samples/sec	Train-RPNAcc=0.944161,	RPNLogLoss=0.144871,	RPNL1Loss=0.187499,	FCISAcc=0.826206,	FCISAccFG=0.478131,	FCISLogLoss=0.393495,	FCISL1Loss=0.072585,	FCISMaskLoss=0.365968,	
2017-08-13 16:02:57,723 Epoch[0] Batch [26400]	Speed: 4.59 samples/sec	Train-RPNAcc=0.944198,	RPNLogLoss=0.144793,	RPNL1Loss=0.187347,	FCISAcc=0.826285,	FCISAccFG=0.478613,	FCISLogLoss=0.393347,	FCISL1Loss=0.072540,	FCISMaskLoss=0.365895,	
2017-08-13 16:03:19,792 Epoch[0] Batch [26500]	Speed: 4.53 samples/sec	Train-RPNAcc=0.944261,	RPNLogLoss=0.144642,	RPNL1Loss=0.187412,	FCISAcc=0.826228,	FCISAccFG=0.479013,	FCISLogLoss=0.393355,	FCISL1Loss=0.072558,	FCISMaskLoss=0.365795,	
2017-08-13 16:03:41,590 Epoch[0] Batch [26600]	Speed: 4.59 samples/sec	Train-RPNAcc=0.944329,	RPNLogLoss=0.144461,	RPNL1Loss=0.187106,	FCISAcc=0.826246,	FCISAccFG=0.479308,	FCISLogLoss=0.393254,	FCISL1Loss=0.072529,	FCISMaskLoss=0.365605,	
2017-08-13 16:04:03,165 Epoch[0] Batch [26700]	Speed: 4.64 samples/sec	Train-RPNAcc=0.944377,	RPNLogLoss=0.144320,	RPNL1Loss=0.187071,	FCISAcc=0.826343,	FCISAccFG=0.479774,	FCISLogLoss=0.393073,	FCISL1Loss=0.072501,	FCISMaskLoss=0.365513,	
