2017-10-19 23:48:39,052 training config:{'BINARY_THRESH': 0.4,
 'CLASS_AGNOSTIC': True,
 'MASK_SIZE': 21,
 'MXNET_VERSION': 'mxnet',
 'SCALES': [(600, 1000)],
 'TEST': {'BATCH_IMAGES': 1,
          'CXX_PROPOSAL': False,
          'HAS_RPN': True,
          'ITER': 2,
          'MASK_MERGE_THRESH': 0.5,
          'MIN_DROP_SIZE': 16,
          'NMS': 0.3,
          'PROPOSAL_MIN_SIZE': 16,
          'PROPOSAL_NMS_THRESH': 0.7,
          'PROPOSAL_POST_NMS_TOP_N': 2000,
          'PROPOSAL_PRE_NMS_TOP_N': 20000,
          'RPN_MIN_SIZE': 16,
          'RPN_NMS_THRESH': 0.7,
          'RPN_POST_NMS_TOP_N': 300,
          'RPN_PRE_NMS_TOP_N': 6000,
          'USE_GPU_MASK_MERGE': True,
          'USE_MASK_MERGE': True,
          'test_epoch': 20},
 'TRAIN': {'ASPECT_GROUPING': True,
           'BATCH_IMAGES': 1,
           'BATCH_ROIS': 128,
           'BATCH_ROIS_OHEM': 128,
           'BBOX_MEANS': [0.0, 0.0, 0.0, 0.0],
           'BBOX_NORMALIZATION_PRECOMPUTED': True,
           'BBOX_REGRESSION_THRESH': 0.5,
           'BBOX_STDS': [0.2, 0.2, 0.5, 0.5],
           'BBOX_WEIGHTS': array([ 1.,  1.,  1.,  1.]),
           'BG_THRESH_HI': 0.5,
           'BG_THRESH_LO': 0.1,
           'BINARY_THRESH': 0.4,
           'CONVNEW3': True,
           'CXX_PROPOSAL': False,
           'ENABLE_OHEM': False,
           'END2END': True,
           'FG_FRACTION': 0.25,
           'FG_THRESH': 0.5,
           'FLIP': False,
           'GAP_SELECT_FROM_ALL': False,
           'IGNORE_GAP': False,
           'LOSS_WEIGHT': [1.0, 10.0, 1.0],
           'RESUME': False,
           'RPN_ALLOWED_BORDER': 0,
           'RPN_BATCH_SIZE': 256,
           'RPN_BBOX_WEIGHTS': [1.0, 1.0, 1.0, 1.0],
           'RPN_CLOBBER_POSITIVES': False,
           'RPN_FG_FRACTION': 0.5,
           'RPN_MIN_SIZE': 16,
           'RPN_NEGATIVE_OVERLAP': 0.3,
           'RPN_NMS_THRESH': 0.7,
           'RPN_POSITIVE_OVERLAP': 0.7,
           'RPN_POSITIVE_WEIGHT': -1.0,
           'RPN_POST_NMS_TOP_N': 300,
           'RPN_PRE_NMS_TOP_N': 6000,
           'SHUFFLE': True,
           'begin_epoch': 0,
           'end_epoch': 20,
           'lr': 0.005,
           'lr_step': '14',
           'model_prefix': 'e2e',
           'momentum': 0.9,
           'warmup': True,
           'warmup_lr': 5e-05,
           'warmup_step': 4000,
           'wd': 0.0005},
 'config_name': 'resnet_v1_101_ObjectSnap_end2end_baseline',
 'dataset': {'NUM_CLASSES': 5,
             'dataset': 'ObjectSnap',
             'dataset_path': './data/ObjectSnap',
             'image_set': 'Refine_train',
             'proposal': 'rpn',
             'root_path': './data',
             'test_image_set': 'Refine_val'},
 'default': {'frequent': 100, 'kvstore': 'device'},
 'gpus': '0,1',
 'network': {'ANCHOR_RATIOS': [0.5, 1, 2],
             'ANCHOR_SCALES': [8, 16, 32],
             'FIXED_PARAMS': ['conv1',
                              'bn_conv1',
                              'res2',
                              'bn2',
                              'gamma',
                              'beta'],
             'FIXED_PARAMS_SHARED': ['conv1',
                                     'bn_conv1',
                                     'res2',
                                     'bn2',
                                     'res3',
                                     'bn3',
                                     'res4',
                                     'bn4',
                                     'gamma',
                                     'beta'],
             'IMAGE_STRIDE': 0,
             'NUM_ANCHORS': 9,
             'PIXEL_MEANS': array([ 103.06,  115.9 ,  123.15]),
             'RCNN_FEAT_STRIDE': 16,
             'RPN_FEAT_STRIDE': 16,
             'pretrained': './model/pretrained_model/resnet_v1_101',
             'pretrained_epoch': 0},
 'output_path': './output/fcis/ObjectSnap',
 'symbol': 'resnet_v1_101_fcis'}

2017-10-19 23:49:08,026 Epoch[0] Batch [100]	Speed: 9.01 samples/sec	Train-RPNAcc=0.825166,	RPNLogLoss=0.427536,	RPNL1Loss=0.195020,	FCISAcc=0.712485,	FCISAccFG=0.040094,	FCISLogLoss=1.575928,	FCISL1Loss=0.095550,	FCISMaskLoss=0.691895,	
2017-10-19 23:49:31,784 Epoch[0] Batch [200]	Speed: 8.42 samples/sec	Train-RPNAcc=0.841029,	RPNLogLoss=0.392312,	RPNL1Loss=0.205037,	FCISAcc=0.767840,	FCISAccFG=0.019424,	FCISLogLoss=1.493885,	FCISL1Loss=0.098876,	FCISMaskLoss=0.680205,	
2017-10-19 23:49:54,930 Epoch[0] Batch [300]	Speed: 8.64 samples/sec	Train-RPNAcc=0.847137,	RPNLogLoss=0.379315,	RPNL1Loss=0.212688,	FCISAcc=0.788245,	FCISAccFG=0.012954,	FCISLogLoss=1.246628,	FCISL1Loss=0.098445,	FCISMaskLoss=0.653752,	
2017-10-19 23:50:17,462 Epoch[0] Batch [400]	Speed: 8.88 samples/sec	Train-RPNAcc=0.852040,	RPNLogLoss=0.366119,	RPNL1Loss=0.207992,	FCISAcc=0.797830,	FCISAccFG=0.009681,	FCISLogLoss=1.104895,	FCISL1Loss=0.097946,	FCISMaskLoss=0.626025,	
2017-10-19 23:50:40,383 Epoch[0] Batch [500]	Speed: 8.73 samples/sec	Train-RPNAcc=0.858377,	RPNLogLoss=0.349346,	RPNL1Loss=0.201625,	FCISAcc=0.801943,	FCISAccFG=0.007655,	FCISLogLoss=1.015289,	FCISL1Loss=0.097010,	FCISMaskLoss=0.594409,	
2017-10-19 23:51:03,626 Epoch[0] Batch [600]	Speed: 8.61 samples/sec	Train-RPNAcc=0.864071,	RPNLogLoss=0.335060,	RPNL1Loss=0.197467,	FCISAcc=0.806377,	FCISAccFG=0.006392,	FCISLogLoss=0.943965,	FCISL1Loss=0.093560,	FCISMaskLoss=0.568539,	
2017-10-19 23:51:26,635 Epoch[0] Batch [700]	Speed: 8.69 samples/sec	Train-RPNAcc=0.868478,	RPNLogLoss=0.322941,	RPNL1Loss=0.194338,	FCISAcc=0.811062,	FCISAccFG=0.005535,	FCISLogLoss=0.884925,	FCISL1Loss=0.089543,	FCISMaskLoss=0.548635,	
2017-10-19 23:51:49,364 Epoch[0] Batch [800]	Speed: 8.80 samples/sec	Train-RPNAcc=0.871906,	RPNLogLoss=0.314431,	RPNL1Loss=0.193016,	FCISAcc=0.813846,	FCISAccFG=0.006367,	FCISLogLoss=0.838579,	FCISL1Loss=0.086050,	FCISMaskLoss=0.527122,	
2017-10-19 23:52:12,194 Epoch[0] Batch [900]	Speed: 8.76 samples/sec	Train-RPNAcc=0.875557,	RPNLogLoss=0.307257,	RPNL1Loss=0.189868,	FCISAcc=0.815270,	FCISAccFG=0.007211,	FCISLogLoss=0.804100,	FCISL1Loss=0.083859,	FCISMaskLoss=0.511730,	
2017-10-19 23:52:35,211 Epoch[0] Batch [1000]	Speed: 8.69 samples/sec	Train-RPNAcc=0.879679,	RPNLogLoss=0.298525,	RPNL1Loss=0.185858,	FCISAcc=0.815559,	FCISAccFG=0.010331,	FCISLogLoss=0.776643,	FCISL1Loss=0.082242,	FCISMaskLoss=0.496482,	
2017-10-19 23:52:58,424 Epoch[0] Batch [1100]	Speed: 8.62 samples/sec	Train-RPNAcc=0.883437,	RPNLogLoss=0.290054,	RPNL1Loss=0.183797,	FCISAcc=0.817566,	FCISAccFG=0.020309,	FCISLogLoss=0.747378,	FCISL1Loss=0.080043,	FCISMaskLoss=0.482911,	
2017-10-19 23:53:21,499 Epoch[0] Batch [1200]	Speed: 8.67 samples/sec	Train-RPNAcc=0.886117,	RPNLogLoss=0.283821,	RPNL1Loss=0.181745,	FCISAcc=0.818559,	FCISAccFG=0.032123,	FCISLogLoss=0.725031,	FCISL1Loss=0.078627,	FCISMaskLoss=0.469312,	
2017-10-19 23:53:44,208 Epoch[0] Batch [1300]	Speed: 8.81 samples/sec	Train-RPNAcc=0.888748,	RPNLogLoss=0.277293,	RPNL1Loss=0.179255,	FCISAcc=0.818646,	FCISAccFG=0.042334,	FCISLogLoss=0.707721,	FCISL1Loss=0.077878,	FCISMaskLoss=0.458575,	
2017-10-19 23:54:07,815 Epoch[0] Batch [1400]	Speed: 8.47 samples/sec	Train-RPNAcc=0.891427,	RPNLogLoss=0.271142,	RPNL1Loss=0.176379,	FCISAcc=0.821093,	FCISAccFG=0.053376,	FCISLogLoss=0.686093,	FCISL1Loss=0.076278,	FCISMaskLoss=0.450184,	
2017-10-19 23:54:31,434 Epoch[0] Batch [1500]	Speed: 8.47 samples/sec	Train-RPNAcc=0.893387,	RPNLogLoss=0.267006,	RPNL1Loss=0.175284,	FCISAcc=0.821765,	FCISAccFG=0.065024,	FCISLogLoss=0.670746,	FCISL1Loss=0.075439,	FCISMaskLoss=0.440799,	
2017-10-19 23:54:54,773 Epoch[0] Batch [1600]	Speed: 8.57 samples/sec	Train-RPNAcc=0.896733,	RPNLogLoss=0.259556,	RPNL1Loss=0.172459,	FCISAcc=0.822396,	FCISAccFG=0.079137,	FCISLogLoss=0.656297,	FCISL1Loss=0.074587,	FCISMaskLoss=0.431986,	
2017-10-19 23:55:18,319 Epoch[0] Batch [1700]	Speed: 8.49 samples/sec	Train-RPNAcc=0.898201,	RPNLogLoss=0.256297,	RPNL1Loss=0.171053,	FCISAcc=0.823776,	FCISAccFG=0.092745,	FCISLogLoss=0.641438,	FCISL1Loss=0.073595,	FCISMaskLoss=0.424293,	
2017-10-19 23:55:42,160 Epoch[0] Batch [1800]	Speed: 8.39 samples/sec	Train-RPNAcc=0.899643,	RPNLogLoss=0.252939,	RPNL1Loss=0.169948,	FCISAcc=0.824559,	FCISAccFG=0.104302,	FCISLogLoss=0.630021,	FCISL1Loss=0.073058,	FCISMaskLoss=0.419155,	
2017-10-19 23:56:05,841 Epoch[0] Batch [1900]	Speed: 8.45 samples/sec	Train-RPNAcc=0.901399,	RPNLogLoss=0.248466,	RPNL1Loss=0.168057,	FCISAcc=0.825840,	FCISAccFG=0.114852,	FCISLogLoss=0.617670,	FCISL1Loss=0.072163,	FCISMaskLoss=0.413972,	
2017-10-19 23:56:29,755 Epoch[0] Batch [2000]	Speed: 8.36 samples/sec	Train-RPNAcc=0.902864,	RPNLogLoss=0.245160,	RPNL1Loss=0.167125,	FCISAcc=0.826534,	FCISAccFG=0.127097,	FCISLogLoss=0.607678,	FCISL1Loss=0.071763,	FCISMaskLoss=0.408223,	
2017-10-19 23:56:53,445 Epoch[0] Batch [2100]	Speed: 8.44 samples/sec	Train-RPNAcc=0.903932,	RPNLogLoss=0.243039,	RPNL1Loss=0.166418,	FCISAcc=0.827102,	FCISAccFG=0.137466,	FCISLogLoss=0.599138,	FCISL1Loss=0.071415,	FCISMaskLoss=0.404611,	
2017-10-19 23:57:16,890 Epoch[0] Batch [2200]	Speed: 8.53 samples/sec	Train-RPNAcc=0.905364,	RPNLogLoss=0.239593,	RPNL1Loss=0.165535,	FCISAcc=0.827774,	FCISAccFG=0.149236,	FCISLogLoss=0.590421,	FCISL1Loss=0.070968,	FCISMaskLoss=0.399938,	
2017-10-19 23:57:40,815 Epoch[0] Batch [2300]	Speed: 8.36 samples/sec	Train-RPNAcc=0.906622,	RPNLogLoss=0.236684,	RPNL1Loss=0.164624,	FCISAcc=0.828079,	FCISAccFG=0.160620,	FCISLogLoss=0.583056,	FCISL1Loss=0.070659,	FCISMaskLoss=0.395447,	
2017-10-19 23:58:04,306 Epoch[0] Batch [2400]	Speed: 8.51 samples/sec	Train-RPNAcc=0.907658,	RPNLogLoss=0.233901,	RPNL1Loss=0.163789,	FCISAcc=0.828753,	FCISAccFG=0.171947,	FCISLogLoss=0.575272,	FCISL1Loss=0.070197,	FCISMaskLoss=0.389887,	
2017-10-19 23:58:27,650 Epoch[0] Batch [2500]	Speed: 8.57 samples/sec	Train-RPNAcc=0.908815,	RPNLogLoss=0.230869,	RPNL1Loss=0.161925,	FCISAcc=0.829167,	FCISAccFG=0.181712,	FCISLogLoss=0.568700,	FCISL1Loss=0.069805,	FCISMaskLoss=0.386025,	
2017-10-19 23:58:51,088 Epoch[0] Batch [2600]	Speed: 8.53 samples/sec	Train-RPNAcc=0.909728,	RPNLogLoss=0.228538,	RPNL1Loss=0.161163,	FCISAcc=0.829809,	FCISAccFG=0.190634,	FCISLogLoss=0.562174,	FCISL1Loss=0.069408,	FCISMaskLoss=0.382131,	
2017-10-19 23:59:14,621 Epoch[0] Batch [2700]	Speed: 8.50 samples/sec	Train-RPNAcc=0.910837,	RPNLogLoss=0.225761,	RPNL1Loss=0.159542,	FCISAcc=0.830391,	FCISAccFG=0.199711,	FCISLogLoss=0.555942,	FCISL1Loss=0.069059,	FCISMaskLoss=0.379365,	
2017-10-19 23:59:38,386 Epoch[0] Batch [2800]	Speed: 8.42 samples/sec	Train-RPNAcc=0.911755,	RPNLogLoss=0.223654,	RPNL1Loss=0.158365,	FCISAcc=0.830942,	FCISAccFG=0.208298,	FCISLogLoss=0.549843,	FCISL1Loss=0.068751,	FCISMaskLoss=0.375664,	
2017-10-20 00:00:03,114 Epoch[0] Batch [2900]	Speed: 8.09 samples/sec	Train-RPNAcc=0.912728,	RPNLogLoss=0.221787,	RPNL1Loss=0.157963,	FCISAcc=0.831389,	FCISAccFG=0.217976,	FCISLogLoss=0.544315,	FCISL1Loss=0.068554,	FCISMaskLoss=0.372213,	
2017-10-20 00:00:28,091 Epoch[0] Batch [3000]	Speed: 8.01 samples/sec	Train-RPNAcc=0.913625,	RPNLogLoss=0.219748,	RPNL1Loss=0.156989,	FCISAcc=0.831652,	FCISAccFG=0.226225,	FCISLogLoss=0.539530,	FCISL1Loss=0.068344,	FCISMaskLoss=0.368496,	
2017-10-20 00:00:52,492 Epoch[0] Batch [3100]	Speed: 8.20 samples/sec	Train-RPNAcc=0.914448,	RPNLogLoss=0.217804,	RPNL1Loss=0.155835,	FCISAcc=0.831954,	FCISAccFG=0.234145,	FCISLogLoss=0.534696,	FCISL1Loss=0.068028,	FCISMaskLoss=0.365463,	
2017-10-20 00:01:16,688 Epoch[0] Batch [3200]	Speed: 8.27 samples/sec	Train-RPNAcc=0.915244,	RPNLogLoss=0.215968,	RPNL1Loss=0.155209,	FCISAcc=0.832357,	FCISAccFG=0.241185,	FCISLogLoss=0.529925,	FCISL1Loss=0.067765,	FCISMaskLoss=0.362909,	
2017-10-20 00:01:41,173 Epoch[0] Batch [3300]	Speed: 8.17 samples/sec	Train-RPNAcc=0.916004,	RPNLogLoss=0.214266,	RPNL1Loss=0.154760,	FCISAcc=0.832653,	FCISAccFG=0.248194,	FCISLogLoss=0.525779,	FCISL1Loss=0.067508,	FCISMaskLoss=0.360326,	
2017-10-20 00:02:05,681 Epoch[0] Batch [3400]	Speed: 8.16 samples/sec	Train-RPNAcc=0.916731,	RPNLogLoss=0.212609,	RPNL1Loss=0.154277,	FCISAcc=0.832856,	FCISAccFG=0.254116,	FCISLogLoss=0.522032,	FCISL1Loss=0.067281,	FCISMaskLoss=0.358208,	
2017-10-20 00:02:30,310 Epoch[0] Batch [3500]	Speed: 8.12 samples/sec	Train-RPNAcc=0.917473,	RPNLogLoss=0.210961,	RPNL1Loss=0.153130,	FCISAcc=0.833268,	FCISAccFG=0.261368,	FCISLogLoss=0.517839,	FCISL1Loss=0.067076,	FCISMaskLoss=0.355354,	
2017-10-20 00:02:55,097 Epoch[0] Batch [3600]	Speed: 8.07 samples/sec	Train-RPNAcc=0.918080,	RPNLogLoss=0.209268,	RPNL1Loss=0.152583,	FCISAcc=0.833722,	FCISAccFG=0.268200,	FCISLogLoss=0.513842,	FCISL1Loss=0.066870,	FCISMaskLoss=0.352480,	
2017-10-20 00:03:19,506 Epoch[0] Batch [3700]	Speed: 8.19 samples/sec	Train-RPNAcc=0.918925,	RPNLogLoss=0.207261,	RPNL1Loss=0.151776,	FCISAcc=0.833983,	FCISAccFG=0.273826,	FCISLogLoss=0.510279,	FCISL1Loss=0.066615,	FCISMaskLoss=0.349736,	
2017-10-20 00:03:43,984 Epoch[0] Batch [3800]	Speed: 8.17 samples/sec	Train-RPNAcc=0.919587,	RPNLogLoss=0.205663,	RPNL1Loss=0.151110,	FCISAcc=0.834266,	FCISAccFG=0.279128,	FCISLogLoss=0.506951,	FCISL1Loss=0.066376,	FCISMaskLoss=0.347677,	
2017-10-20 00:04:08,636 Epoch[0] Batch [3900]	Speed: 8.11 samples/sec	Train-RPNAcc=0.920384,	RPNLogLoss=0.203838,	RPNL1Loss=0.150080,	FCISAcc=0.834563,	FCISAccFG=0.285243,	FCISLogLoss=0.503638,	FCISL1Loss=0.066167,	FCISMaskLoss=0.345355,	
2017-10-20 00:04:33,346 Epoch[0] Batch [4000]	Speed: 8.09 samples/sec	Train-RPNAcc=0.921089,	RPNLogLoss=0.202223,	RPNL1Loss=0.149083,	FCISAcc=0.834909,	FCISAccFG=0.290669,	FCISLogLoss=0.500740,	FCISL1Loss=0.066029,	FCISMaskLoss=0.343586,	
2017-10-20 00:04:55,382 Epoch[0] Train-RPNAcc=0.919534
2017-10-20 00:04:55,382 Epoch[0] Train-RPNLogLoss=0.213888
2017-10-20 00:04:55,382 Epoch[0] Train-RPNL1Loss=122.929353
2017-10-20 00:04:55,382 Epoch[0] Train-FCISAcc=0.834799
2017-10-20 00:04:55,382 Epoch[0] Train-FCISAccFG=0.285262
2017-10-20 00:04:55,382 Epoch[0] Train-FCISLogLoss=nan
2017-10-20 00:04:55,382 Epoch[0] Train-FCISL1Loss=nan
2017-10-20 00:04:55,382 Epoch[0] Train-FCISMaskLoss=nan
2017-10-20 00:04:55,382 Epoch[0] Time cost=970.489
2017-10-20 00:04:56,690 Saved checkpoint to "./output/fcis/ObjectSnap/resnet_v1_101_ObjectSnap_end2end_baseline/Refine_train/e2e-0001.params"
2017-10-20 00:05:20,887 Epoch[1] Batch [100]	Speed: 8.37 samples/sec	Train-RPNAcc=0.851582,	RPNLogLoss=0.477029,	RPNL1Loss=0.174061,	FCISAcc=0.811301,	FCISAccFG=0.000000,	FCISLogLoss=nan,	FCISL1Loss=nan,	FCISMaskLoss=nan,	
2017-10-20 00:05:43,831 Epoch[1] Batch [200]	Speed: 8.72 samples/sec	Train-RPNAcc=0.850260,	RPNLogLoss=0.450700,	RPNL1Loss=0.153467,	FCISAcc=0.821265,	FCISAccFG=0.000000,	FCISLogLoss=nan,	FCISL1Loss=nan,	FCISMaskLoss=nan,	
2017-10-20 00:06:06,703 Epoch[1] Batch [300]	Speed: 8.74 samples/sec	Train-RPNAcc=0.853522,	RPNLogLoss=0.432410,	RPNL1Loss=0.146520,	FCISAcc=0.823375,	FCISAccFG=0.000000,	FCISLogLoss=nan,	FCISL1Loss=nan,	FCISMaskLoss=nan,	
2017-10-20 00:06:30,053 Epoch[1] Batch [400]	Speed: 8.57 samples/sec	Train-RPNAcc=0.850739,	RPNLogLoss=0.428469,	RPNL1Loss=0.150181,	FCISAcc=0.819416,	FCISAccFG=0.000000,	FCISLogLoss=nan,	FCISL1Loss=nan,	FCISMaskLoss=nan,	
2017-10-20 00:06:53,586 Epoch[1] Batch [500]	Speed: 8.50 samples/sec	Train-RPNAcc=0.853796,	RPNLogLoss=0.417235,	RPNL1Loss=0.145566,	FCISAcc=0.819533,	FCISAccFG=0.000000,	FCISLogLoss=nan,	FCISL1Loss=nan,	FCISMaskLoss=nan,	
2017-10-20 00:07:16,969 Epoch[1] Batch [600]	Speed: 8.55 samples/sec	Train-RPNAcc=0.852732,	RPNLogLoss=0.415209,	RPNL1Loss=0.146926,	FCISAcc=0.819884,	FCISAccFG=0.000000,	FCISLogLoss=nan,	FCISL1Loss=nan,	FCISMaskLoss=nan,	
2017-10-20 00:07:39,941 Epoch[1] Batch [700]	Speed: 8.71 samples/sec	Train-RPNAcc=0.851808,	RPNLogLoss=0.413188,	RPNL1Loss=0.149238,	FCISAcc=0.822112,	FCISAccFG=0.000000,	FCISLogLoss=nan,	FCISL1Loss=nan,	FCISMaskLoss=nan,	
2017-10-20 00:08:03,155 Epoch[1] Batch [800]	Speed: 8.62 samples/sec	Train-RPNAcc=0.852833,	RPNLogLoss=0.408344,	RPNL1Loss=0.148474,	FCISAcc=0.820976,	FCISAccFG=0.000000,	FCISLogLoss=nan,	FCISL1Loss=nan,	FCISMaskLoss=nan,	
2017-10-20 00:08:26,634 Epoch[1] Batch [900]	Speed: 8.52 samples/sec	Train-RPNAcc=0.852935,	RPNLogLoss=0.406467,	RPNL1Loss=0.148216,	FCISAcc=0.821379,	FCISAccFG=0.000000,	FCISLogLoss=nan,	FCISL1Loss=nan,	FCISMaskLoss=nan,	
2017-10-20 00:08:50,133 Epoch[1] Batch [1000]	Speed: 8.51 samples/sec	Train-RPNAcc=0.851680,	RPNLogLoss=0.405667,	RPNL1Loss=0.149328,	FCISAcc=0.820902,	FCISAccFG=0.000000,	FCISLogLoss=nan,	FCISL1Loss=nan,	FCISMaskLoss=nan,	
2017-10-20 00:09:13,367 Epoch[1] Batch [1100]	Speed: 8.61 samples/sec	Train-RPNAcc=0.853037,	RPNLogLoss=0.402082,	RPNL1Loss=0.147273,	FCISAcc=0.820909,	FCISAccFG=0.000000,	FCISLogLoss=nan,	FCISL1Loss=nan,	FCISMaskLoss=nan,	
2017-10-20 00:09:37,236 Epoch[1] Batch [1200]	Speed: 8.38 samples/sec	Train-RPNAcc=0.852395,	RPNLogLoss=0.401998,	RPNL1Loss=0.147042,	FCISAcc=0.820973,	FCISAccFG=0.000000,	FCISLogLoss=nan,	FCISL1Loss=nan,	FCISMaskLoss=nan,	
2017-10-20 00:10:00,713 Epoch[1] Batch [1300]	Speed: 8.52 samples/sec	Train-RPNAcc=0.851039,	RPNLogLoss=0.403088,	RPNL1Loss=0.149419,	FCISAcc=0.820976,	FCISAccFG=0.000000,	FCISLogLoss=nan,	FCISL1Loss=nan,	FCISMaskLoss=nan,	
2017-10-20 00:10:23,892 Epoch[1] Batch [1400]	Speed: 8.63 samples/sec	Train-RPNAcc=0.851243,	RPNLogLoss=0.400447,	RPNL1Loss=0.148280,	FCISAcc=0.820457,	FCISAccFG=0.000000,	FCISLogLoss=nan,	FCISL1Loss=nan,	FCISMaskLoss=nan,	
2017-10-20 00:10:47,073 Epoch[1] Batch [1500]	Speed: 8.63 samples/sec	Train-RPNAcc=0.851081,	RPNLogLoss=0.400043,	RPNL1Loss=0.148529,	FCISAcc=0.821091,	FCISAccFG=0.000000,	FCISLogLoss=nan,	FCISL1Loss=nan,	FCISMaskLoss=nan,	
2017-10-20 00:11:10,363 Epoch[1] Batch [1600]	Speed: 8.59 samples/sec	Train-RPNAcc=0.851636,	RPNLogLoss=0.398601,	RPNL1Loss=0.147508,	FCISAcc=0.820273,	FCISAccFG=0.000000,	FCISLogLoss=nan,	FCISL1Loss=nan,	FCISMaskLoss=nan,	
2017-10-20 00:11:33,937 Epoch[1] Batch [1700]	Speed: 8.48 samples/sec	Train-RPNAcc=0.851217,	RPNLogLoss=0.397942,	RPNL1Loss=0.147807,	FCISAcc=0.819874,	FCISAccFG=0.000000,	FCISLogLoss=nan,	FCISL1Loss=nan,	FCISMaskLoss=nan,	
2017-10-20 00:11:57,786 Epoch[1] Batch [1800]	Speed: 8.39 samples/sec	Train-RPNAcc=0.851744,	RPNLogLoss=0.396854,	RPNL1Loss=0.147561,	FCISAcc=0.819898,	FCISAccFG=0.000000,	FCISLogLoss=nan,	FCISL1Loss=nan,	FCISMaskLoss=nan,	
2017-10-20 00:12:21,367 Epoch[1] Batch [1900]	Speed: 8.48 samples/sec	Train-RPNAcc=0.851405,	RPNLogLoss=0.396931,	RPNL1Loss=0.147987,	FCISAcc=0.819265,	FCISAccFG=0.000000,	FCISLogLoss=nan,	FCISL1Loss=nan,	FCISMaskLoss=nan,	
2017-10-20 00:12:44,903 Epoch[1] Batch [2000]	Speed: 8.50 samples/sec	Train-RPNAcc=0.851124,	RPNLogLoss=0.397241,	RPNL1Loss=0.148255,	FCISAcc=0.819748,	FCISAccFG=0.000000,	FCISLogLoss=nan,	FCISL1Loss=nan,	FCISMaskLoss=nan,	
2017-10-20 00:13:08,866 Epoch[1] Batch [2100]	Speed: 8.35 samples/sec	Train-RPNAcc=0.851166,	RPNLogLoss=0.396799,	RPNL1Loss=0.148065,	FCISAcc=0.819731,	FCISAccFG=0.000000,	FCISLogLoss=nan,	FCISL1Loss=nan,	FCISMaskLoss=nan,	
2017-10-20 00:13:32,838 Epoch[1] Batch [2200]	Speed: 8.34 samples/sec	Train-RPNAcc=0.851024,	RPNLogLoss=0.395672,	RPNL1Loss=0.147999,	FCISAcc=0.819285,	FCISAccFG=0.000000,	FCISLogLoss=nan,	FCISL1Loss=nan,	FCISMaskLoss=nan,	
2017-10-20 00:13:56,250 Epoch[1] Batch [2300]	Speed: 8.54 samples/sec	Train-RPNAcc=0.851675,	RPNLogLoss=0.394142,	RPNL1Loss=0.146931,	FCISAcc=0.819299,	FCISAccFG=0.000000,	FCISLogLoss=nan,	FCISL1Loss=nan,	FCISMaskLoss=nan,	
2017-10-20 00:14:19,930 Epoch[1] Batch [2400]	Speed: 8.45 samples/sec	Train-RPNAcc=0.851702,	RPNLogLoss=0.393815,	RPNL1Loss=0.146930,	FCISAcc=0.819497,	FCISAccFG=0.000000,	FCISLogLoss=nan,	FCISL1Loss=nan,	FCISMaskLoss=nan,	
2017-10-20 00:14:43,314 Epoch[1] Batch [2500]	Speed: 8.55 samples/sec	Train-RPNAcc=0.852384,	RPNLogLoss=0.392394,	RPNL1Loss=0.146174,	FCISAcc=0.819068,	FCISAccFG=0.000000,	FCISLogLoss=nan,	FCISL1Loss=nan,	FCISMaskLoss=nan,	
2017-10-20 00:15:06,647 Epoch[1] Batch [2600]	Speed: 8.57 samples/sec	Train-RPNAcc=0.851915,	RPNLogLoss=0.392234,	RPNL1Loss=0.146744,	FCISAcc=0.819417,	FCISAccFG=0.000000,	FCISLogLoss=nan,	FCISL1Loss=nan,	FCISMaskLoss=nan,	
2017-10-20 00:15:30,375 Epoch[1] Batch [2700]	Speed: 8.43 samples/sec	Train-RPNAcc=0.851972,	RPNLogLoss=0.391975,	RPNL1Loss=0.147143,	FCISAcc=0.819741,	FCISAccFG=0.000000,	FCISLogLoss=nan,	FCISL1Loss=nan,	FCISMaskLoss=nan,	
2017-10-20 00:15:53,815 Epoch[1] Batch [2800]	Speed: 8.53 samples/sec	Train-RPNAcc=0.851800,	RPNLogLoss=0.391656,	RPNL1Loss=0.146781,	FCISAcc=0.819830,	FCISAccFG=0.000000,	FCISLogLoss=nan,	FCISL1Loss=nan,	FCISMaskLoss=nan,	
2017-10-20 00:16:18,373 Epoch[1] Batch [2900]	Speed: 8.14 samples/sec	Train-RPNAcc=0.852226,	RPNLogLoss=0.391650,	RPNL1Loss=0.146877,	FCISAcc=0.819440,	FCISAccFG=0.000000,	FCISLogLoss=nan,	FCISL1Loss=nan,	FCISMaskLoss=nan,	
2017-10-20 00:16:42,751 Epoch[1] Batch [3000]	Speed: 8.20 samples/sec	Train-RPNAcc=0.852723,	RPNLogLoss=0.391116,	RPNL1Loss=0.146986,	FCISAcc=0.819285,	FCISAccFG=0.000000,	FCISLogLoss=nan,	FCISL1Loss=nan,	FCISMaskLoss=nan,	
2017-10-20 00:17:06,851 Epoch[1] Batch [3100]	Speed: 8.30 samples/sec	Train-RPNAcc=0.853702,	RPNLogLoss=0.389432,	RPNL1Loss=0.146073,	FCISAcc=0.818929,	FCISAccFG=0.000000,	FCISLogLoss=nan,	FCISL1Loss=nan,	FCISMaskLoss=nan,	
2017-10-20 00:17:30,930 Epoch[1] Batch [3200]	Speed: 8.31 samples/sec	Train-RPNAcc=0.853924,	RPNLogLoss=0.389299,	RPNL1Loss=0.146373,	FCISAcc=0.818499,	FCISAccFG=0.000000,	FCISLogLoss=nan,	FCISL1Loss=nan,	FCISMaskLoss=nan,	
2017-10-20 00:17:55,269 Epoch[1] Batch [3300]	Speed: 8.22 samples/sec	Train-RPNAcc=0.854418,	RPNLogLoss=0.388433,	RPNL1Loss=0.145951,	FCISAcc=0.818114,	FCISAccFG=0.000000,	FCISLogLoss=nan,	FCISL1Loss=nan,	FCISMaskLoss=nan,	
2017-10-20 00:18:19,330 Epoch[1] Batch [3400]	Speed: 8.31 samples/sec	Train-RPNAcc=0.855033,	RPNLogLoss=0.387168,	RPNL1Loss=0.145492,	FCISAcc=0.817825,	FCISAccFG=0.000000,	FCISLogLoss=nan,	FCISL1Loss=nan,	FCISMaskLoss=nan,	
2017-10-20 00:18:43,943 Epoch[1] Batch [3500]	Speed: 8.13 samples/sec	Train-RPNAcc=0.855417,	RPNLogLoss=0.386583,	RPNL1Loss=0.145361,	FCISAcc=0.817669,	FCISAccFG=0.000000,	FCISLogLoss=nan,	FCISL1Loss=nan,	FCISMaskLoss=nan,	
2017-10-20 00:19:08,208 Epoch[1] Batch [3600]	Speed: 8.24 samples/sec	Train-RPNAcc=0.856085,	RPNLogLoss=0.385295,	RPNL1Loss=0.144772,	FCISAcc=0.817423,	FCISAccFG=0.000000,	FCISLogLoss=nan,	FCISL1Loss=nan,	FCISMaskLoss=nan,	
2017-10-20 00:19:32,447 Epoch[1] Batch [3700]	Speed: 8.25 samples/sec	Train-RPNAcc=0.856525,	RPNLogLoss=0.384839,	RPNL1Loss=0.144867,	FCISAcc=0.817146,	FCISAccFG=0.000000,	FCISLogLoss=nan,	FCISL1Loss=nan,	FCISMaskLoss=nan,	
2017-10-20 00:19:57,073 Epoch[1] Batch [3800]	Speed: 8.12 samples/sec	Train-RPNAcc=0.856767,	RPNLogLoss=0.384492,	RPNL1Loss=0.144745,	FCISAcc=0.817026,	FCISAccFG=0.000000,	FCISLogLoss=nan,	FCISL1Loss=nan,	FCISMaskLoss=nan,	
2017-10-20 00:20:21,566 Epoch[1] Batch [3900]	Speed: 8.17 samples/sec	Train-RPNAcc=0.856918,	RPNLogLoss=0.384226,	RPNL1Loss=0.144947,	FCISAcc=0.817041,	FCISAccFG=0.000000,	FCISLogLoss=nan,	FCISL1Loss=nan,	FCISMaskLoss=nan,	
2017-10-20 00:20:46,473 Epoch[1] Batch [4000]	Speed: 8.03 samples/sec	Train-RPNAcc=0.856828,	RPNLogLoss=0.384706,	RPNL1Loss=0.145609,	FCISAcc=0.816999,	FCISAccFG=0.000000,	FCISLogLoss=nan,	FCISL1Loss=nan,	FCISMaskLoss=nan,	
2017-10-20 00:21:08,713 Epoch[1] Train-RPNAcc=0.857128
2017-10-20 00:21:08,713 Epoch[1] Train-RPNLogLoss=0.384127
2017-10-20 00:21:08,714 Epoch[1] Train-RPNL1Loss=0.145812
2017-10-20 00:21:08,714 Epoch[1] Train-FCISAcc=0.816887
2017-10-20 00:21:08,714 Epoch[1] Train-FCISAccFG=0.000000
2017-10-20 00:21:08,714 Epoch[1] Train-FCISLogLoss=nan
2017-10-20 00:21:08,714 Epoch[1] Train-FCISL1Loss=nan
2017-10-20 00:21:08,714 Epoch[1] Train-FCISMaskLoss=nan
2017-10-20 00:21:08,714 Epoch[1] Time cost=972.019
2017-10-20 00:21:09,816 Saved checkpoint to "./output/fcis/ObjectSnap/resnet_v1_101_ObjectSnap_end2end_baseline/Refine_train/e2e-0002.params"
2017-10-20 00:21:33,546 Epoch[2] Batch [100]	Speed: 8.56 samples/sec	Train-RPNAcc=0.855681,	RPNLogLoss=0.387103,	RPNL1Loss=0.151976,	FCISAcc=0.820699,	FCISAccFG=0.000000,	FCISLogLoss=nan,	FCISL1Loss=nan,	FCISMaskLoss=nan,	
2017-10-20 00:21:56,982 Epoch[2] Batch [200]	Speed: 8.53 samples/sec	Train-RPNAcc=0.849056,	RPNLogLoss=0.394989,	RPNL1Loss=0.153581,	FCISAcc=0.815726,	FCISAccFG=0.000000,	FCISLogLoss=nan,	FCISL1Loss=nan,	FCISMaskLoss=nan,	
2017-10-20 00:22:20,949 Epoch[2] Batch [300]	Speed: 8.34 samples/sec	Train-RPNAcc=0.851309,	RPNLogLoss=0.390630,	RPNL1Loss=0.155946,	FCISAcc=0.817561,	FCISAccFG=0.000000,	FCISLogLoss=nan,	FCISL1Loss=nan,	FCISMaskLoss=nan,	
2017-10-20 00:22:44,759 Epoch[2] Batch [400]	Speed: 8.40 samples/sec	Train-RPNAcc=0.851723,	RPNLogLoss=0.390948,	RPNL1Loss=0.156720,	FCISAcc=0.818968,	FCISAccFG=0.000000,	FCISLogLoss=nan,	FCISL1Loss=nan,	FCISMaskLoss=nan,	
2017-10-20 00:23:08,585 Epoch[2] Batch [500]	Speed: 8.39 samples/sec	Train-RPNAcc=0.852592,	RPNLogLoss=0.387362,	RPNL1Loss=0.151747,	FCISAcc=0.817973,	FCISAccFG=0.000000,	FCISLogLoss=nan,	FCISL1Loss=nan,	FCISMaskLoss=nan,	
2017-10-20 00:23:32,326 Epoch[2] Batch [600]	Speed: 8.42 samples/sec	Train-RPNAcc=0.850542,	RPNLogLoss=0.389742,	RPNL1Loss=0.152362,	FCISAcc=0.816829,	FCISAccFG=0.000000,	FCISLogLoss=nan,	FCISL1Loss=nan,	FCISMaskLoss=nan,	
2017-10-20 00:23:55,383 Epoch[2] Batch [700]	Speed: 8.67 samples/sec	Train-RPNAcc=0.851980,	RPNLogLoss=0.387786,	RPNL1Loss=0.151625,	FCISAcc=0.817108,	FCISAccFG=0.000000,	FCISLogLoss=nan,	FCISL1Loss=nan,	FCISMaskLoss=nan,	
2017-10-20 00:24:18,902 Epoch[2] Batch [800]	Speed: 8.50 samples/sec	Train-RPNAcc=0.851943,	RPNLogLoss=0.386805,	RPNL1Loss=0.152423,	FCISAcc=0.816533,	FCISAccFG=0.000000,	FCISLogLoss=nan,	FCISL1Loss=nan,	FCISMaskLoss=nan,	
2017-10-20 00:24:42,396 Epoch[2] Batch [900]	Speed: 8.51 samples/sec	Train-RPNAcc=0.852657,	RPNLogLoss=0.385143,	RPNL1Loss=0.150654,	FCISAcc=0.817837,	FCISAccFG=0.000000,	FCISLogLoss=nan,	FCISL1Loss=nan,	FCISMaskLoss=nan,	
2017-10-20 00:25:06,111 Epoch[2] Batch [1000]	Speed: 8.43 samples/sec	Train-RPNAcc=0.851845,	RPNLogLoss=0.387081,	RPNL1Loss=0.149412,	FCISAcc=0.818900,	FCISAccFG=0.000000,	FCISLogLoss=nan,	FCISL1Loss=nan,	FCISMaskLoss=nan,	
2017-10-20 00:25:30,184 Epoch[2] Batch [1100]	Speed: 8.31 samples/sec	Train-RPNAcc=0.851798,	RPNLogLoss=0.386167,	RPNL1Loss=0.149421,	FCISAcc=0.818102,	FCISAccFG=0.000000,	FCISLogLoss=nan,	FCISL1Loss=nan,	FCISMaskLoss=nan,	
2017-10-20 00:25:53,465 Epoch[2] Batch [1200]	Speed: 8.59 samples/sec	Train-RPNAcc=0.851589,	RPNLogLoss=0.385907,	RPNL1Loss=0.148420,	FCISAcc=0.818462,	FCISAccFG=0.000000,	FCISLogLoss=nan,	FCISL1Loss=nan,	FCISMaskLoss=nan,	
2017-10-20 00:26:17,054 Epoch[2] Batch [1300]	Speed: 8.48 samples/sec	Train-RPNAcc=0.851292,	RPNLogLoss=0.386558,	RPNL1Loss=0.149112,	FCISAcc=0.818766,	FCISAccFG=0.000000,	FCISLogLoss=nan,	FCISL1Loss=nan,	FCISMaskLoss=nan,	
2017-10-20 00:26:40,302 Epoch[2] Batch [1400]	Speed: 8.60 samples/sec	Train-RPNAcc=0.849817,	RPNLogLoss=0.388596,	RPNL1Loss=0.150390,	FCISAcc=0.819139,	FCISAccFG=0.000000,	FCISLogLoss=nan,	FCISL1Loss=nan,	FCISMaskLoss=nan,	
2017-10-20 00:27:03,586 Epoch[2] Batch [1500]	Speed: 8.59 samples/sec	Train-RPNAcc=0.851097,	RPNLogLoss=0.386091,	RPNL1Loss=0.148627,	FCISAcc=0.818928,	FCISAccFG=0.000000,	FCISLogLoss=nan,	FCISL1Loss=nan,	FCISMaskLoss=nan,	
2017-10-20 00:27:26,422 Epoch[2] Batch [1600]	Speed: 8.76 samples/sec	Train-RPNAcc=0.851366,	RPNLogLoss=0.385120,	RPNL1Loss=0.148136,	FCISAcc=0.818566,	FCISAccFG=0.000000,	FCISLogLoss=nan,	FCISL1Loss=nan,	FCISMaskLoss=nan,	
2017-10-20 00:27:49,861 Epoch[2] Batch [1700]	Speed: 8.53 samples/sec	Train-RPNAcc=0.851367,	RPNLogLoss=0.385485,	RPNL1Loss=0.148377,	FCISAcc=0.819162,	FCISAccFG=0.000000,	FCISLogLoss=nan,	FCISL1Loss=nan,	FCISMaskLoss=nan,	
2017-10-20 00:28:12,843 Epoch[2] Batch [1800]	Speed: 8.70 samples/sec	Train-RPNAcc=0.851363,	RPNLogLoss=0.385022,	RPNL1Loss=0.147920,	FCISAcc=0.818803,	FCISAccFG=0.000000,	FCISLogLoss=nan,	FCISL1Loss=nan,	FCISMaskLoss=nan,	
2017-10-20 00:28:35,813 Epoch[2] Batch [1900]	Speed: 8.71 samples/sec	Train-RPNAcc=0.851039,	RPNLogLoss=0.385004,	RPNL1Loss=0.148342,	FCISAcc=0.819361,	FCISAccFG=0.000000,	FCISLogLoss=nan,	FCISL1Loss=nan,	FCISMaskLoss=nan,	
2017-10-20 00:29:00,020 Epoch[2] Batch [2000]	Speed: 8.26 samples/sec	Train-RPNAcc=0.851004,	RPNLogLoss=0.385275,	RPNL1Loss=0.148686,	FCISAcc=0.819768,	FCISAccFG=0.000000,	FCISLogLoss=nan,	FCISL1Loss=nan,	FCISMaskLoss=nan,	
2017-10-20 00:29:23,235 Epoch[2] Batch [2100]	Speed: 8.62 samples/sec	Train-RPNAcc=0.851500,	RPNLogLoss=0.384586,	RPNL1Loss=0.148092,	FCISAcc=0.819679,	FCISAccFG=0.000000,	FCISLogLoss=nan,	FCISL1Loss=nan,	FCISMaskLoss=nan,	
2017-10-20 00:29:46,755 Epoch[2] Batch [2200]	Speed: 8.50 samples/sec	Train-RPNAcc=0.851752,	RPNLogLoss=0.384150,	RPNL1Loss=0.147650,	FCISAcc=0.819530,	FCISAccFG=0.000000,	FCISLogLoss=nan,	FCISL1Loss=nan,	FCISMaskLoss=nan,	
2017-10-20 00:30:10,139 Epoch[2] Batch [2300]	Speed: 8.55 samples/sec	Train-RPNAcc=0.851904,	RPNLogLoss=0.383944,	RPNL1Loss=0.147178,	FCISAcc=0.819839,	FCISAccFG=0.000000,	FCISLogLoss=nan,	FCISL1Loss=nan,	FCISMaskLoss=nan,	
2017-10-20 00:30:33,483 Epoch[2] Batch [2400]	Speed: 8.57 samples/sec	Train-RPNAcc=0.851907,	RPNLogLoss=0.383642,	RPNL1Loss=0.146984,	FCISAcc=0.819720,	FCISAccFG=0.000000,	FCISLogLoss=nan,	FCISL1Loss=nan,	FCISMaskLoss=nan,	
2017-10-20 00:30:56,633 Epoch[2] Batch [2500]	Speed: 8.64 samples/sec	Train-RPNAcc=0.851964,	RPNLogLoss=0.383092,	RPNL1Loss=0.146778,	FCISAcc=0.819775,	FCISAccFG=0.000000,	FCISLogLoss=nan,	FCISL1Loss=nan,	FCISMaskLoss=nan,	
2017-10-20 00:31:19,820 Epoch[2] Batch [2600]	Speed: 8.63 samples/sec	Train-RPNAcc=0.852103,	RPNLogLoss=0.382862,	RPNL1Loss=0.145882,	FCISAcc=0.819994,	FCISAccFG=0.000000,	FCISLogLoss=nan,	FCISL1Loss=nan,	FCISMaskLoss=nan,	
2017-10-20 00:31:43,261 Epoch[2] Batch [2700]	Speed: 8.53 samples/sec	Train-RPNAcc=0.852584,	RPNLogLoss=0.382246,	RPNL1Loss=0.145477,	FCISAcc=0.820152,	FCISAccFG=0.000000,	FCISLogLoss=nan,	FCISL1Loss=nan,	FCISMaskLoss=nan,	
2017-10-20 00:32:06,374 Epoch[2] Batch [2800]	Speed: 8.65 samples/sec	Train-RPNAcc=0.852198,	RPNLogLoss=0.382841,	RPNL1Loss=0.146105,	FCISAcc=0.820010,	FCISAccFG=0.000000,	FCISLogLoss=nan,	FCISL1Loss=nan,	FCISMaskLoss=nan,	
2017-10-20 00:32:30,184 Epoch[2] Batch [2900]	Speed: 8.40 samples/sec	Train-RPNAcc=0.852460,	RPNLogLoss=0.382937,	RPNL1Loss=0.146135,	FCISAcc=0.819723,	FCISAccFG=0.000000,	FCISLogLoss=nan,	FCISL1Loss=nan,	FCISMaskLoss=nan,	
2017-10-20 00:32:55,521 Epoch[2] Batch [3000]	Speed: 7.89 samples/sec	Train-RPNAcc=0.853226,	RPNLogLoss=0.381949,	RPNL1Loss=0.145984,	FCISAcc=0.819360,	FCISAccFG=0.000000,	FCISLogLoss=nan,	FCISL1Loss=nan,	FCISMaskLoss=nan,	
2017-10-20 00:33:20,361 Epoch[2] Batch [3100]	Speed: 8.05 samples/sec	Train-RPNAcc=0.853693,	RPNLogLoss=0.381333,	RPNL1Loss=0.145573,	FCISAcc=0.819411,	FCISAccFG=0.000000,	FCISLogLoss=nan,	FCISL1Loss=nan,	FCISMaskLoss=nan,	
2017-10-20 00:33:44,829 Epoch[2] Batch [3200]	Speed: 8.17 samples/sec	Train-RPNAcc=0.854189,	RPNLogLoss=0.380716,	RPNL1Loss=0.145412,	FCISAcc=0.818909,	FCISAccFG=0.000000,	FCISLogLoss=nan,	FCISL1Loss=nan,	FCISMaskLoss=nan,	
