2017-10-19 19:16:53,621 training config:{'BINARY_THRESH': 0.4,
 'CLASS_AGNOSTIC': True,
 'MASK_SIZE': 21,
 'MXNET_VERSION': 'mxnet',
 'SCALES': [(600, 1000)],
 'TEST': {'BATCH_IMAGES': 1,
          'CXX_PROPOSAL': False,
          'HAS_RPN': True,
          'ITER': 2,
          'MASK_MERGE_THRESH': 0.5,
          'MIN_DROP_SIZE': 16,
          'NMS': 0.3,
          'PROPOSAL_MIN_SIZE': 16,
          'PROPOSAL_NMS_THRESH': 0.7,
          'PROPOSAL_POST_NMS_TOP_N': 2000,
          'PROPOSAL_PRE_NMS_TOP_N': 20000,
          'RPN_MIN_SIZE': 16,
          'RPN_NMS_THRESH': 0.7,
          'RPN_POST_NMS_TOP_N': 300,
          'RPN_PRE_NMS_TOP_N': 6000,
          'USE_GPU_MASK_MERGE': True,
          'USE_MASK_MERGE': True,
          'test_epoch': 20},
 'TRAIN': {'ASPECT_GROUPING': True,
           'BATCH_IMAGES': 1,
           'BATCH_ROIS': 128,
           'BATCH_ROIS_OHEM': 128,
           'BBOX_MEANS': [0.0, 0.0, 0.0, 0.0],
           'BBOX_NORMALIZATION_PRECOMPUTED': True,
           'BBOX_REGRESSION_THRESH': 0.5,
           'BBOX_STDS': [0.2, 0.2, 0.5, 0.5],
           'BBOX_WEIGHTS': array([ 1.,  1.,  1.,  1.]),
           'BG_THRESH_HI': 0.5,
           'BG_THRESH_LO': 0.1,
           'BINARY_THRESH': 0.4,
           'CONVNEW3': True,
           'CXX_PROPOSAL': False,
           'ENABLE_OHEM': False,
           'END2END': True,
           'FG_FRACTION': 0.25,
           'FG_THRESH': 0.5,
           'FLIP': False,
           'GAP_SELECT_FROM_ALL': False,
           'IGNORE_GAP': False,
           'LOSS_WEIGHT': [1.0, 10.0, 1.0],
           'RESUME': False,
           'RPN_ALLOWED_BORDER': 0,
           'RPN_BATCH_SIZE': 256,
           'RPN_BBOX_WEIGHTS': [1.0, 1.0, 1.0, 1.0],
           'RPN_CLOBBER_POSITIVES': False,
           'RPN_FG_FRACTION': 0.5,
           'RPN_MIN_SIZE': 16,
           'RPN_NEGATIVE_OVERLAP': 0.3,
           'RPN_NMS_THRESH': 0.7,
           'RPN_POSITIVE_OVERLAP': 0.7,
           'RPN_POSITIVE_WEIGHT': -1.0,
           'RPN_POST_NMS_TOP_N': 300,
           'RPN_PRE_NMS_TOP_N': 6000,
           'SHUFFLE': True,
           'begin_epoch': 0,
           'end_epoch': 20,
           'lr': 0.005,
           'lr_step': '14',
           'model_prefix': 'e2e',
           'momentum': 0.9,
           'warmup': True,
           'warmup_lr': 5e-05,
           'warmup_step': 4000,
           'wd': 0.0005},
 'config_name': 'resnet_v1_101_ObjectSnap_end2end_baseline',
 'dataset': {'NUM_CLASSES': 5,
             'dataset': 'ObjectSnap',
             'dataset_path': './data/ObjectSnap',
             'image_set': 'Refine_train',
             'proposal': 'rpn',
             'root_path': './data',
             'test_image_set': 'Refine_val'},
 'default': {'frequent': 100, 'kvstore': 'device'},
 'gpus': '0,1',
 'network': {'ANCHOR_RATIOS': [0.5, 1, 2],
             'ANCHOR_SCALES': [8, 16, 32],
             'FIXED_PARAMS': ['conv1',
                              'bn_conv1',
                              'res2',
                              'bn2',
                              'gamma',
                              'beta'],
             'FIXED_PARAMS_SHARED': ['conv1',
                                     'bn_conv1',
                                     'res2',
                                     'bn2',
                                     'res3',
                                     'bn3',
                                     'res4',
                                     'bn4',
                                     'gamma',
                                     'beta'],
             'IMAGE_STRIDE': 0,
             'NUM_ANCHORS': 9,
             'PIXEL_MEANS': array([ 103.06,  115.9 ,  123.15]),
             'RCNN_FEAT_STRIDE': 16,
             'RPN_FEAT_STRIDE': 16,
             'pretrained': './model/pretrained_model/resnet_v1_101',
             'pretrained_epoch': 0},
 'output_path': './output/fcis/ObjectSnap',
 'symbol': 'resnet_v1_101_fcis'}

2017-10-19 19:17:22,584 Epoch[0] Batch [100]	Speed: 9.04 samples/sec	Train-RPNAcc=0.825166,	RPNLogLoss=0.426893,	RPNL1Loss=0.195073,	FCISAcc=0.711943,	FCISAccFG=0.039452,	FCISLogLoss=1.575657,	FCISL1Loss=0.094826,	FCISMaskLoss=0.691889,	
2017-10-19 19:17:45,982 Epoch[0] Batch [200]	Speed: 8.55 samples/sec	Train-RPNAcc=0.840767,	RPNLogLoss=0.392189,	RPNL1Loss=0.205116,	FCISAcc=0.766947,	FCISAccFG=0.019027,	FCISLogLoss=1.493842,	FCISL1Loss=0.098871,	FCISMaskLoss=0.680253,	
2017-10-19 19:18:09,593 Epoch[0] Batch [300]	Speed: 8.47 samples/sec	Train-RPNAcc=0.847215,	RPNLogLoss=0.379193,	RPNL1Loss=0.212756,	FCISAcc=0.787025,	FCISAccFG=0.012655,	FCISLogLoss=1.248555,	FCISL1Loss=0.099124,	FCISMaskLoss=0.653878,	
2017-10-19 19:18:32,104 Epoch[0] Batch [400]	Speed: 8.88 samples/sec	Train-RPNAcc=0.852098,	RPNLogLoss=0.365644,	RPNL1Loss=0.207883,	FCISAcc=0.796856,	FCISAccFG=0.009468,	FCISLogLoss=1.106427,	FCISL1Loss=0.098704,	FCISMaskLoss=0.626069,	
2017-10-19 19:18:54,966 Epoch[0] Batch [500]	Speed: 8.75 samples/sec	Train-RPNAcc=0.858221,	RPNLogLoss=0.349360,	RPNL1Loss=0.201660,	FCISAcc=0.800812,	FCISAccFG=0.007478,	FCISLogLoss=1.017600,	FCISL1Loss=0.097888,	FCISMaskLoss=0.593930,	
2017-10-19 19:19:17,894 Epoch[0] Batch [600]	Speed: 8.72 samples/sec	Train-RPNAcc=0.864071,	RPNLogLoss=0.334958,	RPNL1Loss=0.197254,	FCISAcc=0.804746,	FCISAccFG=0.006225,	FCISLogLoss=0.947321,	FCISL1Loss=0.094836,	FCISMaskLoss=0.566596,	
2017-10-19 19:19:41,146 Epoch[0] Batch [700]	Speed: 8.60 samples/sec	Train-RPNAcc=0.868466,	RPNLogLoss=0.322812,	RPNL1Loss=0.194150,	FCISAcc=0.808544,	FCISAccFG=0.005362,	FCISLogLoss=0.890432,	FCISL1Loss=0.091389,	FCISMaskLoss=0.545528,	
2017-10-19 19:20:03,982 Epoch[0] Batch [800]	Speed: 8.76 samples/sec	Train-RPNAcc=0.871933,	RPNLogLoss=0.314406,	RPNL1Loss=0.192945,	FCISAcc=0.811252,	FCISAccFG=0.007088,	FCISLogLoss=0.843763,	FCISL1Loss=0.087827,	FCISMaskLoss=0.523840,	
2017-10-19 19:20:26,764 Epoch[0] Batch [900]	Speed: 8.78 samples/sec	Train-RPNAcc=0.875726,	RPNLogLoss=0.306999,	RPNL1Loss=0.189792,	FCISAcc=0.812244,	FCISAccFG=0.008080,	FCISLogLoss=0.810536,	FCISL1Loss=0.085764,	FCISMaskLoss=0.508498,	
2017-10-19 19:20:49,537 Epoch[0] Batch [1000]	Speed: 8.78 samples/sec	Train-RPNAcc=0.879845,	RPNLogLoss=0.298239,	RPNL1Loss=0.185796,	FCISAcc=0.812508,	FCISAccFG=0.011304,	FCISLogLoss=0.783077,	FCISL1Loss=0.084260,	FCISMaskLoss=0.493464,	
2017-10-19 19:21:13,006 Epoch[0] Batch [1100]	Speed: 8.52 samples/sec	Train-RPNAcc=0.883568,	RPNLogLoss=0.289629,	RPNL1Loss=0.183764,	FCISAcc=0.814231,	FCISAccFG=0.022042,	FCISLogLoss=0.754207,	FCISL1Loss=0.082205,	FCISMaskLoss=0.480018,	
2017-10-19 19:21:36,041 Epoch[0] Batch [1200]	Speed: 8.68 samples/sec	Train-RPNAcc=0.886340,	RPNLogLoss=0.283265,	RPNL1Loss=0.181719,	FCISAcc=0.815414,	FCISAccFG=0.033935,	FCISLogLoss=0.731498,	FCISL1Loss=0.080635,	FCISMaskLoss=0.466747,	
2017-10-19 19:21:59,182 Epoch[0] Batch [1300]	Speed: 8.64 samples/sec	Train-RPNAcc=0.888857,	RPNLogLoss=0.277057,	RPNL1Loss=0.179359,	FCISAcc=0.815662,	FCISAccFG=0.043473,	FCISLogLoss=0.713653,	FCISL1Loss=0.079791,	FCISMaskLoss=0.456572,	
2017-10-19 19:22:22,740 Epoch[0] Batch [1400]	Speed: 8.49 samples/sec	Train-RPNAcc=0.891545,	RPNLogLoss=0.271046,	RPNL1Loss=0.176553,	FCISAcc=0.818570,	FCISAccFG=0.054378,	FCISLogLoss=0.690973,	FCISL1Loss=0.077976,	FCISMaskLoss=0.448378,	
2017-10-19 19:22:47,172 Epoch[0] Batch [1500]	Speed: 8.19 samples/sec	Train-RPNAcc=0.893510,	RPNLogLoss=0.266990,	RPNL1Loss=0.175465,	FCISAcc=0.819722,	FCISAccFG=0.067384,	FCISLogLoss=0.674930,	FCISL1Loss=0.076998,	FCISMaskLoss=0.439215,	
2017-10-19 19:23:10,627 Epoch[0] Batch [1600]	Speed: 8.53 samples/sec	Train-RPNAcc=0.896783,	RPNLogLoss=0.259661,	RPNL1Loss=0.172612,	FCISAcc=0.820481,	FCISAccFG=0.081822,	FCISLogLoss=0.660328,	FCISL1Loss=0.076059,	FCISMaskLoss=0.430849,	
2017-10-19 19:23:34,160 Epoch[0] Batch [1700]	Speed: 8.50 samples/sec	Train-RPNAcc=0.898346,	RPNLogLoss=0.256313,	RPNL1Loss=0.171198,	FCISAcc=0.821741,	FCISAccFG=0.095193,	FCISLogLoss=0.645561,	FCISL1Loss=0.075080,	FCISMaskLoss=0.423290,	
2017-10-19 19:23:58,174 Epoch[0] Batch [1800]	Speed: 8.33 samples/sec	Train-RPNAcc=0.899765,	RPNLogLoss=0.252893,	RPNL1Loss=0.170131,	FCISAcc=0.822440,	FCISAccFG=0.106492,	FCISLogLoss=0.634147,	FCISL1Loss=0.074453,	FCISMaskLoss=0.418351,	
2017-10-19 19:24:21,804 Epoch[0] Batch [1900]	Speed: 8.46 samples/sec	Train-RPNAcc=0.901535,	RPNLogLoss=0.248450,	RPNL1Loss=0.168187,	FCISAcc=0.823789,	FCISAccFG=0.117405,	FCISLogLoss=0.621893,	FCISL1Loss=0.073556,	FCISMaskLoss=0.413289,	
2017-10-19 19:24:45,904 Epoch[0] Batch [2000]	Speed: 8.30 samples/sec	Train-RPNAcc=0.902967,	RPNLogLoss=0.245157,	RPNL1Loss=0.167233,	FCISAcc=0.824515,	FCISAccFG=0.129415,	FCISLogLoss=0.611845,	FCISL1Loss=0.073072,	FCISMaskLoss=0.407388,	
2017-10-19 19:25:09,559 Epoch[0] Batch [2100]	Speed: 8.46 samples/sec	Train-RPNAcc=0.903991,	RPNLogLoss=0.243077,	RPNL1Loss=0.166490,	FCISAcc=0.824910,	FCISAccFG=0.139184,	FCISLogLoss=0.603541,	FCISL1Loss=0.072751,	FCISMaskLoss=0.403829,	
2017-10-19 19:25:32,806 Epoch[0] Batch [2200]	Speed: 8.60 samples/sec	Train-RPNAcc=0.905419,	RPNLogLoss=0.239670,	RPNL1Loss=0.165530,	FCISAcc=0.825434,	FCISAccFG=0.150119,	FCISLogLoss=0.595075,	FCISL1Loss=0.072315,	FCISMaskLoss=0.399184,	
2017-10-19 19:25:56,395 Epoch[0] Batch [2300]	Speed: 8.48 samples/sec	Train-RPNAcc=0.906653,	RPNLogLoss=0.236697,	RPNL1Loss=0.164610,	FCISAcc=0.825762,	FCISAccFG=0.160794,	FCISLogLoss=0.587679,	FCISL1Loss=0.071974,	FCISMaskLoss=0.394683,	
2017-10-19 19:26:19,623 Epoch[0] Batch [2400]	Speed: 8.61 samples/sec	Train-RPNAcc=0.907621,	RPNLogLoss=0.233952,	RPNL1Loss=0.163743,	FCISAcc=0.826495,	FCISAccFG=0.172250,	FCISLogLoss=0.579949,	FCISL1Loss=0.071476,	FCISMaskLoss=0.389213,	
2017-10-19 19:26:42,737 Epoch[0] Batch [2500]	Speed: 8.65 samples/sec	Train-RPNAcc=0.908819,	RPNLogLoss=0.230879,	RPNL1Loss=0.161900,	FCISAcc=0.826969,	FCISAccFG=0.181705,	FCISLogLoss=0.573431,	FCISL1Loss=0.071117,	FCISMaskLoss=0.385512,	
2017-10-19 19:27:06,642 Epoch[0] Batch [2600]	Speed: 8.37 samples/sec	Train-RPNAcc=0.909780,	RPNLogLoss=0.228500,	RPNL1Loss=0.161138,	FCISAcc=0.827503,	FCISAccFG=0.190008,	FCISLogLoss=0.566973,	FCISL1Loss=0.070699,	FCISMaskLoss=0.381670,	
2017-10-19 19:27:30,362 Epoch[0] Batch [2700]	Speed: 8.43 samples/sec	Train-RPNAcc=0.910876,	RPNLogLoss=0.225756,	RPNL1Loss=0.159532,	FCISAcc=0.828014,	FCISAccFG=0.198688,	FCISLogLoss=0.561077,	FCISL1Loss=0.070306,	FCISMaskLoss=0.379047,	
2017-10-19 19:27:53,990 Epoch[0] Batch [2800]	Speed: 8.46 samples/sec	Train-RPNAcc=0.911842,	RPNLogLoss=0.223600,	RPNL1Loss=0.158333,	FCISAcc=0.828573,	FCISAccFG=0.207191,	FCISLogLoss=0.555072,	FCISL1Loss=0.070021,	FCISMaskLoss=0.375371,	
2017-10-19 19:28:19,034 Epoch[0] Batch [2900]	Speed: 7.99 samples/sec	Train-RPNAcc=0.912790,	RPNLogLoss=0.221788,	RPNL1Loss=0.157939,	FCISAcc=0.829011,	FCISAccFG=0.216730,	FCISLogLoss=0.549471,	FCISL1Loss=0.069775,	FCISMaskLoss=0.372076,	
2017-10-19 19:28:43,619 Epoch[0] Batch [3000]	Speed: 8.14 samples/sec	Train-RPNAcc=0.913704,	RPNLogLoss=0.219670,	RPNL1Loss=0.156979,	FCISAcc=0.829299,	FCISAccFG=0.224514,	FCISLogLoss=0.544748,	FCISL1Loss=0.069548,	FCISMaskLoss=0.368374,	
2017-10-19 19:29:08,118 Epoch[0] Batch [3100]	Speed: 8.16 samples/sec	Train-RPNAcc=0.914517,	RPNLogLoss=0.217775,	RPNL1Loss=0.155803,	FCISAcc=0.829696,	FCISAccFG=0.232654,	FCISLogLoss=0.539962,	FCISL1Loss=0.069264,	FCISMaskLoss=0.365336,	
2017-10-19 19:29:32,531 Epoch[0] Batch [3200]	Speed: 8.19 samples/sec	Train-RPNAcc=0.915330,	RPNLogLoss=0.215899,	RPNL1Loss=0.155172,	FCISAcc=0.830162,	FCISAccFG=0.239679,	FCISLogLoss=0.535133,	FCISL1Loss=0.068979,	FCISMaskLoss=0.362742,	
2017-10-19 19:29:57,042 Epoch[0] Batch [3300]	Speed: 8.16 samples/sec	Train-RPNAcc=0.916051,	RPNLogLoss=0.214194,	RPNL1Loss=0.154722,	FCISAcc=0.830430,	FCISAccFG=0.246553,	FCISLogLoss=0.530994,	FCISL1Loss=0.068696,	FCISMaskLoss=0.360106,	
2017-10-19 19:30:21,737 Epoch[0] Batch [3400]	Speed: 8.10 samples/sec	Train-RPNAcc=0.916780,	RPNLogLoss=0.212528,	RPNL1Loss=0.154260,	FCISAcc=0.830681,	FCISAccFG=0.252239,	FCISLogLoss=0.527269,	FCISL1Loss=0.068476,	FCISMaskLoss=0.358114,	
2017-10-19 19:30:46,630 Epoch[0] Batch [3500]	Speed: 8.03 samples/sec	Train-RPNAcc=0.917546,	RPNLogLoss=0.210790,	RPNL1Loss=0.153098,	FCISAcc=0.831130,	FCISAccFG=0.259472,	FCISLogLoss=0.523004,	FCISL1Loss=0.068251,	FCISMaskLoss=0.355204,	
2017-10-19 19:31:11,661 Epoch[0] Batch [3600]	Speed: 7.99 samples/sec	Train-RPNAcc=0.918205,	RPNLogLoss=0.209033,	RPNL1Loss=0.152531,	FCISAcc=0.831539,	FCISAccFG=0.266209,	FCISLogLoss=0.518988,	FCISL1Loss=0.068026,	FCISMaskLoss=0.352383,	
2017-10-19 19:31:35,869 Epoch[0] Batch [3700]	Speed: 8.26 samples/sec	Train-RPNAcc=0.919075,	RPNLogLoss=0.206984,	RPNL1Loss=0.151728,	FCISAcc=0.831805,	FCISAccFG=0.271712,	FCISLogLoss=0.515377,	FCISL1Loss=0.067757,	FCISMaskLoss=0.349611,	
2017-10-19 19:32:00,397 Epoch[0] Batch [3800]	Speed: 8.15 samples/sec	Train-RPNAcc=0.919736,	RPNLogLoss=0.205367,	RPNL1Loss=0.151089,	FCISAcc=0.832210,	FCISAccFG=0.277448,	FCISLogLoss=0.511957,	FCISL1Loss=0.067485,	FCISMaskLoss=0.347518,	
2017-10-19 19:32:24,461 Epoch[0] Batch [3900]	Speed: 8.31 samples/sec	Train-RPNAcc=0.920529,	RPNLogLoss=0.203597,	RPNL1Loss=0.150058,	FCISAcc=0.832579,	FCISAccFG=0.283523,	FCISLogLoss=0.508514,	FCISL1Loss=0.067262,	FCISMaskLoss=0.345296,	
2017-10-19 19:32:49,479 Epoch[0] Batch [4000]	Speed: 7.99 samples/sec	Train-RPNAcc=0.921184,	RPNLogLoss=0.202017,	RPNL1Loss=0.149063,	FCISAcc=0.833044,	FCISAccFG=0.289065,	FCISLogLoss=0.505511,	FCISL1Loss=0.067044,	FCISMaskLoss=0.343448,	
2017-10-19 19:33:11,336 Epoch[0] Train-RPNAcc=0.919727
2017-10-19 19:33:11,336 Epoch[0] Train-RPNLogLoss=0.218474
2017-10-19 19:33:11,336 Epoch[0] Train-RPNL1Loss=592717621718675961675776.000000
2017-10-19 19:33:11,337 Epoch[0] Train-FCISAcc=0.832722
2017-10-19 19:33:11,337 Epoch[0] Train-FCISAccFG=0.283451
2017-10-19 19:33:11,337 Epoch[0] Train-FCISLogLoss=nan
2017-10-19 19:33:11,337 Epoch[0] Train-FCISL1Loss=nan
2017-10-19 19:33:11,337 Epoch[0] Train-FCISMaskLoss=nan
2017-10-19 19:33:11,337 Epoch[0] Time cost=971.913
2017-10-19 19:33:12,570 Saved checkpoint to "./output/fcis/ObjectSnap/resnet_v1_101_ObjectSnap_end2end_baseline/Refine_train/e2e-0001.params"
2017-10-19 19:33:36,326 Epoch[1] Batch [100]	Speed: 8.55 samples/sec	Train-RPNAcc=0.853496,	RPNLogLoss=0.459854,	RPNL1Loss=0.138828,	FCISAcc=0.814395,	FCISAccFG=0.000000,	FCISLogLoss=nan,	FCISL1Loss=nan,	FCISMaskLoss=nan,	
2017-10-19 19:33:59,847 Epoch[1] Batch [200]	Speed: 8.50 samples/sec	Train-RPNAcc=0.851825,	RPNLogLoss=0.442153,	RPNL1Loss=0.145325,	FCISAcc=0.814599,	FCISAccFG=0.000000,	FCISLogLoss=nan,	FCISL1Loss=nan,	FCISMaskLoss=nan,	
2017-10-19 19:34:23,259 Epoch[1] Batch [300]	Speed: 8.54 samples/sec	Train-RPNAcc=0.853847,	RPNLogLoss=0.428048,	RPNL1Loss=0.147195,	FCISAcc=0.818080,	FCISAccFG=0.000000,	FCISLogLoss=nan,	FCISL1Loss=nan,	FCISMaskLoss=nan,	
2017-10-19 19:34:46,715 Epoch[1] Batch [400]	Speed: 8.53 samples/sec	Train-RPNAcc=0.853408,	RPNLogLoss=0.417425,	RPNL1Loss=0.144254,	FCISAcc=0.817809,	FCISAccFG=0.000000,	FCISLogLoss=nan,	FCISL1Loss=nan,	FCISMaskLoss=nan,	
2017-10-19 19:35:09,140 Epoch[1] Batch [500]	Speed: 8.92 samples/sec	Train-RPNAcc=0.857383,	RPNLogLoss=0.408157,	RPNL1Loss=0.142472,	FCISAcc=0.817903,	FCISAccFG=0.000000,	FCISLogLoss=nan,	FCISL1Loss=nan,	FCISMaskLoss=nan,	
2017-10-19 19:35:32,489 Epoch[1] Batch [600]	Speed: 8.57 samples/sec	Train-RPNAcc=0.859505,	RPNLogLoss=0.399436,	RPNL1Loss=0.139536,	FCISAcc=0.818343,	FCISAccFG=0.000000,	FCISLogLoss=nan,	FCISL1Loss=nan,	FCISMaskLoss=nan,	
2017-10-19 19:35:56,037 Epoch[1] Batch [700]	Speed: 8.49 samples/sec	Train-RPNAcc=0.858876,	RPNLogLoss=0.397986,	RPNL1Loss=0.139129,	FCISAcc=0.819153,	FCISAccFG=0.000000,	FCISLogLoss=nan,	FCISL1Loss=nan,	FCISMaskLoss=nan,	
2017-10-19 19:36:19,064 Epoch[1] Batch [800]	Speed: 8.69 samples/sec	Train-RPNAcc=0.857427,	RPNLogLoss=0.396636,	RPNL1Loss=0.142037,	FCISAcc=0.819049,	FCISAccFG=0.000000,	FCISLogLoss=nan,	FCISL1Loss=nan,	FCISMaskLoss=nan,	
2017-10-19 19:36:42,115 Epoch[1] Batch [900]	Speed: 8.68 samples/sec	Train-RPNAcc=0.857600,	RPNLogLoss=0.394640,	RPNL1Loss=0.141715,	FCISAcc=0.818171,	FCISAccFG=0.000000,	FCISLogLoss=nan,	FCISL1Loss=nan,	FCISMaskLoss=nan,	
2017-10-19 19:37:05,252 Epoch[1] Batch [1000]	Speed: 8.64 samples/sec	Train-RPNAcc=0.857182,	RPNLogLoss=0.393805,	RPNL1Loss=0.142666,	FCISAcc=0.818603,	FCISAccFG=0.000000,	FCISLogLoss=nan,	FCISL1Loss=nan,	FCISMaskLoss=nan,	
2017-10-19 19:37:28,854 Epoch[1] Batch [1100]	Speed: 8.47 samples/sec	Train-RPNAcc=0.856744,	RPNLogLoss=0.392605,	RPNL1Loss=0.143074,	FCISAcc=0.818819,	FCISAccFG=0.000000,	FCISLogLoss=nan,	FCISL1Loss=nan,	FCISMaskLoss=nan,	
2017-10-19 19:37:52,464 Epoch[1] Batch [1200]	Speed: 8.47 samples/sec	Train-RPNAcc=0.855758,	RPNLogLoss=0.391828,	RPNL1Loss=0.143138,	FCISAcc=0.818387,	FCISAccFG=0.000000,	FCISLogLoss=nan,	FCISL1Loss=nan,	FCISMaskLoss=nan,	
2017-10-19 19:38:15,367 Epoch[1] Batch [1300]	Speed: 8.73 samples/sec	Train-RPNAcc=0.856158,	RPNLogLoss=0.390458,	RPNL1Loss=0.142667,	FCISAcc=0.818619,	FCISAccFG=0.000000,	FCISLogLoss=nan,	FCISL1Loss=nan,	FCISMaskLoss=nan,	
2017-10-19 19:38:39,090 Epoch[1] Batch [1400]	Speed: 8.43 samples/sec	Train-RPNAcc=0.855433,	RPNLogLoss=0.390683,	RPNL1Loss=0.143701,	FCISAcc=0.818609,	FCISAccFG=0.000000,	FCISLogLoss=nan,	FCISL1Loss=nan,	FCISMaskLoss=nan,	
2017-10-19 19:39:02,895 Epoch[1] Batch [1500]	Speed: 8.40 samples/sec	Train-RPNAcc=0.855255,	RPNLogLoss=0.390819,	RPNL1Loss=0.144313,	FCISAcc=0.818811,	FCISAccFG=0.000000,	FCISLogLoss=nan,	FCISL1Loss=nan,	FCISMaskLoss=nan,	
2017-10-19 19:39:26,224 Epoch[1] Batch [1600]	Speed: 8.57 samples/sec	Train-RPNAcc=0.855095,	RPNLogLoss=0.390459,	RPNL1Loss=0.143884,	FCISAcc=0.818658,	FCISAccFG=0.000000,	FCISLogLoss=nan,	FCISL1Loss=nan,	FCISMaskLoss=nan,	
2017-10-19 19:39:49,984 Epoch[1] Batch [1700]	Speed: 8.42 samples/sec	Train-RPNAcc=0.854036,	RPNLogLoss=0.390288,	RPNL1Loss=0.144602,	FCISAcc=0.818181,	FCISAccFG=0.000000,	FCISLogLoss=nan,	FCISL1Loss=nan,	FCISMaskLoss=nan,	
2017-10-19 19:40:13,280 Epoch[1] Batch [1800]	Speed: 8.59 samples/sec	Train-RPNAcc=0.853810,	RPNLogLoss=0.390440,	RPNL1Loss=0.144307,	FCISAcc=0.818666,	FCISAccFG=0.000000,	FCISLogLoss=nan,	FCISL1Loss=nan,	FCISMaskLoss=nan,	
2017-10-19 19:40:36,574 Epoch[1] Batch [1900]	Speed: 8.59 samples/sec	Train-RPNAcc=0.853379,	RPNLogLoss=0.391124,	RPNL1Loss=0.145313,	FCISAcc=0.818677,	FCISAccFG=0.000000,	FCISLogLoss=nan,	FCISL1Loss=nan,	FCISMaskLoss=nan,	
2017-10-19 19:40:59,862 Epoch[1] Batch [2000]	Speed: 8.59 samples/sec	Train-RPNAcc=0.853585,	RPNLogLoss=0.390070,	RPNL1Loss=0.145063,	FCISAcc=0.818380,	FCISAccFG=0.000000,	FCISLogLoss=nan,	FCISL1Loss=nan,	FCISMaskLoss=nan,	
2017-10-19 19:41:22,985 Epoch[1] Batch [2100]	Speed: 8.65 samples/sec	Train-RPNAcc=0.854025,	RPNLogLoss=0.388684,	RPNL1Loss=0.144443,	FCISAcc=0.818788,	FCISAccFG=0.000000,	FCISLogLoss=nan,	FCISL1Loss=nan,	FCISMaskLoss=nan,	
2017-10-19 19:41:47,114 Epoch[1] Batch [2200]	Speed: 8.29 samples/sec	Train-RPNAcc=0.853531,	RPNLogLoss=0.389748,	RPNL1Loss=0.145207,	FCISAcc=0.818795,	FCISAccFG=0.000000,	FCISLogLoss=nan,	FCISL1Loss=nan,	FCISMaskLoss=nan,	
2017-10-19 19:42:10,992 Epoch[1] Batch [2300]	Speed: 8.38 samples/sec	Train-RPNAcc=0.853337,	RPNLogLoss=0.390076,	RPNL1Loss=0.146098,	FCISAcc=0.818951,	FCISAccFG=0.000000,	FCISLogLoss=nan,	FCISL1Loss=nan,	FCISMaskLoss=nan,	
2017-10-19 19:42:34,998 Epoch[1] Batch [2400]	Speed: 8.33 samples/sec	Train-RPNAcc=0.853126,	RPNLogLoss=0.389983,	RPNL1Loss=0.146190,	FCISAcc=0.819279,	FCISAccFG=0.000000,	FCISLogLoss=nan,	FCISL1Loss=nan,	FCISMaskLoss=nan,	
2017-10-19 19:42:58,441 Epoch[1] Batch [2500]	Speed: 8.53 samples/sec	Train-RPNAcc=0.852907,	RPNLogLoss=0.389961,	RPNL1Loss=0.146014,	FCISAcc=0.819572,	FCISAccFG=0.000000,	FCISLogLoss=nan,	FCISL1Loss=nan,	FCISMaskLoss=nan,	
2017-10-19 19:43:22,196 Epoch[1] Batch [2600]	Speed: 8.42 samples/sec	Train-RPNAcc=0.852603,	RPNLogLoss=0.390251,	RPNL1Loss=0.146343,	FCISAcc=0.819824,	FCISAccFG=0.000000,	FCISLogLoss=nan,	FCISL1Loss=nan,	FCISMaskLoss=nan,	
2017-10-19 19:43:45,880 Epoch[1] Batch [2700]	Speed: 8.44 samples/sec	Train-RPNAcc=0.852084,	RPNLogLoss=0.391022,	RPNL1Loss=0.146897,	FCISAcc=0.819902,	FCISAccFG=0.000000,	FCISLogLoss=nan,	FCISL1Loss=nan,	FCISMaskLoss=nan,	
2017-10-19 19:44:09,479 Epoch[1] Batch [2800]	Speed: 8.47 samples/sec	Train-RPNAcc=0.851833,	RPNLogLoss=0.391611,	RPNL1Loss=0.146833,	FCISAcc=0.820286,	FCISAccFG=0.000000,	FCISLogLoss=nan,	FCISL1Loss=nan,	FCISMaskLoss=nan,	
2017-10-19 19:44:33,356 Epoch[1] Batch [2900]	Speed: 8.38 samples/sec	Train-RPNAcc=0.852388,	RPNLogLoss=0.391154,	RPNL1Loss=0.146339,	FCISAcc=0.820050,	FCISAccFG=0.000000,	FCISLogLoss=nan,	FCISL1Loss=nan,	FCISMaskLoss=nan,	
2017-10-19 19:44:57,973 Epoch[1] Batch [3000]	Speed: 8.12 samples/sec	Train-RPNAcc=0.853126,	RPNLogLoss=0.390166,	RPNL1Loss=0.145953,	FCISAcc=0.819658,	FCISAccFG=0.000000,	FCISLogLoss=nan,	FCISL1Loss=nan,	FCISMaskLoss=nan,	
2017-10-19 19:45:22,085 Epoch[1] Batch [3100]	Speed: 8.29 samples/sec	Train-RPNAcc=0.853494,	RPNLogLoss=0.389552,	RPNL1Loss=0.146084,	FCISAcc=0.819324,	FCISAccFG=0.000000,	FCISLogLoss=nan,	FCISL1Loss=nan,	FCISMaskLoss=nan,	
2017-10-19 19:45:46,658 Epoch[1] Batch [3200]	Speed: 8.14 samples/sec	Train-RPNAcc=0.853898,	RPNLogLoss=0.389133,	RPNL1Loss=0.146327,	FCISAcc=0.819258,	FCISAccFG=0.000000,	FCISLogLoss=nan,	FCISL1Loss=nan,	FCISMaskLoss=nan,	
2017-10-19 19:46:11,067 Epoch[1] Batch [3300]	Speed: 8.19 samples/sec	Train-RPNAcc=0.854375,	RPNLogLoss=0.388613,	RPNL1Loss=0.146400,	FCISAcc=0.819134,	FCISAccFG=0.000000,	FCISLogLoss=nan,	FCISL1Loss=nan,	FCISMaskLoss=nan,	
2017-10-19 19:46:35,443 Epoch[1] Batch [3400]	Speed: 8.20 samples/sec	Train-RPNAcc=0.855017,	RPNLogLoss=0.387393,	RPNL1Loss=0.145980,	FCISAcc=0.818896,	FCISAccFG=0.000000,	FCISLogLoss=nan,	FCISL1Loss=nan,	FCISMaskLoss=nan,	
2017-10-19 19:46:59,821 Epoch[1] Batch [3500]	Speed: 8.20 samples/sec	Train-RPNAcc=0.855281,	RPNLogLoss=0.387177,	RPNL1Loss=0.146125,	FCISAcc=0.818931,	FCISAccFG=0.000000,	FCISLogLoss=nan,	FCISL1Loss=nan,	FCISMaskLoss=nan,	
2017-10-19 19:47:24,031 Epoch[1] Batch [3600]	Speed: 8.26 samples/sec	Train-RPNAcc=0.855786,	RPNLogLoss=0.386396,	RPNL1Loss=0.145908,	FCISAcc=0.818823,	FCISAccFG=0.000000,	FCISLogLoss=nan,	FCISL1Loss=nan,	FCISMaskLoss=nan,	
2017-10-19 19:47:48,294 Epoch[1] Batch [3700]	Speed: 8.24 samples/sec	Train-RPNAcc=0.856486,	RPNLogLoss=0.385183,	RPNL1Loss=0.145570,	FCISAcc=0.818438,	FCISAccFG=0.000000,	FCISLogLoss=nan,	FCISL1Loss=nan,	FCISMaskLoss=nan,	
2017-10-19 19:48:12,493 Epoch[1] Batch [3800]	Speed: 8.26 samples/sec	Train-RPNAcc=0.856743,	RPNLogLoss=0.384580,	RPNL1Loss=0.145547,	FCISAcc=0.818330,	FCISAccFG=0.000000,	FCISLogLoss=nan,	FCISL1Loss=nan,	FCISMaskLoss=nan,	
2017-10-19 19:48:37,031 Epoch[1] Batch [3900]	Speed: 8.15 samples/sec	Train-RPNAcc=0.856712,	RPNLogLoss=0.384843,	RPNL1Loss=0.145947,	FCISAcc=0.818180,	FCISAccFG=0.000000,	FCISLogLoss=nan,	FCISL1Loss=nan,	FCISMaskLoss=nan,	
2017-10-19 19:49:01,603 Epoch[1] Batch [4000]	Speed: 8.14 samples/sec	Train-RPNAcc=0.856800,	RPNLogLoss=0.384799,	RPNL1Loss=0.146022,	FCISAcc=0.818116,	FCISAccFG=0.000000,	FCISLogLoss=nan,	FCISL1Loss=nan,	FCISMaskLoss=nan,	
2017-10-19 19:49:23,834 Epoch[1] Train-RPNAcc=0.857032
2017-10-19 19:49:23,834 Epoch[1] Train-RPNLogLoss=0.384434
2017-10-19 19:49:23,834 Epoch[1] Train-RPNL1Loss=0.145957
2017-10-19 19:49:23,834 Epoch[1] Train-FCISAcc=0.818213
2017-10-19 19:49:23,834 Epoch[1] Train-FCISAccFG=0.000000
2017-10-19 19:49:23,834 Epoch[1] Train-FCISLogLoss=nan
2017-10-19 19:49:23,834 Epoch[1] Train-FCISL1Loss=nan
2017-10-19 19:49:23,834 Epoch[1] Train-FCISMaskLoss=nan
2017-10-19 19:49:23,834 Epoch[1] Time cost=971.258
2017-10-19 19:49:24,843 Saved checkpoint to "./output/fcis/ObjectSnap/resnet_v1_101_ObjectSnap_end2end_baseline/Refine_train/e2e-0002.params"
2017-10-19 19:49:48,701 Epoch[2] Batch [100]	Speed: 8.51 samples/sec	Train-RPNAcc=0.845568,	RPNLogLoss=0.400705,	RPNL1Loss=0.156647,	FCISAcc=0.828899,	FCISAccFG=0.000000,	FCISLogLoss=nan,	FCISL1Loss=nan,	FCISMaskLoss=nan,	
2017-10-19 19:50:12,189 Epoch[2] Batch [200]	Speed: 8.52 samples/sec	Train-RPNAcc=0.849658,	RPNLogLoss=0.394870,	RPNL1Loss=0.147017,	FCISAcc=0.824316,	FCISAccFG=0.000000,	FCISLogLoss=nan,	FCISL1Loss=nan,	FCISMaskLoss=nan,	
2017-10-19 19:50:35,776 Epoch[2] Batch [300]	Speed: 8.48 samples/sec	Train-RPNAcc=0.853606,	RPNLogLoss=0.386529,	RPNL1Loss=0.145146,	FCISAcc=0.818924,	FCISAccFG=0.000000,	FCISLogLoss=nan,	FCISL1Loss=nan,	FCISMaskLoss=nan,	
2017-10-19 19:50:58,939 Epoch[2] Batch [400]	Speed: 8.63 samples/sec	Train-RPNAcc=0.853009,	RPNLogLoss=0.385280,	RPNL1Loss=0.144275,	FCISAcc=0.819368,	FCISAccFG=0.000000,	FCISLogLoss=nan,	FCISL1Loss=nan,	FCISMaskLoss=nan,	
2017-10-19 19:51:22,654 Epoch[2] Batch [500]	Speed: 8.43 samples/sec	Train-RPNAcc=0.854186,	RPNLogLoss=0.382357,	RPNL1Loss=0.141727,	FCISAcc=0.819283,	FCISAccFG=0.000000,	FCISLogLoss=nan,	FCISL1Loss=nan,	FCISMaskLoss=nan,	
2017-10-19 19:51:47,073 Epoch[2] Batch [600]	Speed: 8.19 samples/sec	Train-RPNAcc=0.853295,	RPNLogLoss=0.386010,	RPNL1Loss=0.144801,	FCISAcc=0.819656,	FCISAccFG=0.000000,	FCISLogLoss=nan,	FCISL1Loss=nan,	FCISMaskLoss=nan,	
2017-10-19 19:52:10,964 Epoch[2] Batch [700]	Speed: 8.37 samples/sec	Train-RPNAcc=0.852903,	RPNLogLoss=0.384765,	RPNL1Loss=0.145483,	FCISAcc=0.819003,	FCISAccFG=0.000000,	FCISLogLoss=nan,	FCISL1Loss=nan,	FCISMaskLoss=nan,	
2017-10-19 19:52:34,418 Epoch[2] Batch [800]	Speed: 8.53 samples/sec	Train-RPNAcc=0.854593,	RPNLogLoss=0.381831,	RPNL1Loss=0.142460,	FCISAcc=0.818274,	FCISAccFG=0.000000,	FCISLogLoss=nan,	FCISL1Loss=nan,	FCISMaskLoss=nan,	
2017-10-19 19:52:57,370 Epoch[2] Batch [900]	Speed: 8.71 samples/sec	Train-RPNAcc=0.855209,	RPNLogLoss=0.381873,	RPNL1Loss=0.142919,	FCISAcc=0.819484,	FCISAccFG=0.000000,	FCISLogLoss=nan,	FCISL1Loss=nan,	FCISMaskLoss=nan,	
2017-10-19 19:53:20,402 Epoch[2] Batch [1000]	Speed: 8.68 samples/sec	Train-RPNAcc=0.855034,	RPNLogLoss=0.381514,	RPNL1Loss=0.143375,	FCISAcc=0.819142,	FCISAccFG=0.000000,	FCISLogLoss=nan,	FCISL1Loss=nan,	FCISMaskLoss=nan,	
2017-10-19 19:53:44,753 Epoch[2] Batch [1100]	Speed: 8.21 samples/sec	Train-RPNAcc=0.854246,	RPNLogLoss=0.381343,	RPNL1Loss=0.142954,	FCISAcc=0.818269,	FCISAccFG=0.000000,	FCISLogLoss=nan,	FCISL1Loss=nan,	FCISMaskLoss=nan,	
2017-10-19 19:54:07,966 Epoch[2] Batch [1200]	Speed: 8.62 samples/sec	Train-RPNAcc=0.854748,	RPNLogLoss=0.379723,	RPNL1Loss=0.142100,	FCISAcc=0.817997,	FCISAccFG=0.000000,	FCISLogLoss=nan,	FCISL1Loss=nan,	FCISMaskLoss=nan,	
2017-10-19 19:54:31,782 Epoch[2] Batch [1300]	Speed: 8.40 samples/sec	Train-RPNAcc=0.854679,	RPNLogLoss=0.379738,	RPNL1Loss=0.142321,	FCISAcc=0.818454,	FCISAccFG=0.000000,	FCISLogLoss=nan,	FCISL1Loss=nan,	FCISMaskLoss=nan,	
2017-10-19 19:54:55,105 Epoch[2] Batch [1400]	Speed: 8.58 samples/sec	Train-RPNAcc=0.855101,	RPNLogLoss=0.379502,	RPNL1Loss=0.143331,	FCISAcc=0.818904,	FCISAccFG=0.000000,	FCISLogLoss=nan,	FCISL1Loss=nan,	FCISMaskLoss=nan,	
2017-10-19 19:55:18,357 Epoch[2] Batch [1500]	Speed: 8.60 samples/sec	Train-RPNAcc=0.855578,	RPNLogLoss=0.378743,	RPNL1Loss=0.142424,	FCISAcc=0.819688,	FCISAccFG=0.000000,	FCISLogLoss=nan,	FCISL1Loss=nan,	FCISMaskLoss=nan,	
2017-10-19 19:55:42,548 Epoch[2] Batch [1600]	Speed: 8.27 samples/sec	Train-RPNAcc=0.855275,	RPNLogLoss=0.379252,	RPNL1Loss=0.142837,	FCISAcc=0.819195,	FCISAccFG=0.000000,	FCISLogLoss=nan,	FCISL1Loss=nan,	FCISMaskLoss=nan,	
2017-10-19 19:56:05,845 Epoch[2] Batch [1700]	Speed: 8.58 samples/sec	Train-RPNAcc=0.855096,	RPNLogLoss=0.379109,	RPNL1Loss=0.142633,	FCISAcc=0.819357,	FCISAccFG=0.000000,	FCISLogLoss=nan,	FCISL1Loss=nan,	FCISMaskLoss=nan,	
2017-10-19 19:56:29,128 Epoch[2] Batch [1800]	Speed: 8.59 samples/sec	Train-RPNAcc=0.854508,	RPNLogLoss=0.379680,	RPNL1Loss=0.143029,	FCISAcc=0.819809,	FCISAccFG=0.000000,	FCISLogLoss=nan,	FCISL1Loss=nan,	FCISMaskLoss=nan,	
2017-10-19 19:56:53,142 Epoch[2] Batch [1900]	Speed: 8.33 samples/sec	Train-RPNAcc=0.853830,	RPNLogLoss=0.381158,	RPNL1Loss=0.144274,	FCISAcc=0.819669,	FCISAccFG=0.000000,	FCISLogLoss=nan,	FCISL1Loss=nan,	FCISMaskLoss=nan,	
2017-10-19 19:57:16,616 Epoch[2] Batch [2000]	Speed: 8.52 samples/sec	Train-RPNAcc=0.853647,	RPNLogLoss=0.381148,	RPNL1Loss=0.144502,	FCISAcc=0.820022,	FCISAccFG=0.000000,	FCISLogLoss=nan,	FCISL1Loss=nan,	FCISMaskLoss=nan,	
2017-10-19 19:57:39,839 Epoch[2] Batch [2100]	Speed: 8.61 samples/sec	Train-RPNAcc=0.853094,	RPNLogLoss=0.382132,	RPNL1Loss=0.145144,	FCISAcc=0.819811,	FCISAccFG=0.000000,	FCISLogLoss=nan,	FCISL1Loss=nan,	FCISMaskLoss=nan,	
2017-10-19 19:58:04,547 Epoch[2] Batch [2200]	Speed: 8.09 samples/sec	Train-RPNAcc=0.853000,	RPNLogLoss=0.382104,	RPNL1Loss=0.144982,	FCISAcc=0.819863,	FCISAccFG=0.000000,	FCISLogLoss=nan,	FCISL1Loss=nan,	FCISMaskLoss=nan,	
2017-10-19 19:58:28,141 Epoch[2] Batch [2300]	Speed: 8.48 samples/sec	Train-RPNAcc=0.852685,	RPNLogLoss=0.382275,	RPNL1Loss=0.145490,	FCISAcc=0.819953,	FCISAccFG=0.000000,	FCISLogLoss=nan,	FCISL1Loss=nan,	FCISMaskLoss=nan,	
2017-10-19 19:58:52,463 Epoch[2] Batch [2400]	Speed: 8.22 samples/sec	Train-RPNAcc=0.852198,	RPNLogLoss=0.382747,	RPNL1Loss=0.145954,	FCISAcc=0.819990,	FCISAccFG=0.000000,	FCISLogLoss=nan,	FCISL1Loss=nan,	FCISMaskLoss=nan,	
2017-10-19 19:59:15,746 Epoch[2] Batch [2500]	Speed: 8.59 samples/sec	Train-RPNAcc=0.852243,	RPNLogLoss=0.382711,	RPNL1Loss=0.146369,	FCISAcc=0.820253,	FCISAccFG=0.000000,	FCISLogLoss=nan,	FCISL1Loss=nan,	FCISMaskLoss=nan,	
2017-10-19 19:59:39,135 Epoch[2] Batch [2600]	Speed: 8.55 samples/sec	Train-RPNAcc=0.852135,	RPNLogLoss=0.382708,	RPNL1Loss=0.146409,	FCISAcc=0.820044,	FCISAccFG=0.000000,	FCISLogLoss=nan,	FCISL1Loss=nan,	FCISMaskLoss=nan,	
2017-10-19 20:00:02,568 Epoch[2] Batch [2700]	Speed: 8.54 samples/sec	Train-RPNAcc=0.852017,	RPNLogLoss=0.383124,	RPNL1Loss=0.146271,	FCISAcc=0.820200,	FCISAccFG=0.000000,	FCISLogLoss=nan,	FCISL1Loss=nan,	FCISMaskLoss=nan,	
2017-10-19 20:00:25,953 Epoch[2] Batch [2800]	Speed: 8.55 samples/sec	Train-RPNAcc=0.851771,	RPNLogLoss=0.383761,	RPNL1Loss=0.146497,	FCISAcc=0.820402,	FCISAccFG=0.000000,	FCISLogLoss=nan,	FCISL1Loss=nan,	FCISMaskLoss=nan,	
2017-10-19 20:00:50,438 Epoch[2] Batch [2900]	Speed: 8.17 samples/sec	Train-RPNAcc=0.852254,	RPNLogLoss=0.383230,	RPNL1Loss=0.146594,	FCISAcc=0.819787,	FCISAccFG=0.000000,	FCISLogLoss=nan,	FCISL1Loss=nan,	FCISMaskLoss=nan,	
2017-10-19 20:01:14,460 Epoch[2] Batch [3000]	Speed: 8.33 samples/sec	Train-RPNAcc=0.853035,	RPNLogLoss=0.382459,	RPNL1Loss=0.145712,	FCISAcc=0.819876,	FCISAccFG=0.000000,	FCISLogLoss=nan,	FCISL1Loss=nan,	FCISMaskLoss=nan,	
2017-10-19 20:01:38,420 Epoch[2] Batch [3100]	Speed: 8.35 samples/sec	Train-RPNAcc=0.853375,	RPNLogLoss=0.382235,	RPNL1Loss=0.146143,	FCISAcc=0.819577,	FCISAccFG=0.000000,	FCISLogLoss=nan,	FCISL1Loss=nan,	FCISMaskLoss=nan,	
2017-10-19 20:02:02,620 Epoch[2] Batch [3200]	Speed: 8.26 samples/sec	Train-RPNAcc=0.853426,	RPNLogLoss=0.382186,	RPNL1Loss=0.146146,	FCISAcc=0.819372,	FCISAccFG=0.000000,	FCISLogLoss=nan,	FCISL1Loss=nan,	FCISMaskLoss=nan,	
2017-10-19 20:02:26,848 Epoch[2] Batch [3300]	Speed: 8.25 samples/sec	Train-RPNAcc=0.853805,	RPNLogLoss=0.381849,	RPNL1Loss=0.146064,	FCISAcc=0.819001,	FCISAccFG=0.000000,	FCISLogLoss=nan,	FCISL1Loss=nan,	FCISMaskLoss=nan,	
2017-10-19 20:02:51,432 Epoch[2] Batch [3400]	Speed: 8.14 samples/sec	Train-RPNAcc=0.854378,	RPNLogLoss=0.381203,	RPNL1Loss=0.146071,	FCISAcc=0.818943,	FCISAccFG=0.000000,	FCISLogLoss=nan,	FCISL1Loss=nan,	FCISMaskLoss=nan,	
2017-10-19 20:03:16,116 Epoch[2] Batch [3500]	Speed: 8.10 samples/sec	Train-RPNAcc=0.855077,	RPNLogLoss=0.380069,	RPNL1Loss=0.145617,	FCISAcc=0.818409,	FCISAccFG=0.000000,	FCISLogLoss=nan,	FCISL1Loss=nan,	FCISMaskLoss=nan,	
2017-10-19 20:03:41,100 Epoch[2] Batch [3600]	Speed: 8.01 samples/sec	Train-RPNAcc=0.855163,	RPNLogLoss=0.380024,	RPNL1Loss=0.145969,	FCISAcc=0.818067,	FCISAccFG=0.000000,	FCISLogLoss=nan,	FCISL1Loss=nan,	FCISMaskLoss=nan,	
2017-10-19 20:04:05,198 Epoch[2] Batch [3700]	Speed: 8.30 samples/sec	Train-RPNAcc=0.855882,	RPNLogLoss=0.378870,	RPNL1Loss=0.145553,	FCISAcc=0.817753,	FCISAccFG=0.000000,	FCISLogLoss=nan,	FCISL1Loss=nan,	FCISMaskLoss=nan,	
2017-10-19 20:04:29,620 Epoch[2] Batch [3800]	Speed: 8.19 samples/sec	Train-RPNAcc=0.856261,	RPNLogLoss=0.378458,	RPNL1Loss=0.145606,	FCISAcc=0.817479,	FCISAccFG=0.000000,	FCISLogLoss=nan,	FCISL1Loss=nan,	FCISMaskLoss=nan,	
2017-10-19 20:04:53,505 Epoch[2] Batch [3900]	Speed: 8.37 samples/sec	Train-RPNAcc=0.856656,	RPNLogLoss=0.377977,	RPNL1Loss=0.145744,	FCISAcc=0.817303,	FCISAccFG=0.000000,	FCISLogLoss=nan,	FCISL1Loss=nan,	FCISMaskLoss=nan,	
2017-10-19 20:05:17,728 Epoch[2] Batch [4000]	Speed: 8.26 samples/sec	Train-RPNAcc=0.857147,	RPNLogLoss=0.377270,	RPNL1Loss=0.145462,	FCISAcc=0.817230,	FCISAccFG=0.000000,	FCISLogLoss=nan,	FCISL1Loss=nan,	FCISMaskLoss=nan,	
2017-10-19 20:05:39,680 Epoch[2] Train-RPNAcc=0.857067
2017-10-19 20:05:39,680 Epoch[2] Train-RPNLogLoss=0.377603
2017-10-19 20:05:39,680 Epoch[2] Train-RPNL1Loss=0.145615
2017-10-19 20:05:39,680 Epoch[2] Train-FCISAcc=0.817242
2017-10-19 20:05:39,680 Epoch[2] Train-FCISAccFG=0.000000
2017-10-19 20:05:39,680 Epoch[2] Train-FCISLogLoss=nan
2017-10-19 20:05:39,680 Epoch[2] Train-FCISL1Loss=nan
2017-10-19 20:05:39,680 Epoch[2] Train-FCISMaskLoss=nan
2017-10-19 20:05:39,681 Epoch[2] Time cost=974.830
2017-10-19 20:05:41,231 Saved checkpoint to "./output/fcis/ObjectSnap/resnet_v1_101_ObjectSnap_end2end_baseline/Refine_train/e2e-0003.params"
2017-10-19 20:06:05,719 Epoch[3] Batch [100]	Speed: 8.30 samples/sec	Train-RPNAcc=0.855972,	RPNLogLoss=0.381819,	RPNL1Loss=0.145659,	FCISAcc=0.817141,	FCISAccFG=0.000000,	FCISLogLoss=nan,	FCISL1Loss=nan,	FCISMaskLoss=nan,	
2017-10-19 20:06:29,019 Epoch[3] Batch [200]	Speed: 8.58 samples/sec	Train-RPNAcc=0.857636,	RPNLogLoss=0.379898,	RPNL1Loss=0.151724,	FCISAcc=0.819827,	FCISAccFG=0.000000,	FCISLogLoss=nan,	FCISL1Loss=nan,	FCISMaskLoss=nan,	
2017-10-19 20:06:52,436 Epoch[3] Batch [300]	Speed: 8.54 samples/sec	Train-RPNAcc=0.859252,	RPNLogLoss=0.373825,	RPNL1Loss=0.147129,	FCISAcc=0.818638,	FCISAccFG=0.000000,	FCISLogLoss=nan,	FCISL1Loss=nan,	FCISMaskLoss=nan,	
2017-10-19 20:07:15,454 Epoch[3] Batch [400]	Speed: 8.69 samples/sec	Train-RPNAcc=0.858942,	RPNLogLoss=0.373608,	RPNL1Loss=0.147580,	FCISAcc=0.819348,	FCISAccFG=0.000000,	FCISLogLoss=nan,	FCISL1Loss=nan,	FCISMaskLoss=nan,	
2017-10-19 20:07:38,820 Epoch[3] Batch [500]	Speed: 8.56 samples/sec	Train-RPNAcc=0.856693,	RPNLogLoss=0.377301,	RPNL1Loss=0.145883,	FCISAcc=0.818285,	FCISAccFG=0.000000,	FCISLogLoss=nan,	FCISL1Loss=nan,	FCISMaskLoss=nan,	
2017-10-19 20:08:03,109 Epoch[3] Batch [600]	Speed: 8.23 samples/sec	Train-RPNAcc=0.855998,	RPNLogLoss=0.380516,	RPNL1Loss=0.144391,	FCISAcc=0.819221,	FCISAccFG=0.000000,	FCISLogLoss=nan,	FCISL1Loss=nan,	FCISMaskLoss=nan,	
2017-10-19 20:08:26,358 Epoch[3] Batch [700]	Speed: 8.60 samples/sec	Train-RPNAcc=0.856678,	RPNLogLoss=0.377932,	RPNL1Loss=0.143061,	FCISAcc=0.818713,	FCISAccFG=0.000000,	FCISLogLoss=nan,	FCISL1Loss=nan,	FCISMaskLoss=nan,	
2017-10-19 20:08:49,568 Epoch[3] Batch [800]	Speed: 8.62 samples/sec	Train-RPNAcc=0.856720,	RPNLogLoss=0.378252,	RPNL1Loss=0.144817,	FCISAcc=0.818518,	FCISAccFG=0.000000,	FCISLogLoss=nan,	FCISL1Loss=nan,	FCISMaskLoss=nan,	
2017-10-19 20:09:13,124 Epoch[3] Batch [900]	Speed: 8.49 samples/sec	Train-RPNAcc=0.856869,	RPNLogLoss=0.378156,	RPNL1Loss=0.143950,	FCISAcc=0.818916,	FCISAccFG=0.000000,	FCISLogLoss=nan,	FCISL1Loss=nan,	FCISMaskLoss=nan,	
2017-10-19 20:09:36,440 Epoch[3] Batch [1000]	Speed: 8.58 samples/sec	Train-RPNAcc=0.857342,	RPNLogLoss=0.376684,	RPNL1Loss=0.143268,	FCISAcc=0.819150,	FCISAccFG=0.000000,	FCISLogLoss=nan,	FCISL1Loss=nan,	FCISMaskLoss=nan,	
2017-10-19 20:09:59,720 Epoch[3] Batch [1100]	Speed: 8.59 samples/sec	Train-RPNAcc=0.856973,	RPNLogLoss=0.377342,	RPNL1Loss=0.142832,	FCISAcc=0.819308,	FCISAccFG=0.000000,	FCISLogLoss=nan,	FCISL1Loss=nan,	FCISMaskLoss=nan,	
2017-10-19 20:10:23,578 Epoch[3] Batch [1200]	Speed: 8.38 samples/sec	Train-RPNAcc=0.857007,	RPNLogLoss=0.377351,	RPNL1Loss=0.142739,	FCISAcc=0.818615,	FCISAccFG=0.000000,	FCISLogLoss=nan,	FCISL1Loss=nan,	FCISMaskLoss=nan,	
2017-10-19 20:10:47,182 Epoch[3] Batch [1300]	Speed: 8.47 samples/sec	Train-RPNAcc=0.856290,	RPNLogLoss=0.378178,	RPNL1Loss=0.143586,	FCISAcc=0.818700,	FCISAccFG=0.000000,	FCISLogLoss=nan,	FCISL1Loss=nan,	FCISMaskLoss=nan,	
2017-10-19 20:11:10,144 Epoch[3] Batch [1400]	Speed: 8.71 samples/sec	Train-RPNAcc=0.856374,	RPNLogLoss=0.377826,	RPNL1Loss=0.141953,	FCISAcc=0.818525,	FCISAccFG=0.000000,	FCISLogLoss=nan,	FCISL1Loss=nan,	FCISMaskLoss=nan,	
2017-10-19 20:11:33,926 Epoch[3] Batch [1500]	Speed: 8.41 samples/sec	Train-RPNAcc=0.854883,	RPNLogLoss=0.379523,	RPNL1Loss=0.143926,	FCISAcc=0.818431,	FCISAccFG=0.000000,	FCISLogLoss=nan,	FCISL1Loss=nan,	FCISMaskLoss=nan,	
2017-10-19 20:11:57,568 Epoch[3] Batch [1600]	Speed: 8.46 samples/sec	Train-RPNAcc=0.854606,	RPNLogLoss=0.379943,	RPNL1Loss=0.144100,	FCISAcc=0.818758,	FCISAccFG=0.000000,	FCISLogLoss=nan,	FCISL1Loss=nan,	FCISMaskLoss=nan,	
2017-10-19 20:12:22,016 Epoch[3] Batch [1700]	Speed: 8.18 samples/sec	Train-RPNAcc=0.853853,	RPNLogLoss=0.381568,	RPNL1Loss=0.145437,	FCISAcc=0.819040,	FCISAccFG=0.000000,	FCISLogLoss=nan,	FCISL1Loss=nan,	FCISMaskLoss=nan,	
2017-10-19 20:12:45,358 Epoch[3] Batch [1800]	Speed: 8.57 samples/sec	Train-RPNAcc=0.853708,	RPNLogLoss=0.381670,	RPNL1Loss=0.145140,	FCISAcc=0.819135,	FCISAccFG=0.000000,	FCISLogLoss=nan,	FCISL1Loss=nan,	FCISMaskLoss=nan,	
2017-10-19 20:13:08,680 Epoch[3] Batch [1900]	Speed: 8.58 samples/sec	Train-RPNAcc=0.853712,	RPNLogLoss=0.381543,	RPNL1Loss=0.145236,	FCISAcc=0.819562,	FCISAccFG=0.000000,	FCISLogLoss=nan,	FCISL1Loss=nan,	FCISMaskLoss=nan,	
2017-10-19 20:13:31,884 Epoch[3] Batch [2000]	Speed: 8.62 samples/sec	Train-RPNAcc=0.853422,	RPNLogLoss=0.382044,	RPNL1Loss=0.146323,	FCISAcc=0.820086,	FCISAccFG=0.000000,	FCISLogLoss=nan,	FCISL1Loss=nan,	FCISMaskLoss=nan,	
2017-10-19 20:13:55,424 Epoch[3] Batch [2100]	Speed: 8.50 samples/sec	Train-RPNAcc=0.853240,	RPNLogLoss=0.381934,	RPNL1Loss=0.146248,	FCISAcc=0.820335,	FCISAccFG=0.000000,	FCISLogLoss=nan,	FCISL1Loss=nan,	FCISMaskLoss=nan,	
2017-10-19 20:14:19,034 Epoch[3] Batch [2200]	Speed: 8.47 samples/sec	Train-RPNAcc=0.852306,	RPNLogLoss=0.383809,	RPNL1Loss=0.147038,	FCISAcc=0.820706,	FCISAccFG=0.000000,	FCISLogLoss=nan,	FCISL1Loss=nan,	FCISMaskLoss=nan,	
2017-10-19 20:14:42,390 Epoch[3] Batch [2300]	Speed: 8.56 samples/sec	Train-RPNAcc=0.852197,	RPNLogLoss=0.383789,	RPNL1Loss=0.146733,	FCISAcc=0.820925,	FCISAccFG=0.000000,	FCISLogLoss=nan,	FCISL1Loss=nan,	FCISMaskLoss=nan,	
2017-10-19 20:15:06,335 Epoch[3] Batch [2400]	Speed: 8.35 samples/sec	Train-RPNAcc=0.852254,	RPNLogLoss=0.383530,	RPNL1Loss=0.146674,	FCISAcc=0.821007,	FCISAccFG=0.000000,	FCISLogLoss=nan,	FCISL1Loss=nan,	FCISMaskLoss=nan,	
2017-10-19 20:15:30,053 Epoch[3] Batch [2500]	Speed: 8.43 samples/sec	Train-RPNAcc=0.852228,	RPNLogLoss=0.383403,	RPNL1Loss=0.147210,	FCISAcc=0.820837,	FCISAccFG=0.000000,	FCISLogLoss=nan,	FCISL1Loss=nan,	FCISMaskLoss=nan,	
2017-10-19 20:15:53,555 Epoch[3] Batch [2600]	Speed: 8.51 samples/sec	Train-RPNAcc=0.852037,	RPNLogLoss=0.383513,	RPNL1Loss=0.146613,	FCISAcc=0.820781,	FCISAccFG=0.000000,	FCISLogLoss=nan,	FCISL1Loss=nan,	FCISMaskLoss=nan,	
2017-10-19 20:16:17,041 Epoch[3] Batch [2700]	Speed: 8.52 samples/sec	Train-RPNAcc=0.851937,	RPNLogLoss=0.383466,	RPNL1Loss=0.146336,	FCISAcc=0.820729,	FCISAccFG=0.000000,	FCISLogLoss=nan,	FCISL1Loss=nan,	FCISMaskLoss=nan,	
2017-10-19 20:16:40,172 Epoch[3] Batch [2800]	Speed: 8.65 samples/sec	Train-RPNAcc=0.851975,	RPNLogLoss=0.383276,	RPNL1Loss=0.146158,	FCISAcc=0.820862,	FCISAccFG=0.000000,	FCISLogLoss=nan,	FCISL1Loss=nan,	FCISMaskLoss=nan,	
2017-10-19 20:17:04,789 Epoch[3] Batch [2900]	Speed: 8.12 samples/sec	Train-RPNAcc=0.852573,	RPNLogLoss=0.382832,	RPNL1Loss=0.146162,	FCISAcc=0.820446,	FCISAccFG=0.000000,	FCISLogLoss=nan,	FCISL1Loss=nan,	FCISMaskLoss=nan,	
2017-10-19 20:17:28,384 Epoch[3] Batch [3000]	Speed: 8.48 samples/sec	Train-RPNAcc=0.853119,	RPNLogLoss=0.382263,	RPNL1Loss=0.145882,	FCISAcc=0.820366,	FCISAccFG=0.000000,	FCISLogLoss=nan,	FCISL1Loss=nan,	FCISMaskLoss=nan,	
2017-10-19 20:17:53,165 Epoch[3] Batch [3100]	Speed: 8.07 samples/sec	Train-RPNAcc=0.852676,	RPNLogLoss=0.383654,	RPNL1Loss=0.147225,	FCISAcc=0.820212,	FCISAccFG=0.000000,	FCISLogLoss=nan,	FCISL1Loss=nan,	FCISMaskLoss=nan,	
2017-10-19 20:18:17,689 Epoch[3] Batch [3200]	Speed: 8.16 samples/sec	Train-RPNAcc=0.853243,	RPNLogLoss=0.382761,	RPNL1Loss=0.147055,	FCISAcc=0.819715,	FCISAccFG=0.000000,	FCISLogLoss=nan,	FCISL1Loss=nan,	FCISMaskLoss=nan,	
2017-10-19 20:18:41,641 Epoch[3] Batch [3300]	Speed: 8.35 samples/sec	Train-RPNAcc=0.853930,	RPNLogLoss=0.381619,	RPNL1Loss=0.146489,	FCISAcc=0.819421,	FCISAccFG=0.000000,	FCISLogLoss=nan,	FCISL1Loss=nan,	FCISMaskLoss=nan,	
2017-10-19 20:19:05,557 Epoch[3] Batch [3400]	Speed: 8.36 samples/sec	Train-RPNAcc=0.854569,	RPNLogLoss=0.380671,	RPNL1Loss=0.146107,	FCISAcc=0.819446,	FCISAccFG=0.000000,	FCISLogLoss=nan,	FCISL1Loss=nan,	FCISMaskLoss=nan,	
2017-10-19 20:19:29,923 Epoch[3] Batch [3500]	Speed: 8.21 samples/sec	Train-RPNAcc=0.855215,	RPNLogLoss=0.379710,	RPNL1Loss=0.145834,	FCISAcc=0.819267,	FCISAccFG=0.000000,	FCISLogLoss=nan,	FCISL1Loss=nan,	FCISMaskLoss=nan,	
2017-10-19 20:19:54,456 Epoch[3] Batch [3600]	Speed: 8.15 samples/sec	Train-RPNAcc=0.855464,	RPNLogLoss=0.379468,	RPNL1Loss=0.146246,	FCISAcc=0.819107,	FCISAccFG=0.000000,	FCISLogLoss=nan,	FCISL1Loss=nan,	FCISMaskLoss=nan,	
2017-10-19 20:20:19,088 Epoch[3] Batch [3700]	Speed: 8.12 samples/sec	Train-RPNAcc=0.855801,	RPNLogLoss=0.378976,	RPNL1Loss=0.146180,	FCISAcc=0.818797,	FCISAccFG=0.000000,	FCISLogLoss=nan,	FCISL1Loss=nan,	FCISMaskLoss=nan,	
2017-10-19 20:20:43,712 Epoch[3] Batch [3800]	Speed: 8.12 samples/sec	Train-RPNAcc=0.856334,	RPNLogLoss=0.378153,	RPNL1Loss=0.145676,	FCISAcc=0.818433,	FCISAccFG=0.000000,	FCISLogLoss=nan,	FCISL1Loss=nan,	FCISMaskLoss=nan,	
2017-10-19 20:21:08,015 Epoch[3] Batch [3900]	Speed: 8.23 samples/sec	Train-RPNAcc=0.856704,	RPNLogLoss=0.377590,	RPNL1Loss=0.145286,	FCISAcc=0.818421,	FCISAccFG=0.000000,	FCISLogLoss=nan,	FCISL1Loss=nan,	FCISMaskLoss=nan,	
2017-10-19 20:21:32,705 Epoch[3] Batch [4000]	Speed: 8.10 samples/sec	Train-RPNAcc=0.856713,	RPNLogLoss=0.377670,	RPNL1Loss=0.145661,	FCISAcc=0.818081,	FCISAccFG=0.000000,	FCISLogLoss=nan,	FCISL1Loss=nan,	FCISMaskLoss=nan,	
2017-10-19 20:21:55,029 Epoch[3] Train-RPNAcc=0.857036
2017-10-19 20:21:55,029 Epoch[3] Train-RPNLogLoss=0.377569
2017-10-19 20:21:55,029 Epoch[3] Train-RPNL1Loss=0.145501
2017-10-19 20:21:55,029 Epoch[3] Train-FCISAcc=0.818183
2017-10-19 20:21:55,029 Epoch[3] Train-FCISAccFG=0.000000
2017-10-19 20:21:55,029 Epoch[3] Train-FCISLogLoss=nan
2017-10-19 20:21:55,029 Epoch[3] Train-FCISL1Loss=nan
2017-10-19 20:21:55,029 Epoch[3] Train-FCISMaskLoss=nan
2017-10-19 20:21:55,029 Epoch[3] Time cost=973.790
2017-10-19 20:21:56,313 Saved checkpoint to "./output/fcis/ObjectSnap/resnet_v1_101_ObjectSnap_end2end_baseline/Refine_train/e2e-0004.params"
2017-10-19 20:22:20,528 Epoch[4] Batch [100]	Speed: 8.37 samples/sec	Train-RPNAcc=0.859278,	RPNLogLoss=0.371607,	RPNL1Loss=0.134597,	FCISAcc=0.824257,	FCISAccFG=0.000000,	FCISLogLoss=nan,	FCISL1Loss=nan,	FCISMaskLoss=nan,	
2017-10-19 20:22:43,650 Epoch[4] Batch [200]	Speed: 8.65 samples/sec	Train-RPNAcc=0.857470,	RPNLogLoss=0.372764,	RPNL1Loss=0.137756,	FCISAcc=0.823539,	FCISAccFG=0.000000,	FCISLogLoss=nan,	FCISL1Loss=nan,	FCISMaskLoss=nan,	
2017-10-19 20:23:07,528 Epoch[4] Batch [300]	Speed: 8.38 samples/sec	Train-RPNAcc=0.853905,	RPNLogLoss=0.378688,	RPNL1Loss=0.146797,	FCISAcc=0.824816,	FCISAccFG=0.000000,	FCISLogLoss=nan,	FCISL1Loss=nan,	FCISMaskLoss=nan,	
2017-10-19 20:23:30,839 Epoch[4] Batch [400]	Speed: 8.58 samples/sec	Train-RPNAcc=0.853886,	RPNLogLoss=0.378395,	RPNL1Loss=0.148234,	FCISAcc=0.821462,	FCISAccFG=0.000000,	FCISLogLoss=nan,	FCISL1Loss=nan,	FCISMaskLoss=nan,	
2017-10-19 20:23:54,420 Epoch[4] Batch [500]	Speed: 8.48 samples/sec	Train-RPNAcc=0.852436,	RPNLogLoss=0.382259,	RPNL1Loss=0.150417,	FCISAcc=0.820991,	FCISAccFG=0.000000,	FCISLogLoss=nan,	FCISL1Loss=nan,	FCISMaskLoss=nan,	
2017-10-19 20:24:18,066 Epoch[4] Batch [600]	Speed: 8.46 samples/sec	Train-RPNAcc=0.852680,	RPNLogLoss=0.382543,	RPNL1Loss=0.149436,	FCISAcc=0.820410,	FCISAccFG=0.000000,	FCISLogLoss=nan,	FCISL1Loss=nan,	FCISMaskLoss=nan,	
2017-10-19 20:24:41,119 Epoch[4] Batch [700]	Speed: 8.68 samples/sec	Train-RPNAcc=0.854755,	RPNLogLoss=0.379433,	RPNL1Loss=0.146348,	FCISAcc=0.820028,	FCISAccFG=0.000000,	FCISLogLoss=nan,	FCISL1Loss=nan,	FCISMaskLoss=nan,	
2017-10-19 20:25:04,856 Epoch[4] Batch [800]	Speed: 8.43 samples/sec	Train-RPNAcc=0.852974,	RPNLogLoss=0.382334,	RPNL1Loss=0.146543,	FCISAcc=0.820571,	FCISAccFG=0.000000,	FCISLogLoss=nan,	FCISL1Loss=nan,	FCISMaskLoss=nan,	
2017-10-19 20:25:28,003 Epoch[4] Batch [900]	Speed: 8.64 samples/sec	Train-RPNAcc=0.851374,	RPNLogLoss=0.384925,	RPNL1Loss=0.149097,	FCISAcc=0.821271,	FCISAccFG=0.000000,	FCISLogLoss=nan,	FCISL1Loss=nan,	FCISMaskLoss=nan,	
2017-10-19 20:25:51,335 Epoch[4] Batch [1000]	Speed: 8.57 samples/sec	Train-RPNAcc=0.852349,	RPNLogLoss=0.382876,	RPNL1Loss=0.148146,	FCISAcc=0.821261,	FCISAccFG=0.000000,	FCISLogLoss=nan,	FCISL1Loss=nan,	FCISMaskLoss=nan,	
2017-10-19 20:26:15,111 Epoch[4] Batch [1100]	Speed: 8.41 samples/sec	Train-RPNAcc=0.850754,	RPNLogLoss=0.386320,	RPNL1Loss=0.149924,	FCISAcc=0.821448,	FCISAccFG=0.000000,	FCISLogLoss=nan,	FCISL1Loss=nan,	FCISMaskLoss=nan,	
2017-10-19 20:26:38,179 Epoch[4] Batch [1200]	Speed: 8.67 samples/sec	Train-RPNAcc=0.851915,	RPNLogLoss=0.384052,	RPNL1Loss=0.149554,	FCISAcc=0.820322,	FCISAccFG=0.000000,	FCISLogLoss=nan,	FCISL1Loss=nan,	FCISMaskLoss=nan,	
2017-10-19 20:27:01,937 Epoch[4] Batch [1300]	Speed: 8.42 samples/sec	Train-RPNAcc=0.851815,	RPNLogLoss=0.384321,	RPNL1Loss=0.150087,	FCISAcc=0.820219,	FCISAccFG=0.000000,	FCISLogLoss=nan,	FCISL1Loss=nan,	FCISMaskLoss=nan,	
2017-10-19 20:27:25,281 Epoch[4] Batch [1400]	Speed: 8.57 samples/sec	Train-RPNAcc=0.851688,	RPNLogLoss=0.385056,	RPNL1Loss=0.151124,	FCISAcc=0.819797,	FCISAccFG=0.000000,	FCISLogLoss=nan,	FCISL1Loss=nan,	FCISMaskLoss=nan,	
2017-10-19 20:27:48,751 Epoch[4] Batch [1500]	Speed: 8.52 samples/sec	Train-RPNAcc=0.851888,	RPNLogLoss=0.384628,	RPNL1Loss=0.150199,	FCISAcc=0.819797,	FCISAccFG=0.000000,	FCISLogLoss=nan,	FCISL1Loss=nan,	FCISMaskLoss=nan,	
2017-10-19 20:28:12,798 Epoch[4] Batch [1600]	Speed: 8.32 samples/sec	Train-RPNAcc=0.850840,	RPNLogLoss=0.386674,	RPNL1Loss=0.150653,	FCISAcc=0.819659,	FCISAccFG=0.000000,	FCISLogLoss=nan,	FCISL1Loss=nan,	FCISMaskLoss=nan,	
2017-10-19 20:28:35,855 Epoch[4] Batch [1700]	Speed: 8.67 samples/sec	Train-RPNAcc=0.851829,	RPNLogLoss=0.384523,	RPNL1Loss=0.149317,	FCISAcc=0.819784,	FCISAccFG=0.000000,	FCISLogLoss=nan,	FCISL1Loss=nan,	FCISMaskLoss=nan,	
2017-10-19 20:28:59,365 Epoch[4] Batch [1800]	Speed: 8.51 samples/sec	Train-RPNAcc=0.851398,	RPNLogLoss=0.385146,	RPNL1Loss=0.149267,	FCISAcc=0.819842,	FCISAccFG=0.000000,	FCISLogLoss=nan,	FCISL1Loss=nan,	FCISMaskLoss=nan,	
2017-10-19 20:29:22,915 Epoch[4] Batch [1900]	Speed: 8.49 samples/sec	Train-RPNAcc=0.852598,	RPNLogLoss=0.382758,	RPNL1Loss=0.147915,	FCISAcc=0.819341,	FCISAccFG=0.000000,	FCISLogLoss=nan,	FCISL1Loss=nan,	FCISMaskLoss=nan,	
2017-10-19 20:29:46,824 Epoch[4] Batch [2000]	Speed: 8.37 samples/sec	Train-RPNAcc=0.852324,	RPNLogLoss=0.382967,	RPNL1Loss=0.147569,	FCISAcc=0.819206,	FCISAccFG=0.000000,	FCISLogLoss=nan,	FCISL1Loss=nan,	FCISMaskLoss=nan,	
2017-10-19 20:30:09,926 Epoch[4] Batch [2100]	Speed: 8.66 samples/sec	Train-RPNAcc=0.851348,	RPNLogLoss=0.384560,	RPNL1Loss=0.148521,	FCISAcc=0.819428,	FCISAccFG=0.000000,	FCISLogLoss=nan,	FCISL1Loss=nan,	FCISMaskLoss=nan,	
2017-10-19 20:30:33,768 Epoch[4] Batch [2200]	Speed: 8.39 samples/sec	Train-RPNAcc=0.851357,	RPNLogLoss=0.384844,	RPNL1Loss=0.147913,	FCISAcc=0.819409,	FCISAccFG=0.000000,	FCISLogLoss=nan,	FCISL1Loss=nan,	FCISMaskLoss=nan,	
2017-10-19 20:30:56,795 Epoch[4] Batch [2300]	Speed: 8.69 samples/sec	Train-RPNAcc=0.851362,	RPNLogLoss=0.384641,	RPNL1Loss=0.147537,	FCISAcc=0.819515,	FCISAccFG=0.000000,	FCISLogLoss=nan,	FCISL1Loss=nan,	FCISMaskLoss=nan,	
2017-10-19 20:31:19,954 Epoch[4] Batch [2400]	Speed: 8.64 samples/sec	Train-RPNAcc=0.851897,	RPNLogLoss=0.383119,	RPNL1Loss=0.146525,	FCISAcc=0.819447,	FCISAccFG=0.000000,	FCISLogLoss=nan,	FCISL1Loss=nan,	FCISMaskLoss=nan,	
2017-10-19 20:31:44,426 Epoch[4] Batch [2500]	Speed: 8.17 samples/sec	Train-RPNAcc=0.852030,	RPNLogLoss=0.383051,	RPNL1Loss=0.146283,	FCISAcc=0.819496,	FCISAccFG=0.000000,	FCISLogLoss=nan,	FCISL1Loss=nan,	FCISMaskLoss=nan,	
2017-10-19 20:32:08,105 Epoch[4] Batch [2600]	Speed: 8.45 samples/sec	Train-RPNAcc=0.851765,	RPNLogLoss=0.383569,	RPNL1Loss=0.146709,	FCISAcc=0.819568,	FCISAccFG=0.000000,	FCISLogLoss=nan,	FCISL1Loss=nan,	FCISMaskLoss=nan,	
2017-10-19 20:32:31,500 Epoch[4] Batch [2700]	Speed: 8.55 samples/sec	Train-RPNAcc=0.851484,	RPNLogLoss=0.383936,	RPNL1Loss=0.147021,	FCISAcc=0.819355,	FCISAccFG=0.000000,	FCISLogLoss=nan,	FCISL1Loss=nan,	FCISMaskLoss=nan,	
2017-10-19 20:32:55,043 Epoch[4] Batch [2800]	Speed: 8.50 samples/sec	Train-RPNAcc=0.852037,	RPNLogLoss=0.383220,	RPNL1Loss=0.146195,	FCISAcc=0.819672,	FCISAccFG=0.000000,	FCISLogLoss=nan,	FCISL1Loss=nan,	FCISMaskLoss=nan,	
2017-10-19 20:33:19,205 Epoch[4] Batch [2900]	Speed: 8.28 samples/sec	Train-RPNAcc=0.852807,	RPNLogLoss=0.382241,	RPNL1Loss=0.145712,	FCISAcc=0.819462,	FCISAccFG=0.000000,	FCISLogLoss=nan,	FCISL1Loss=nan,	FCISMaskLoss=nan,	
2017-10-19 20:33:43,486 Epoch[4] Batch [3000]	Speed: 8.24 samples/sec	Train-RPNAcc=0.853075,	RPNLogLoss=0.382075,	RPNL1Loss=0.145727,	FCISAcc=0.819244,	FCISAccFG=0.000000,	FCISLogLoss=nan,	FCISL1Loss=nan,	FCISMaskLoss=nan,	
2017-10-19 20:34:08,463 Epoch[4] Batch [3100]	Speed: 8.01 samples/sec	Train-RPNAcc=0.852920,	RPNLogLoss=0.382779,	RPNL1Loss=0.146541,	FCISAcc=0.819087,	FCISAccFG=0.000000,	FCISLogLoss=nan,	FCISL1Loss=nan,	FCISMaskLoss=nan,	
2017-10-19 20:34:33,142 Epoch[4] Batch [3200]	Speed: 8.10 samples/sec	Train-RPNAcc=0.853246,	RPNLogLoss=0.382536,	RPNL1Loss=0.146374,	FCISAcc=0.818808,	FCISAccFG=0.000000,	FCISLogLoss=nan,	FCISL1Loss=nan,	FCISMaskLoss=nan,	
2017-10-19 20:34:57,536 Epoch[4] Batch [3300]	Speed: 8.20 samples/sec	Train-RPNAcc=0.853484,	RPNLogLoss=0.382465,	RPNL1Loss=0.146563,	FCISAcc=0.818739,	FCISAccFG=0.000000,	FCISLogLoss=nan,	FCISL1Loss=nan,	FCISMaskLoss=nan,	
2017-10-19 20:35:22,116 Epoch[4] Batch [3400]	Speed: 8.14 samples/sec	Train-RPNAcc=0.854128,	RPNLogLoss=0.381515,	RPNL1Loss=0.146587,	FCISAcc=0.818701,	FCISAccFG=0.000000,	FCISLogLoss=nan,	FCISL1Loss=nan,	FCISMaskLoss=nan,	
2017-10-19 20:35:46,573 Epoch[4] Batch [3500]	Speed: 8.18 samples/sec	Train-RPNAcc=0.854761,	RPNLogLoss=0.380536,	RPNL1Loss=0.146247,	FCISAcc=0.818322,	FCISAccFG=0.000000,	FCISLogLoss=nan,	FCISL1Loss=nan,	FCISMaskLoss=nan,	
2017-10-19 20:36:11,105 Epoch[4] Batch [3600]	Speed: 8.15 samples/sec	Train-RPNAcc=0.855129,	RPNLogLoss=0.380066,	RPNL1Loss=0.146394,	FCISAcc=0.818042,	FCISAccFG=0.000000,	FCISLogLoss=nan,	FCISL1Loss=nan,	FCISMaskLoss=nan,	
2017-10-19 20:36:35,603 Epoch[4] Batch [3700]	Speed: 8.16 samples/sec	Train-RPNAcc=0.855480,	RPNLogLoss=0.379658,	RPNL1Loss=0.146468,	FCISAcc=0.817981,	FCISAccFG=0.000000,	FCISLogLoss=nan,	FCISL1Loss=nan,	FCISMaskLoss=nan,	
2017-10-19 20:37:00,118 Epoch[4] Batch [3800]	Speed: 8.16 samples/sec	Train-RPNAcc=0.855747,	RPNLogLoss=0.379412,	RPNL1Loss=0.146491,	FCISAcc=0.817790,	FCISAccFG=0.000000,	FCISLogLoss=nan,	FCISL1Loss=nan,	FCISMaskLoss=nan,	
2017-10-19 20:37:24,540 Epoch[4] Batch [3900]	Speed: 8.19 samples/sec	Train-RPNAcc=0.856248,	RPNLogLoss=0.378771,	RPNL1Loss=0.146420,	FCISAcc=0.817792,	FCISAccFG=0.000000,	FCISLogLoss=nan,	FCISL1Loss=nan,	FCISMaskLoss=nan,	
2017-10-19 20:37:48,800 Epoch[4] Batch [4000]	Speed: 8.24 samples/sec	Train-RPNAcc=0.856966,	RPNLogLoss=0.377488,	RPNL1Loss=0.145812,	FCISAcc=0.817514,	FCISAccFG=0.000000,	FCISLogLoss=nan,	FCISL1Loss=nan,	FCISMaskLoss=nan,	
2017-10-19 20:38:10,592 Epoch[4] Train-RPNAcc=0.857039
2017-10-19 20:38:10,592 Epoch[4] Train-RPNLogLoss=0.377446
2017-10-19 20:38:10,592 Epoch[4] Train-RPNL1Loss=0.145614
2017-10-19 20:38:10,592 Epoch[4] Train-FCISAcc=0.817577
2017-10-19 20:38:10,592 Epoch[4] Train-FCISAccFG=0.000000
2017-10-19 20:38:10,593 Epoch[4] Train-FCISLogLoss=nan
2017-10-19 20:38:10,593 Epoch[4] Train-FCISL1Loss=nan
2017-10-19 20:38:10,593 Epoch[4] Train-FCISMaskLoss=nan
2017-10-19 20:38:10,593 Epoch[4] Time cost=974.273
2017-10-19 20:38:11,680 Saved checkpoint to "./output/fcis/ObjectSnap/resnet_v1_101_ObjectSnap_end2end_baseline/Refine_train/e2e-0005.params"
2017-10-19 20:38:35,431 Epoch[5] Batch [100]	Speed: 8.54 samples/sec	Train-RPNAcc=0.849339,	RPNLogLoss=0.384365,	RPNL1Loss=0.145293,	FCISAcc=0.816832,	FCISAccFG=0.000000,	FCISLogLoss=nan,	FCISL1Loss=nan,	FCISMaskLoss=nan,	
2017-10-19 20:38:59,041 Epoch[5] Batch [200]	Speed: 8.47 samples/sec	Train-RPNAcc=0.851222,	RPNLogLoss=0.383544,	RPNL1Loss=0.140499,	FCISAcc=0.818039,	FCISAccFG=0.000000,	FCISLogLoss=nan,	FCISL1Loss=nan,	FCISMaskLoss=nan,	
2017-10-19 20:39:21,886 Epoch[5] Batch [300]	Speed: 8.75 samples/sec	Train-RPNAcc=0.847449,	RPNLogLoss=0.388120,	RPNL1Loss=0.143854,	FCISAcc=0.819560,	FCISAccFG=0.000000,	FCISLogLoss=nan,	FCISL1Loss=nan,	FCISMaskLoss=nan,	
2017-10-19 20:39:45,538 Epoch[5] Batch [400]	Speed: 8.46 samples/sec	Train-RPNAcc=0.845976,	RPNLogLoss=0.392026,	RPNL1Loss=0.149927,	FCISAcc=0.817010,	FCISAccFG=0.000000,	FCISLogLoss=nan,	FCISL1Loss=nan,	FCISMaskLoss=nan,	
2017-10-19 20:40:09,217 Epoch[5] Batch [500]	Speed: 8.45 samples/sec	Train-RPNAcc=0.849021,	RPNLogLoss=0.387164,	RPNL1Loss=0.146665,	FCISAcc=0.817591,	FCISAccFG=0.000000,	FCISLogLoss=nan,	FCISL1Loss=nan,	FCISMaskLoss=nan,	
2017-10-19 20:40:32,465 Epoch[5] Batch [600]	Speed: 8.60 samples/sec	Train-RPNAcc=0.850510,	RPNLogLoss=0.385665,	RPNL1Loss=0.145974,	FCISAcc=0.817888,	FCISAccFG=0.000000,	FCISLogLoss=nan,	FCISL1Loss=nan,	FCISMaskLoss=nan,	
2017-10-19 20:40:55,935 Epoch[5] Batch [700]	Speed: 8.52 samples/sec	Train-RPNAcc=0.850760,	RPNLogLoss=0.386544,	RPNL1Loss=0.144324,	FCISAcc=0.820095,	FCISAccFG=0.000000,	FCISLogLoss=nan,	FCISL1Loss=nan,	FCISMaskLoss=nan,	
2017-10-19 20:41:19,158 Epoch[5] Batch [800]	Speed: 8.61 samples/sec	Train-RPNAcc=0.850829,	RPNLogLoss=0.385128,	RPNL1Loss=0.143471,	FCISAcc=0.819249,	FCISAccFG=0.000000,	FCISLogLoss=nan,	FCISL1Loss=nan,	FCISMaskLoss=nan,	
2017-10-19 20:41:42,043 Epoch[5] Batch [900]	Speed: 8.74 samples/sec	Train-RPNAcc=0.851565,	RPNLogLoss=0.384046,	RPNL1Loss=0.142651,	FCISAcc=0.820282,	FCISAccFG=0.000000,	FCISLogLoss=nan,	FCISL1Loss=nan,	FCISMaskLoss=nan,	
2017-10-19 20:42:05,154 Epoch[5] Batch [1000]	Speed: 8.65 samples/sec	Train-RPNAcc=0.852958,	RPNLogLoss=0.381906,	RPNL1Loss=0.141958,	FCISAcc=0.820008,	FCISAccFG=0.000000,	FCISLogLoss=nan,	FCISL1Loss=nan,	FCISMaskLoss=nan,	
2017-10-19 20:42:28,210 Epoch[5] Batch [1100]	Speed: 8.67 samples/sec	Train-RPNAcc=0.852128,	RPNLogLoss=0.383556,	RPNL1Loss=0.143062,	FCISAcc=0.820664,	FCISAccFG=0.000000,	FCISLogLoss=nan,	FCISL1Loss=nan,	FCISMaskLoss=nan,	
2017-10-19 20:42:52,090 Epoch[5] Batch [1200]	Speed: 8.38 samples/sec	Train-RPNAcc=0.852881,	RPNLogLoss=0.382337,	RPNL1Loss=0.142631,	FCISAcc=0.820179,	FCISAccFG=0.000000,	FCISLogLoss=nan,	FCISL1Loss=nan,	FCISMaskLoss=nan,	
2017-10-19 20:43:15,688 Epoch[5] Batch [1300]	Speed: 8.48 samples/sec	Train-RPNAcc=0.852948,	RPNLogLoss=0.382269,	RPNL1Loss=0.142693,	FCISAcc=0.819733,	FCISAccFG=0.000000,	FCISLogLoss=nan,	FCISL1Loss=nan,	FCISMaskLoss=nan,	
2017-10-19 20:43:39,079 Epoch[5] Batch [1400]	Speed: 8.55 samples/sec	Train-RPNAcc=0.852869,	RPNLogLoss=0.382243,	RPNL1Loss=0.143442,	FCISAcc=0.818971,	FCISAccFG=0.000000,	FCISLogLoss=nan,	FCISL1Loss=nan,	FCISMaskLoss=nan,	
2017-10-19 20:44:02,646 Epoch[5] Batch [1500]	Speed: 8.49 samples/sec	Train-RPNAcc=0.852710,	RPNLogLoss=0.383110,	RPNL1Loss=0.143701,	FCISAcc=0.819321,	FCISAccFG=0.000000,	FCISLogLoss=nan,	FCISL1Loss=nan,	FCISMaskLoss=nan,	
2017-10-19 20:44:26,302 Epoch[5] Batch [1600]	Speed: 8.45 samples/sec	Train-RPNAcc=0.851961,	RPNLogLoss=0.384257,	RPNL1Loss=0.144581,	FCISAcc=0.819061,	FCISAccFG=0.000000,	FCISLogLoss=nan,	FCISL1Loss=nan,	FCISMaskLoss=nan,	
2017-10-19 20:44:49,458 Epoch[5] Batch [1700]	Speed: 8.64 samples/sec	Train-RPNAcc=0.851396,	RPNLogLoss=0.384761,	RPNL1Loss=0.145262,	FCISAcc=0.819153,	FCISAccFG=0.000000,	FCISLogLoss=nan,	FCISL1Loss=nan,	FCISMaskLoss=nan,	
2017-10-19 20:45:13,063 Epoch[5] Batch [1800]	Speed: 8.47 samples/sec	Train-RPNAcc=0.851110,	RPNLogLoss=0.385154,	RPNL1Loss=0.145409,	FCISAcc=0.819588,	FCISAccFG=0.000000,	FCISLogLoss=nan,	FCISL1Loss=nan,	FCISMaskLoss=nan,	
2017-10-19 20:45:36,220 Epoch[5] Batch [1900]	Speed: 8.64 samples/sec	Train-RPNAcc=0.851552,	RPNLogLoss=0.384565,	RPNL1Loss=0.144803,	FCISAcc=0.819655,	FCISAccFG=0.000000,	FCISLogLoss=nan,	FCISL1Loss=nan,	FCISMaskLoss=nan,	
2017-10-19 20:46:00,017 Epoch[5] Batch [2000]	Speed: 8.40 samples/sec	Train-RPNAcc=0.851258,	RPNLogLoss=0.384969,	RPNL1Loss=0.145253,	FCISAcc=0.819489,	FCISAccFG=0.000000,	FCISLogLoss=nan,	FCISL1Loss=nan,	FCISMaskLoss=nan,	
2017-10-19 20:46:23,557 Epoch[5] Batch [2100]	Speed: 8.50 samples/sec	Train-RPNAcc=0.851619,	RPNLogLoss=0.384120,	RPNL1Loss=0.144918,	FCISAcc=0.819353,	FCISAccFG=0.000000,	FCISLogLoss=nan,	FCISL1Loss=nan,	FCISMaskLoss=nan,	
2017-10-19 20:46:47,090 Epoch[5] Batch [2200]	Speed: 8.50 samples/sec	Train-RPNAcc=0.851653,	RPNLogLoss=0.384083,	RPNL1Loss=0.145110,	FCISAcc=0.819505,	FCISAccFG=0.000000,	FCISLogLoss=nan,	FCISL1Loss=nan,	FCISMaskLoss=nan,	
2017-10-19 20:47:10,244 Epoch[5] Batch [2300]	Speed: 8.64 samples/sec	Train-RPNAcc=0.851457,	RPNLogLoss=0.383740,	RPNL1Loss=0.145672,	FCISAcc=0.819102,	FCISAccFG=0.000000,	FCISLogLoss=nan,	FCISL1Loss=nan,	FCISMaskLoss=nan,	
2017-10-19 20:47:33,731 Epoch[5] Batch [2400]	Speed: 8.52 samples/sec	Train-RPNAcc=0.850499,	RPNLogLoss=0.385633,	RPNL1Loss=0.147181,	FCISAcc=0.819224,	FCISAccFG=0.000000,	FCISLogLoss=nan,	FCISL1Loss=nan,	FCISMaskLoss=nan,	
2017-10-19 20:47:57,373 Epoch[5] Batch [2500]	Speed: 8.46 samples/sec	Train-RPNAcc=0.850864,	RPNLogLoss=0.385211,	RPNL1Loss=0.146988,	FCISAcc=0.818860,	FCISAccFG=0.000000,	FCISLogLoss=nan,	FCISL1Loss=nan,	FCISMaskLoss=nan,	
2017-10-19 20:48:20,678 Epoch[5] Batch [2600]	Speed: 8.58 samples/sec	Train-RPNAcc=0.851117,	RPNLogLoss=0.384513,	RPNL1Loss=0.146670,	FCISAcc=0.818902,	FCISAccFG=0.000000,	FCISLogLoss=nan,	FCISL1Loss=nan,	FCISMaskLoss=nan,	
2017-10-19 20:48:43,646 Epoch[5] Batch [2700]	Speed: 8.71 samples/sec	Train-RPNAcc=0.851375,	RPNLogLoss=0.384080,	RPNL1Loss=0.146664,	FCISAcc=0.818901,	FCISAccFG=0.000000,	FCISLogLoss=nan,	FCISL1Loss=nan,	FCISMaskLoss=nan,	
2017-10-19 20:49:08,052 Epoch[5] Batch [2800]	Speed: 8.19 samples/sec	Train-RPNAcc=0.851961,	RPNLogLoss=0.383415,	RPNL1Loss=0.146482,	FCISAcc=0.819285,	FCISAccFG=0.000000,	FCISLogLoss=nan,	FCISL1Loss=nan,	FCISMaskLoss=nan,	
2017-10-19 20:49:32,145 Epoch[5] Batch [2900]	Speed: 8.30 samples/sec	Train-RPNAcc=0.852955,	RPNLogLoss=0.382140,	RPNL1Loss=0.145841,	FCISAcc=0.819094,	FCISAccFG=0.000000,	FCISLogLoss=nan,	FCISL1Loss=nan,	FCISMaskLoss=nan,	
2017-10-19 20:49:56,616 Epoch[5] Batch [3000]	Speed: 8.17 samples/sec	Train-RPNAcc=0.853345,	RPNLogLoss=0.381658,	RPNL1Loss=0.145319,	FCISAcc=0.818875,	FCISAccFG=0.000000,	FCISLogLoss=nan,	FCISL1Loss=nan,	FCISMaskLoss=nan,	
2017-10-19 20:50:21,233 Epoch[5] Batch [3100]	Speed: 8.12 samples/sec	Train-RPNAcc=0.853866,	RPNLogLoss=0.380946,	RPNL1Loss=0.144898,	FCISAcc=0.818302,	FCISAccFG=0.000000,	FCISLogLoss=nan,	FCISL1Loss=nan,	FCISMaskLoss=nan,	
2017-10-19 20:50:45,643 Epoch[5] Batch [3200]	Speed: 8.19 samples/sec	Train-RPNAcc=0.854544,	RPNLogLoss=0.380056,	RPNL1Loss=0.144527,	FCISAcc=0.818155,	FCISAccFG=0.000000,	FCISLogLoss=nan,	FCISL1Loss=nan,	FCISMaskLoss=nan,	
2017-10-19 20:51:10,635 Epoch[5] Batch [3300]	Speed: 8.00 samples/sec	Train-RPNAcc=0.854719,	RPNLogLoss=0.379864,	RPNL1Loss=0.144749,	FCISAcc=0.817842,	FCISAccFG=0.000000,	FCISLogLoss=nan,	FCISL1Loss=nan,	FCISMaskLoss=nan,	
2017-10-19 20:51:35,076 Epoch[5] Batch [3400]	Speed: 8.18 samples/sec	Train-RPNAcc=0.855140,	RPNLogLoss=0.379360,	RPNL1Loss=0.145132,	FCISAcc=0.817824,	FCISAccFG=0.000000,	FCISLogLoss=nan,	FCISL1Loss=nan,	FCISMaskLoss=nan,	
2017-10-19 20:51:59,794 Epoch[5] Batch [3500]	Speed: 8.09 samples/sec	Train-RPNAcc=0.855458,	RPNLogLoss=0.379041,	RPNL1Loss=0.145255,	FCISAcc=0.817770,	FCISAccFG=0.000000,	FCISLogLoss=nan,	FCISL1Loss=nan,	FCISMaskLoss=nan,	
2017-10-19 20:52:24,637 Epoch[5] Batch [3600]	Speed: 8.05 samples/sec	Train-RPNAcc=0.855897,	RPNLogLoss=0.378361,	RPNL1Loss=0.144986,	FCISAcc=0.817615,	FCISAccFG=0.000000,	FCISLogLoss=nan,	FCISL1Loss=nan,	FCISMaskLoss=nan,	
2017-10-19 20:52:49,549 Epoch[5] Batch [3700]	Speed: 8.03 samples/sec	Train-RPNAcc=0.856169,	RPNLogLoss=0.378045,	RPNL1Loss=0.145024,	FCISAcc=0.817438,	FCISAccFG=0.000000,	FCISLogLoss=nan,	FCISL1Loss=nan,	FCISMaskLoss=nan,	
2017-10-19 20:53:14,325 Epoch[5] Batch [3800]	Speed: 8.07 samples/sec	Train-RPNAcc=0.856837,	RPNLogLoss=0.377054,	RPNL1Loss=0.144825,	FCISAcc=0.817010,	FCISAccFG=0.000000,	FCISLogLoss=nan,	FCISL1Loss=nan,	FCISMaskLoss=nan,	
2017-10-19 20:53:39,003 Epoch[5] Batch [3900]	Speed: 8.10 samples/sec	Train-RPNAcc=0.856587,	RPNLogLoss=0.377716,	RPNL1Loss=0.145564,	FCISAcc=0.817147,	FCISAccFG=0.000000,	FCISLogLoss=nan,	FCISL1Loss=nan,	FCISMaskLoss=nan,	
2017-10-19 20:54:03,330 Epoch[5] Batch [4000]	Speed: 8.22 samples/sec	Train-RPNAcc=0.856867,	RPNLogLoss=0.377567,	RPNL1Loss=0.145657,	FCISAcc=0.817153,	FCISAccFG=0.000000,	FCISLogLoss=nan,	FCISL1Loss=nan,	FCISMaskLoss=nan,	
2017-10-19 20:54:25,415 Epoch[5] Train-RPNAcc=0.857053
2017-10-19 20:54:25,415 Epoch[5] Train-RPNLogLoss=0.377438
2017-10-19 20:54:25,415 Epoch[5] Train-RPNL1Loss=0.145686
2017-10-19 20:54:25,415 Epoch[5] Train-FCISAcc=0.817015
2017-10-19 20:54:25,415 Epoch[5] Train-FCISAccFG=0.000000
2017-10-19 20:54:25,416 Epoch[5] Train-FCISLogLoss=nan
2017-10-19 20:54:25,416 Epoch[5] Train-FCISL1Loss=nan
2017-10-19 20:54:25,416 Epoch[5] Train-FCISMaskLoss=nan
2017-10-19 20:54:25,416 Epoch[5] Time cost=973.728
2017-10-19 20:54:26,290 Saved checkpoint to "./output/fcis/ObjectSnap/resnet_v1_101_ObjectSnap_end2end_baseline/Refine_train/e2e-0006.params"
2017-10-19 20:54:50,075 Epoch[6] Batch [100]	Speed: 8.51 samples/sec	Train-RPNAcc=0.866414,	RPNLogLoss=0.361271,	RPNL1Loss=0.141541,	FCISAcc=0.812384,	FCISAccFG=0.000000,	FCISLogLoss=nan,	FCISL1Loss=nan,	FCISMaskLoss=nan,	
2017-10-19 20:55:13,100 Epoch[6] Batch [200]	Speed: 8.69 samples/sec	Train-RPNAcc=0.861066,	RPNLogLoss=0.370950,	RPNL1Loss=0.143567,	FCISAcc=0.819827,	FCISAccFG=0.000000,	FCISLogLoss=nan,	FCISL1Loss=nan,	FCISMaskLoss=nan,	
2017-10-19 20:55:36,626 Epoch[6] Batch [300]	Speed: 8.50 samples/sec	Train-RPNAcc=0.855475,	RPNLogLoss=0.382161,	RPNL1Loss=0.151601,	FCISAcc=0.820987,	FCISAccFG=0.000000,	FCISLogLoss=nan,	FCISL1Loss=nan,	FCISMaskLoss=nan,	
2017-10-19 20:56:00,136 Epoch[6] Batch [400]	Speed: 8.51 samples/sec	Train-RPNAcc=0.859380,	RPNLogLoss=0.373326,	RPNL1Loss=0.149238,	FCISAcc=0.817867,	FCISAccFG=0.000000,	FCISLogLoss=nan,	FCISL1Loss=nan,	FCISMaskLoss=nan,	
2017-10-19 20:56:23,656 Epoch[6] Batch [500]	Speed: 8.50 samples/sec	Train-RPNAcc=0.859332,	RPNLogLoss=0.373364,	RPNL1Loss=0.145776,	FCISAcc=0.817241,	FCISAccFG=0.000000,	FCISLogLoss=nan,	FCISL1Loss=nan,	FCISMaskLoss=nan,	
2017-10-19 20:56:47,767 Epoch[6] Batch [600]	Speed: 8.30 samples/sec	Train-RPNAcc=0.859206,	RPNLogLoss=0.371928,	RPNL1Loss=0.145092,	FCISAcc=0.816023,	FCISAccFG=0.000000,	FCISLogLoss=nan,	FCISL1Loss=nan,	FCISMaskLoss=nan,	
2017-10-19 20:57:11,208 Epoch[6] Batch [700]	Speed: 8.53 samples/sec	Train-RPNAcc=0.855274,	RPNLogLoss=0.378500,	RPNL1Loss=0.147361,	FCISAcc=0.816651,	FCISAccFG=0.000000,	FCISLogLoss=nan,	FCISL1Loss=nan,	FCISMaskLoss=nan,	
2017-10-19 20:57:34,340 Epoch[6] Batch [800]	Speed: 8.65 samples/sec	Train-RPNAcc=0.855479,	RPNLogLoss=0.378170,	RPNL1Loss=0.145223,	FCISAcc=0.816748,	FCISAccFG=0.000000,	FCISLogLoss=nan,	FCISL1Loss=nan,	FCISMaskLoss=nan,	
2017-10-19 20:57:57,692 Epoch[6] Batch [900]	Speed: 8.56 samples/sec	Train-RPNAcc=0.854604,	RPNLogLoss=0.380647,	RPNL1Loss=0.145203,	FCISAcc=0.817603,	FCISAccFG=0.000000,	FCISLogLoss=nan,	FCISL1Loss=nan,	FCISMaskLoss=nan,	
2017-10-19 20:58:21,877 Epoch[6] Batch [1000]	Speed: 8.27 samples/sec	Train-RPNAcc=0.853816,	RPNLogLoss=0.382049,	RPNL1Loss=0.145961,	FCISAcc=0.818049,	FCISAccFG=0.000000,	FCISLogLoss=nan,	FCISL1Loss=nan,	FCISMaskLoss=nan,	
2017-10-19 20:58:45,419 Epoch[6] Batch [1100]	Speed: 8.50 samples/sec	Train-RPNAcc=0.852882,	RPNLogLoss=0.383161,	RPNL1Loss=0.146436,	FCISAcc=0.817368,	FCISAccFG=0.000000,	FCISLogLoss=nan,	FCISL1Loss=nan,	FCISMaskLoss=nan,	
2017-10-19 20:59:08,278 Epoch[6] Batch [1200]	Speed: 8.75 samples/sec	Train-RPNAcc=0.853488,	RPNLogLoss=0.382656,	RPNL1Loss=0.146110,	FCISAcc=0.817850,	FCISAccFG=0.000000,	FCISLogLoss=nan,	FCISL1Loss=nan,	FCISMaskLoss=nan,	
2017-10-19 20:59:32,224 Epoch[6] Batch [1300]	Speed: 8.35 samples/sec	Train-RPNAcc=0.852588,	RPNLogLoss=0.384601,	RPNL1Loss=0.146373,	FCISAcc=0.818307,	FCISAccFG=0.000000,	FCISLogLoss=nan,	FCISL1Loss=nan,	FCISMaskLoss=nan,	
2017-10-19 20:59:56,208 Epoch[6] Batch [1400]	Speed: 8.34 samples/sec	Train-RPNAcc=0.852884,	RPNLogLoss=0.383351,	RPNL1Loss=0.146076,	FCISAcc=0.817993,	FCISAccFG=0.000000,	FCISLogLoss=nan,	FCISL1Loss=nan,	FCISMaskLoss=nan,	
2017-10-19 21:00:19,493 Epoch[6] Batch [1500]	Speed: 8.59 samples/sec	Train-RPNAcc=0.852606,	RPNLogLoss=0.383458,	RPNL1Loss=0.146181,	FCISAcc=0.818587,	FCISAccFG=0.000000,	FCISLogLoss=nan,	FCISL1Loss=nan,	FCISMaskLoss=nan,	
2017-10-19 21:00:42,981 Epoch[6] Batch [1600]	Speed: 8.52 samples/sec	Train-RPNAcc=0.851833,	RPNLogLoss=0.385236,	RPNL1Loss=0.147641,	FCISAcc=0.818736,	FCISAccFG=0.000000,	FCISLogLoss=nan,	FCISL1Loss=nan,	FCISMaskLoss=nan,	
2017-10-19 21:01:06,112 Epoch[6] Batch [1700]	Speed: 8.65 samples/sec	Train-RPNAcc=0.852465,	RPNLogLoss=0.383966,	RPNL1Loss=0.146903,	FCISAcc=0.818852,	FCISAccFG=0.000000,	FCISLogLoss=nan,	FCISL1Loss=nan,	FCISMaskLoss=nan,	
2017-10-19 21:01:29,290 Epoch[6] Batch [1800]	Speed: 8.63 samples/sec	Train-RPNAcc=0.851982,	RPNLogLoss=0.384973,	RPNL1Loss=0.146754,	FCISAcc=0.819284,	FCISAccFG=0.000000,	FCISLogLoss=nan,	FCISL1Loss=nan,	FCISMaskLoss=nan,	
2017-10-19 21:01:52,762 Epoch[6] Batch [1900]	Speed: 8.52 samples/sec	Train-RPNAcc=0.852754,	RPNLogLoss=0.383659,	RPNL1Loss=0.145836,	FCISAcc=0.819373,	FCISAccFG=0.000000,	FCISLogLoss=nan,	FCISL1Loss=nan,	FCISMaskLoss=nan,	
2017-10-19 21:02:16,652 Epoch[6] Batch [2000]	Speed: 8.37 samples/sec	Train-RPNAcc=0.851802,	RPNLogLoss=0.384685,	RPNL1Loss=0.145970,	FCISAcc=0.819172,	FCISAccFG=0.000000,	FCISLogLoss=nan,	FCISL1Loss=nan,	FCISMaskLoss=nan,	
2017-10-19 21:02:39,997 Epoch[6] Batch [2100]	Speed: 8.57 samples/sec	Train-RPNAcc=0.851825,	RPNLogLoss=0.384634,	RPNL1Loss=0.146033,	FCISAcc=0.819481,	FCISAccFG=0.000000,	FCISLogLoss=nan,	FCISL1Loss=nan,	FCISMaskLoss=nan,	
2017-10-19 21:03:03,300 Epoch[6] Batch [2200]	Speed: 8.58 samples/sec	Train-RPNAcc=0.851614,	RPNLogLoss=0.384046,	RPNL1Loss=0.145609,	FCISAcc=0.819416,	FCISAccFG=0.000000,	FCISLogLoss=nan,	FCISL1Loss=nan,	FCISMaskLoss=nan,	
2017-10-19 21:03:26,964 Epoch[6] Batch [2300]	Speed: 8.45 samples/sec	Train-RPNAcc=0.851975,	RPNLogLoss=0.383013,	RPNL1Loss=0.144826,	FCISAcc=0.819355,	FCISAccFG=0.000000,	FCISLogLoss=nan,	FCISL1Loss=nan,	FCISMaskLoss=nan,	
2017-10-19 21:03:50,541 Epoch[6] Batch [2400]	Speed: 8.48 samples/sec	Train-RPNAcc=0.852640,	RPNLogLoss=0.381680,	RPNL1Loss=0.144892,	FCISAcc=0.818842,	FCISAccFG=0.000000,	FCISLogLoss=nan,	FCISL1Loss=nan,	FCISMaskLoss=nan,	
2017-10-19 21:04:14,085 Epoch[6] Batch [2500]	Speed: 8.49 samples/sec	Train-RPNAcc=0.852916,	RPNLogLoss=0.381224,	RPNL1Loss=0.145266,	FCISAcc=0.818877,	FCISAccFG=0.000000,	FCISLogLoss=nan,	FCISL1Loss=nan,	FCISMaskLoss=nan,	
2017-10-19 21:04:37,456 Epoch[6] Batch [2600]	Speed: 8.56 samples/sec	Train-RPNAcc=0.852197,	RPNLogLoss=0.382611,	RPNL1Loss=0.146242,	FCISAcc=0.818700,	FCISAccFG=0.000000,	FCISLogLoss=nan,	FCISL1Loss=nan,	FCISMaskLoss=nan,	
2017-10-19 21:05:01,107 Epoch[6] Batch [2700]	Speed: 8.46 samples/sec	Train-RPNAcc=0.852224,	RPNLogLoss=0.382578,	RPNL1Loss=0.146299,	FCISAcc=0.818826,	FCISAccFG=0.000000,	FCISLogLoss=nan,	FCISL1Loss=nan,	FCISMaskLoss=nan,	
2017-10-19 21:05:24,447 Epoch[6] Batch [2800]	Speed: 8.57 samples/sec	Train-RPNAcc=0.852028,	RPNLogLoss=0.383206,	RPNL1Loss=0.146302,	FCISAcc=0.819050,	FCISAccFG=0.000000,	FCISLogLoss=nan,	FCISL1Loss=nan,	FCISMaskLoss=nan,	
2017-10-19 21:05:48,903 Epoch[6] Batch [2900]	Speed: 8.18 samples/sec	Train-RPNAcc=0.852854,	RPNLogLoss=0.381970,	RPNL1Loss=0.146096,	FCISAcc=0.818834,	FCISAccFG=0.000000,	FCISLogLoss=nan,	FCISL1Loss=nan,	FCISMaskLoss=nan,	
2017-10-19 21:06:13,096 Epoch[6] Batch [3000]	Speed: 8.27 samples/sec	Train-RPNAcc=0.853300,	RPNLogLoss=0.381767,	RPNL1Loss=0.146051,	FCISAcc=0.818836,	FCISAccFG=0.000000,	FCISLogLoss=nan,	FCISL1Loss=nan,	FCISMaskLoss=nan,	
2017-10-19 21:06:37,567 Epoch[6] Batch [3100]	Speed: 8.17 samples/sec	Train-RPNAcc=0.853887,	RPNLogLoss=0.380737,	RPNL1Loss=0.145766,	FCISAcc=0.818326,	FCISAccFG=0.000000,	FCISLogLoss=nan,	FCISL1Loss=nan,	FCISMaskLoss=nan,	
2017-10-19 21:07:01,978 Epoch[6] Batch [3200]	Speed: 8.19 samples/sec	Train-RPNAcc=0.854291,	RPNLogLoss=0.380159,	RPNL1Loss=0.145857,	FCISAcc=0.818187,	FCISAccFG=0.000000,	FCISLogLoss=nan,	FCISL1Loss=nan,	FCISMaskLoss=nan,	
2017-10-19 21:07:26,345 Epoch[6] Batch [3300]	Speed: 8.21 samples/sec	Train-RPNAcc=0.854616,	RPNLogLoss=0.380100,	RPNL1Loss=0.145857,	FCISAcc=0.818197,	FCISAccFG=0.000000,	FCISLogLoss=nan,	FCISL1Loss=nan,	FCISMaskLoss=nan,	
2017-10-19 21:07:50,977 Epoch[6] Batch [3400]	Speed: 8.12 samples/sec	Train-RPNAcc=0.855104,	RPNLogLoss=0.379166,	RPNL1Loss=0.145591,	FCISAcc=0.817782,	FCISAccFG=0.000000,	FCISLogLoss=nan,	FCISL1Loss=nan,	FCISMaskLoss=nan,	
2017-10-19 21:08:15,175 Epoch[6] Batch [3500]	Speed: 8.27 samples/sec	Train-RPNAcc=0.855456,	RPNLogLoss=0.378810,	RPNL1Loss=0.145673,	FCISAcc=0.817848,	FCISAccFG=0.000000,	FCISLogLoss=nan,	FCISL1Loss=nan,	FCISMaskLoss=nan,	
2017-10-19 21:08:39,373 Epoch[6] Batch [3600]	Speed: 8.27 samples/sec	Train-RPNAcc=0.856095,	RPNLogLoss=0.377748,	RPNL1Loss=0.145395,	FCISAcc=0.817481,	FCISAccFG=0.000000,	FCISLogLoss=nan,	FCISL1Loss=nan,	FCISMaskLoss=nan,	
2017-10-19 21:09:03,382 Epoch[6] Batch [3700]	Speed: 8.33 samples/sec	Train-RPNAcc=0.856572,	RPNLogLoss=0.377269,	RPNL1Loss=0.145268,	FCISAcc=0.817563,	FCISAccFG=0.000000,	FCISLogLoss=nan,	FCISL1Loss=nan,	FCISMaskLoss=nan,	
2017-10-19 21:09:27,889 Epoch[6] Batch [3800]	Speed: 8.16 samples/sec	Train-RPNAcc=0.856795,	RPNLogLoss=0.377037,	RPNL1Loss=0.145050,	FCISAcc=0.817497,	FCISAccFG=0.000000,	FCISLogLoss=nan,	FCISL1Loss=nan,	FCISMaskLoss=nan,	
2017-10-19 21:09:52,060 Epoch[6] Batch [3900]	Speed: 8.27 samples/sec	Train-RPNAcc=0.857198,	RPNLogLoss=0.376454,	RPNL1Loss=0.144847,	FCISAcc=0.817473,	FCISAccFG=0.000000,	FCISLogLoss=nan,	FCISL1Loss=nan,	FCISMaskLoss=nan,	
2017-10-19 21:10:17,133 Epoch[6] Batch [4000]	Speed: 7.98 samples/sec	Train-RPNAcc=0.857034,	RPNLogLoss=0.377105,	RPNL1Loss=0.145520,	FCISAcc=0.817476,	FCISAccFG=0.000000,	FCISLogLoss=nan,	FCISL1Loss=nan,	FCISMaskLoss=nan,	
2017-10-19 21:10:39,551 Epoch[6] Train-RPNAcc=0.857062
2017-10-19 21:10:39,551 Epoch[6] Train-RPNLogLoss=0.377320
2017-10-19 21:10:39,551 Epoch[6] Train-RPNL1Loss=0.145615
2017-10-19 21:10:39,551 Epoch[6] Train-FCISAcc=0.817469
2017-10-19 21:10:39,551 Epoch[6] Train-FCISAccFG=0.000000
2017-10-19 21:10:39,551 Epoch[6] Train-FCISLogLoss=nan
2017-10-19 21:10:39,551 Epoch[6] Train-FCISL1Loss=nan
2017-10-19 21:10:39,551 Epoch[6] Train-FCISMaskLoss=nan
2017-10-19 21:10:39,551 Epoch[6] Time cost=973.254
2017-10-19 21:10:40,673 Saved checkpoint to "./output/fcis/ObjectSnap/resnet_v1_101_ObjectSnap_end2end_baseline/Refine_train/e2e-0007.params"
2017-10-19 21:11:04,443 Epoch[7] Batch [100]	Speed: 8.53 samples/sec	Train-RPNAcc=0.863359,	RPNLogLoss=0.363320,	RPNL1Loss=0.120610,	FCISAcc=0.816174,	FCISAccFG=0.000000,	FCISLogLoss=nan,	FCISL1Loss=nan,	FCISMaskLoss=nan,	
2017-10-19 21:11:27,774 Epoch[7] Batch [200]	Speed: 8.57 samples/sec	Train-RPNAcc=0.857364,	RPNLogLoss=0.373087,	RPNL1Loss=0.131961,	FCISAcc=0.821265,	FCISAccFG=0.000000,	FCISLogLoss=nan,	FCISL1Loss=nan,	FCISMaskLoss=nan,	
2017-10-19 21:11:50,864 Epoch[7] Batch [300]	Speed: 8.66 samples/sec	Train-RPNAcc=0.852017,	RPNLogLoss=0.382251,	RPNL1Loss=0.136251,	FCISAcc=0.818262,	FCISAccFG=0.000000,	FCISLogLoss=nan,	FCISL1Loss=nan,	FCISMaskLoss=nan,	
2017-10-19 21:12:14,362 Epoch[7] Batch [400]	Speed: 8.51 samples/sec	Train-RPNAcc=0.849829,	RPNLogLoss=0.386964,	RPNL1Loss=0.142337,	FCISAcc=0.817945,	FCISAccFG=0.000000,	FCISLogLoss=nan,	FCISL1Loss=nan,	FCISMaskLoss=nan,	
2017-10-19 21:12:38,191 Epoch[7] Batch [500]	Speed: 8.39 samples/sec	Train-RPNAcc=0.849699,	RPNLogLoss=0.386877,	RPNL1Loss=0.143504,	FCISAcc=0.817779,	FCISAccFG=0.000000,	FCISLogLoss=nan,	FCISL1Loss=nan,	FCISMaskLoss=nan,	
2017-10-19 21:13:01,907 Epoch[7] Batch [600]	Speed: 8.43 samples/sec	Train-RPNAcc=0.849028,	RPNLogLoss=0.388654,	RPNL1Loss=0.145358,	FCISAcc=0.818824,	FCISAccFG=0.000000,	FCISLogLoss=nan,	FCISL1Loss=nan,	FCISMaskLoss=nan,	
2017-10-19 21:13:25,697 Epoch[7] Batch [700]	Speed: 8.41 samples/sec	Train-RPNAcc=0.849974,	RPNLogLoss=0.388534,	RPNL1Loss=0.145632,	FCISAcc=0.820034,	FCISAccFG=0.000000,	FCISLogLoss=nan,	FCISL1Loss=nan,	FCISMaskLoss=nan,	
2017-10-19 21:13:49,248 Epoch[7] Batch [800]	Speed: 8.49 samples/sec	Train-RPNAcc=0.850992,	RPNLogLoss=0.385980,	RPNL1Loss=0.143675,	FCISAcc=0.818654,	FCISAccFG=0.000000,	FCISLogLoss=nan,	FCISL1Loss=nan,	FCISMaskLoss=nan,	
2017-10-19 21:14:12,930 Epoch[7] Batch [900]	Speed: 8.45 samples/sec	Train-RPNAcc=0.850572,	RPNLogLoss=0.387304,	RPNL1Loss=0.143899,	FCISAcc=0.819571,	FCISAccFG=0.000000,	FCISLogLoss=nan,	FCISL1Loss=nan,	FCISMaskLoss=nan,	
2017-10-19 21:14:36,347 Epoch[7] Batch [1000]	Speed: 8.54 samples/sec	Train-RPNAcc=0.850569,	RPNLogLoss=0.386860,	RPNL1Loss=0.143105,	FCISAcc=0.819111,	FCISAccFG=0.000000,	FCISLogLoss=nan,	FCISL1Loss=nan,	FCISMaskLoss=nan,	
2017-10-19 21:14:59,385 Epoch[7] Batch [1100]	Speed: 8.68 samples/sec	Train-RPNAcc=0.851845,	RPNLogLoss=0.384520,	RPNL1Loss=0.142160,	FCISAcc=0.819557,	FCISAccFG=0.000000,	FCISLogLoss=nan,	FCISL1Loss=nan,	FCISMaskLoss=nan,	
2017-10-19 21:15:22,826 Epoch[7] Batch [1200]	Speed: 8.53 samples/sec	Train-RPNAcc=0.853281,	RPNLogLoss=0.382454,	RPNL1Loss=0.141585,	FCISAcc=0.820166,	FCISAccFG=0.000000,	FCISLogLoss=nan,	FCISL1Loss=nan,	FCISMaskLoss=nan,	
2017-10-19 21:15:46,163 Epoch[7] Batch [1300]	Speed: 8.57 samples/sec	Train-RPNAcc=0.852846,	RPNLogLoss=0.383650,	RPNL1Loss=0.142154,	FCISAcc=0.820754,	FCISAccFG=0.000000,	FCISLogLoss=nan,	FCISL1Loss=nan,	FCISMaskLoss=nan,	
2017-10-19 21:16:08,812 Epoch[7] Batch [1400]	Speed: 8.83 samples/sec	Train-RPNAcc=0.853258,	RPNLogLoss=0.382903,	RPNL1Loss=0.142048,	FCISAcc=0.820739,	FCISAccFG=0.000000,	FCISLogLoss=nan,	FCISL1Loss=nan,	FCISMaskLoss=nan,	
2017-10-19 21:16:31,885 Epoch[7] Batch [1500]	Speed: 8.67 samples/sec	Train-RPNAcc=0.853353,	RPNLogLoss=0.382108,	RPNL1Loss=0.142447,	FCISAcc=0.820502,	FCISAccFG=0.000000,	FCISLogLoss=nan,	FCISL1Loss=nan,	FCISMaskLoss=nan,	
2017-10-19 21:16:55,369 Epoch[7] Batch [1600]	Speed: 8.52 samples/sec	Train-RPNAcc=0.852642,	RPNLogLoss=0.383201,	RPNL1Loss=0.142857,	FCISAcc=0.820757,	FCISAccFG=0.000000,	FCISLogLoss=nan,	FCISL1Loss=nan,	FCISMaskLoss=nan,	
2017-10-19 21:17:18,659 Epoch[7] Batch [1700]	Speed: 8.59 samples/sec	Train-RPNAcc=0.852126,	RPNLogLoss=0.383334,	RPNL1Loss=0.144108,	FCISAcc=0.819927,	FCISAccFG=0.000000,	FCISLogLoss=nan,	FCISL1Loss=nan,	FCISMaskLoss=nan,	
2017-10-19 21:17:42,362 Epoch[7] Batch [1800]	Speed: 8.44 samples/sec	Train-RPNAcc=0.852588,	RPNLogLoss=0.382197,	RPNL1Loss=0.143597,	FCISAcc=0.819640,	FCISAccFG=0.000000,	FCISLogLoss=nan,	FCISL1Loss=nan,	FCISMaskLoss=nan,	
2017-10-19 21:18:05,754 Epoch[7] Batch [1900]	Speed: 8.55 samples/sec	Train-RPNAcc=0.851930,	RPNLogLoss=0.383224,	RPNL1Loss=0.144477,	FCISAcc=0.819575,	FCISAccFG=0.000000,	FCISLogLoss=nan,	FCISL1Loss=nan,	FCISMaskLoss=nan,	
2017-10-19 21:18:29,889 Epoch[7] Batch [2000]	Speed: 8.29 samples/sec	Train-RPNAcc=0.852042,	RPNLogLoss=0.383215,	RPNL1Loss=0.144696,	FCISAcc=0.819202,	FCISAccFG=0.000000,	FCISLogLoss=nan,	FCISL1Loss=nan,	FCISMaskLoss=nan,	
2017-10-19 21:18:53,060 Epoch[7] Batch [2100]	Speed: 8.63 samples/sec	Train-RPNAcc=0.851634,	RPNLogLoss=0.384017,	RPNL1Loss=0.145107,	FCISAcc=0.819020,	FCISAccFG=0.000000,	FCISLogLoss=nan,	FCISL1Loss=nan,	FCISMaskLoss=nan,	
2017-10-19 21:19:16,317 Epoch[7] Batch [2200]	Speed: 8.60 samples/sec	Train-RPNAcc=0.851768,	RPNLogLoss=0.383795,	RPNL1Loss=0.145239,	FCISAcc=0.819109,	FCISAccFG=0.000000,	FCISLogLoss=nan,	FCISL1Loss=nan,	FCISMaskLoss=nan,	
2017-10-19 21:19:39,398 Epoch[7] Batch [2300]	Speed: 8.67 samples/sec	Train-RPNAcc=0.852028,	RPNLogLoss=0.383037,	RPNL1Loss=0.145105,	FCISAcc=0.819394,	FCISAccFG=0.000000,	FCISLogLoss=nan,	FCISL1Loss=nan,	FCISMaskLoss=nan,	
2017-10-19 21:20:02,746 Epoch[7] Batch [2400]	Speed: 8.57 samples/sec	Train-RPNAcc=0.852313,	RPNLogLoss=0.382251,	RPNL1Loss=0.144347,	FCISAcc=0.819372,	FCISAccFG=0.000000,	FCISLogLoss=nan,	FCISL1Loss=nan,	FCISMaskLoss=nan,	
2017-10-19 21:20:25,952 Epoch[7] Batch [2500]	Speed: 8.62 samples/sec	Train-RPNAcc=0.852287,	RPNLogLoss=0.381982,	RPNL1Loss=0.144360,	FCISAcc=0.819385,	FCISAccFG=0.000000,	FCISLogLoss=nan,	FCISL1Loss=nan,	FCISMaskLoss=nan,	
2017-10-19 21:20:49,317 Epoch[7] Batch [2600]	Speed: 8.56 samples/sec	Train-RPNAcc=0.852079,	RPNLogLoss=0.382030,	RPNL1Loss=0.144725,	FCISAcc=0.819233,	FCISAccFG=0.000000,	FCISLogLoss=nan,	FCISL1Loss=nan,	FCISMaskLoss=nan,	
2017-10-19 21:21:12,840 Epoch[7] Batch [2700]	Speed: 8.50 samples/sec	Train-RPNAcc=0.851855,	RPNLogLoss=0.383013,	RPNL1Loss=0.145504,	FCISAcc=0.819331,	FCISAccFG=0.000000,	FCISLogLoss=nan,	FCISL1Loss=nan,	FCISMaskLoss=nan,	
2017-10-19 21:21:37,282 Epoch[7] Batch [2800]	Speed: 8.18 samples/sec	Train-RPNAcc=0.851985,	RPNLogLoss=0.383089,	RPNL1Loss=0.146097,	FCISAcc=0.819162,	FCISAccFG=0.000000,	FCISLogLoss=nan,	FCISL1Loss=nan,	FCISMaskLoss=nan,	
2017-10-19 21:22:01,715 Epoch[7] Batch [2900]	Speed: 8.19 samples/sec	Train-RPNAcc=0.852852,	RPNLogLoss=0.381912,	RPNL1Loss=0.145986,	FCISAcc=0.818660,	FCISAccFG=0.000000,	FCISLogLoss=nan,	FCISL1Loss=nan,	FCISMaskLoss=nan,	
2017-10-19 21:22:25,851 Epoch[7] Batch [3000]	Speed: 8.29 samples/sec	Train-RPNAcc=0.853468,	RPNLogLoss=0.381306,	RPNL1Loss=0.145528,	FCISAcc=0.818665,	FCISAccFG=0.000000,	FCISLogLoss=nan,	FCISL1Loss=nan,	FCISMaskLoss=nan,	
2017-10-19 21:22:50,422 Epoch[7] Batch [3100]	Speed: 8.14 samples/sec	Train-RPNAcc=0.853431,	RPNLogLoss=0.381622,	RPNL1Loss=0.146334,	FCISAcc=0.818579,	FCISAccFG=0.000000,	FCISLogLoss=nan,	FCISL1Loss=nan,	FCISMaskLoss=nan,	
2017-10-19 21:23:15,007 Epoch[7] Batch [3200]	Speed: 8.14 samples/sec	Train-RPNAcc=0.854075,	RPNLogLoss=0.380790,	RPNL1Loss=0.146243,	FCISAcc=0.818354,	FCISAccFG=0.000000,	FCISLogLoss=nan,	FCISL1Loss=nan,	FCISMaskLoss=nan,	
2017-10-19 21:23:39,310 Epoch[7] Batch [3300]	Speed: 8.23 samples/sec	Train-RPNAcc=0.855117,	RPNLogLoss=0.379056,	RPNL1Loss=0.145398,	FCISAcc=0.818152,	FCISAccFG=0.000000,	FCISLogLoss=nan,	FCISL1Loss=nan,	FCISMaskLoss=nan,	
2017-10-19 21:24:03,594 Epoch[7] Batch [3400]	Speed: 8.24 samples/sec	Train-RPNAcc=0.855750,	RPNLogLoss=0.378055,	RPNL1Loss=0.144834,	FCISAcc=0.817795,	FCISAccFG=0.000000,	FCISLogLoss=nan,	FCISL1Loss=nan,	FCISMaskLoss=nan,	
2017-10-19 21:24:27,956 Epoch[7] Batch [3500]	Speed: 8.21 samples/sec	Train-RPNAcc=0.856144,	RPNLogLoss=0.377533,	RPNL1Loss=0.144562,	FCISAcc=0.817827,	FCISAccFG=0.000000,	FCISLogLoss=nan,	FCISL1Loss=nan,	FCISMaskLoss=nan,	
2017-10-19 21:24:52,216 Epoch[7] Batch [3600]	Speed: 8.24 samples/sec	Train-RPNAcc=0.856332,	RPNLogLoss=0.377306,	RPNL1Loss=0.144696,	FCISAcc=0.817710,	FCISAccFG=0.000000,	FCISLogLoss=nan,	FCISL1Loss=nan,	FCISMaskLoss=nan,	
2017-10-19 21:25:16,487 Epoch[7] Batch [3700]	Speed: 8.24 samples/sec	Train-RPNAcc=0.856453,	RPNLogLoss=0.377437,	RPNL1Loss=0.144976,	FCISAcc=0.817556,	FCISAccFG=0.000000,	FCISLogLoss=nan,	FCISL1Loss=nan,	FCISMaskLoss=nan,	
2017-10-19 21:25:41,621 Epoch[7] Batch [3800]	Speed: 7.96 samples/sec	Train-RPNAcc=0.856527,	RPNLogLoss=0.377720,	RPNL1Loss=0.145384,	FCISAcc=0.817461,	FCISAccFG=0.000000,	FCISLogLoss=nan,	FCISL1Loss=nan,	FCISMaskLoss=nan,	
2017-10-19 21:26:06,153 Epoch[7] Batch [3900]	Speed: 8.15 samples/sec	Train-RPNAcc=0.856703,	RPNLogLoss=0.377474,	RPNL1Loss=0.145654,	FCISAcc=0.817322,	FCISAccFG=0.000000,	FCISLogLoss=nan,	FCISL1Loss=nan,	FCISMaskLoss=nan,	
2017-10-19 21:26:30,896 Epoch[7] Batch [4000]	Speed: 8.08 samples/sec	Train-RPNAcc=0.856865,	RPNLogLoss=0.377440,	RPNL1Loss=0.145542,	FCISAcc=0.817322,	FCISAccFG=0.000000,	FCISLogLoss=nan,	FCISL1Loss=nan,	FCISMaskLoss=nan,	
2017-10-19 21:26:53,067 Epoch[7] Train-RPNAcc=0.857146
2017-10-19 21:26:53,067 Epoch[7] Train-RPNLogLoss=0.377045
2017-10-19 21:26:53,067 Epoch[7] Train-RPNL1Loss=0.145597
2017-10-19 21:26:53,067 Epoch[7] Train-FCISAcc=0.817063
2017-10-19 21:26:53,067 Epoch[7] Train-FCISAccFG=0.000000
2017-10-19 21:26:53,067 Epoch[7] Train-FCISLogLoss=nan
2017-10-19 21:26:53,067 Epoch[7] Train-FCISL1Loss=nan
2017-10-19 21:26:53,067 Epoch[7] Train-FCISMaskLoss=nan
2017-10-19 21:26:53,067 Epoch[7] Time cost=972.388
2017-10-19 21:26:54,295 Saved checkpoint to "./output/fcis/ObjectSnap/resnet_v1_101_ObjectSnap_end2end_baseline/Refine_train/e2e-0008.params"
2017-10-19 21:27:17,897 Epoch[8] Batch [100]	Speed: 8.65 samples/sec	Train-RPNAcc=0.855024,	RPNLogLoss=0.387840,	RPNL1Loss=0.151717,	FCISAcc=0.819539,	FCISAccFG=0.000000,	FCISLogLoss=nan,	FCISL1Loss=nan,	FCISMaskLoss=nan,	
2017-10-19 21:27:41,035 Epoch[8] Batch [200]	Speed: 8.64 samples/sec	Train-RPNAcc=0.858879,	RPNLogLoss=0.377151,	RPNL1Loss=0.141097,	FCISAcc=0.817844,	FCISAccFG=0.000000,	FCISLogLoss=nan,	FCISL1Loss=nan,	FCISMaskLoss=nan,	
2017-10-19 21:28:04,268 Epoch[8] Batch [300]	Speed: 8.61 samples/sec	Train-RPNAcc=0.858966,	RPNLogLoss=0.376293,	RPNL1Loss=0.140556,	FCISAcc=0.820585,	FCISAccFG=0.000000,	FCISLogLoss=nan,	FCISL1Loss=nan,	FCISMaskLoss=nan,	
2017-10-19 21:28:27,694 Epoch[8] Batch [400]	Speed: 8.54 samples/sec	Train-RPNAcc=0.854110,	RPNLogLoss=0.385696,	RPNL1Loss=0.145317,	FCISAcc=0.822115,	FCISAccFG=0.000000,	FCISLogLoss=nan,	FCISL1Loss=nan,	FCISMaskLoss=nan,	
2017-10-19 21:28:51,873 Epoch[8] Batch [500]	Speed: 8.27 samples/sec	Train-RPNAcc=0.851255,	RPNLogLoss=0.390204,	RPNL1Loss=0.147889,	FCISAcc=0.821466,	FCISAccFG=0.000000,	FCISLogLoss=nan,	FCISL1Loss=nan,	FCISMaskLoss=nan,	
2017-10-19 21:29:15,060 Epoch[8] Batch [600]	Speed: 8.63 samples/sec	Train-RPNAcc=0.850038,	RPNLogLoss=0.390508,	RPNL1Loss=0.149628,	FCISAcc=0.819409,	FCISAccFG=0.000000,	FCISLogLoss=nan,	FCISL1Loss=nan,	FCISMaskLoss=nan,	
2017-10-19 21:29:38,559 Epoch[8] Batch [700]	Speed: 8.51 samples/sec	Train-RPNAcc=0.848461,	RPNLogLoss=0.390925,	RPNL1Loss=0.151005,	FCISAcc=0.818880,	FCISAccFG=0.000000,	FCISLogLoss=nan,	FCISL1Loss=nan,	FCISMaskLoss=nan,	
2017-10-19 21:30:02,476 Epoch[8] Batch [800]	Speed: 8.36 samples/sec	Train-RPNAcc=0.849900,	RPNLogLoss=0.388696,	RPNL1Loss=0.149074,	FCISAcc=0.818967,	FCISAccFG=0.000000,	FCISLogLoss=nan,	FCISL1Loss=nan,	FCISMaskLoss=nan,	
2017-10-19 21:30:25,870 Epoch[8] Batch [900]	Speed: 8.55 samples/sec	Train-RPNAcc=0.850260,	RPNLogLoss=0.387446,	RPNL1Loss=0.149170,	FCISAcc=0.818960,	FCISAccFG=0.000000,	FCISLogLoss=nan,	FCISL1Loss=nan,	FCISMaskLoss=nan,	
2017-10-19 21:30:49,400 Epoch[8] Batch [1000]	Speed: 8.50 samples/sec	Train-RPNAcc=0.850954,	RPNLogLoss=0.385830,	RPNL1Loss=0.149354,	FCISAcc=0.817866,	FCISAccFG=0.000000,	FCISLogLoss=nan,	FCISL1Loss=nan,	FCISMaskLoss=nan,	
2017-10-19 21:31:12,595 Epoch[8] Batch [1100]	Speed: 8.62 samples/sec	Train-RPNAcc=0.850864,	RPNLogLoss=0.384383,	RPNL1Loss=0.148628,	FCISAcc=0.818233,	FCISAccFG=0.000000,	FCISLogLoss=nan,	FCISL1Loss=nan,	FCISMaskLoss=nan,	
2017-10-19 21:31:35,652 Epoch[8] Batch [1200]	Speed: 8.67 samples/sec	Train-RPNAcc=0.851920,	RPNLogLoss=0.382493,	RPNL1Loss=0.147356,	FCISAcc=0.818111,	FCISAccFG=0.000000,	FCISLogLoss=nan,	FCISL1Loss=nan,	FCISMaskLoss=nan,	
2017-10-19 21:31:58,736 Epoch[8] Batch [1300]	Speed: 8.66 samples/sec	Train-RPNAcc=0.852447,	RPNLogLoss=0.380905,	RPNL1Loss=0.146507,	FCISAcc=0.818040,	FCISAccFG=0.000000,	FCISLogLoss=nan,	FCISL1Loss=nan,	FCISMaskLoss=nan,	
2017-10-19 21:32:22,187 Epoch[8] Batch [1400]	Speed: 8.53 samples/sec	Train-RPNAcc=0.851995,	RPNLogLoss=0.381228,	RPNL1Loss=0.146340,	FCISAcc=0.818096,	FCISAccFG=0.000000,	FCISLogLoss=nan,	FCISL1Loss=nan,	FCISMaskLoss=nan,	
2017-10-19 21:32:45,802 Epoch[8] Batch [1500]	Speed: 8.47 samples/sec	Train-RPNAcc=0.851685,	RPNLogLoss=0.382382,	RPNL1Loss=0.146526,	FCISAcc=0.818267,	FCISAccFG=0.000000,	FCISLogLoss=nan,	FCISL1Loss=nan,	FCISMaskLoss=nan,	
2017-10-19 21:33:09,585 Epoch[8] Batch [1600]	Speed: 8.41 samples/sec	Train-RPNAcc=0.851410,	RPNLogLoss=0.383390,	RPNL1Loss=0.145976,	FCISAcc=0.818810,	FCISAccFG=0.000000,	FCISLogLoss=nan,	FCISL1Loss=nan,	FCISMaskLoss=nan,	
2017-10-19 21:33:32,592 Epoch[8] Batch [1700]	Speed: 8.69 samples/sec	Train-RPNAcc=0.852518,	RPNLogLoss=0.381936,	RPNL1Loss=0.145261,	FCISAcc=0.819940,	FCISAccFG=0.000000,	FCISLogLoss=nan,	FCISL1Loss=nan,	FCISMaskLoss=nan,	
2017-10-19 21:33:55,776 Epoch[8] Batch [1800]	Speed: 8.63 samples/sec	Train-RPNAcc=0.853481,	RPNLogLoss=0.379608,	RPNL1Loss=0.143934,	FCISAcc=0.819989,	FCISAccFG=0.000000,	FCISLogLoss=nan,	FCISL1Loss=nan,	FCISMaskLoss=nan,	
2017-10-19 21:34:18,991 Epoch[8] Batch [1900]	Speed: 8.62 samples/sec	Train-RPNAcc=0.854193,	RPNLogLoss=0.378283,	RPNL1Loss=0.143181,	FCISAcc=0.819969,	FCISAccFG=0.000000,	FCISLogLoss=nan,	FCISL1Loss=nan,	FCISMaskLoss=nan,	
2017-10-19 21:34:42,850 Epoch[8] Batch [2000]	Speed: 8.38 samples/sec	Train-RPNAcc=0.853702,	RPNLogLoss=0.379470,	RPNL1Loss=0.143677,	FCISAcc=0.820227,	FCISAccFG=0.000000,	FCISLogLoss=nan,	FCISL1Loss=nan,	FCISMaskLoss=nan,	
2017-10-19 21:35:05,777 Epoch[8] Batch [2100]	Speed: 8.72 samples/sec	Train-RPNAcc=0.853293,	RPNLogLoss=0.379656,	RPNL1Loss=0.143802,	FCISAcc=0.820088,	FCISAccFG=0.000000,	FCISLogLoss=nan,	FCISL1Loss=nan,	FCISMaskLoss=nan,	
2017-10-19 21:35:29,375 Epoch[8] Batch [2200]	Speed: 8.48 samples/sec	Train-RPNAcc=0.852668,	RPNLogLoss=0.380873,	RPNL1Loss=0.144432,	FCISAcc=0.820133,	FCISAccFG=0.000000,	FCISLogLoss=nan,	FCISL1Loss=nan,	FCISMaskLoss=nan,	
2017-10-19 21:35:52,622 Epoch[8] Batch [2300]	Speed: 8.60 samples/sec	Train-RPNAcc=0.852037,	RPNLogLoss=0.382345,	RPNL1Loss=0.145820,	FCISAcc=0.820105,	FCISAccFG=0.000000,	FCISLogLoss=nan,	FCISL1Loss=nan,	FCISMaskLoss=nan,	
2017-10-19 21:36:15,688 Epoch[8] Batch [2400]	Speed: 8.67 samples/sec	Train-RPNAcc=0.852550,	RPNLogLoss=0.381518,	RPNL1Loss=0.145383,	FCISAcc=0.820047,	FCISAccFG=0.000000,	FCISLogLoss=nan,	FCISL1Loss=nan,	FCISMaskLoss=nan,	
2017-10-19 21:36:39,326 Epoch[8] Batch [2500]	Speed: 8.46 samples/sec	Train-RPNAcc=0.852714,	RPNLogLoss=0.381140,	RPNL1Loss=0.145335,	FCISAcc=0.820014,	FCISAccFG=0.000000,	FCISLogLoss=nan,	FCISL1Loss=nan,	FCISMaskLoss=nan,	
2017-10-19 21:37:03,644 Epoch[8] Batch [2600]	Speed: 8.22 samples/sec	Train-RPNAcc=0.852141,	RPNLogLoss=0.382354,	RPNL1Loss=0.145356,	FCISAcc=0.820026,	FCISAccFG=0.000000,	FCISLogLoss=nan,	FCISL1Loss=nan,	FCISMaskLoss=nan,	
2017-10-19 21:37:26,563 Epoch[8] Batch [2700]	Speed: 8.73 samples/sec	Train-RPNAcc=0.851555,	RPNLogLoss=0.383798,	RPNL1Loss=0.146502,	FCISAcc=0.820068,	FCISAccFG=0.000000,	FCISLogLoss=nan,	FCISL1Loss=nan,	FCISMaskLoss=nan,	
2017-10-19 21:37:50,413 Epoch[8] Batch [2800]	Speed: 8.39 samples/sec	Train-RPNAcc=0.851994,	RPNLogLoss=0.383049,	RPNL1Loss=0.146131,	FCISAcc=0.819692,	FCISAccFG=0.000000,	FCISLogLoss=nan,	FCISL1Loss=nan,	FCISMaskLoss=nan,	
2017-10-19 21:38:14,327 Epoch[8] Batch [2900]	Speed: 8.36 samples/sec	Train-RPNAcc=0.852650,	RPNLogLoss=0.382418,	RPNL1Loss=0.145876,	FCISAcc=0.819463,	FCISAccFG=0.000000,	FCISLogLoss=nan,	FCISL1Loss=nan,	FCISMaskLoss=nan,	
2017-10-19 21:38:38,545 Epoch[8] Batch [3000]	Speed: 8.26 samples/sec	Train-RPNAcc=0.853137,	RPNLogLoss=0.382086,	RPNL1Loss=0.146125,	FCISAcc=0.819377,	FCISAccFG=0.000000,	FCISLogLoss=nan,	FCISL1Loss=nan,	FCISMaskLoss=nan,	
2017-10-19 21:39:02,873 Epoch[8] Batch [3100]	Speed: 8.22 samples/sec	Train-RPNAcc=0.853706,	RPNLogLoss=0.381353,	RPNL1Loss=0.145622,	FCISAcc=0.819247,	FCISAccFG=0.000000,	FCISLogLoss=nan,	FCISL1Loss=nan,	FCISMaskLoss=nan,	
2017-10-19 21:39:27,639 Epoch[8] Batch [3200]	Speed: 8.08 samples/sec	Train-RPNAcc=0.854251,	RPNLogLoss=0.380335,	RPNL1Loss=0.145476,	FCISAcc=0.818769,	FCISAccFG=0.000000,	FCISLogLoss=nan,	FCISL1Loss=nan,	FCISMaskLoss=nan,	
2017-10-19 21:39:52,153 Epoch[8] Batch [3300]	Speed: 8.16 samples/sec	Train-RPNAcc=0.855224,	RPNLogLoss=0.378727,	RPNL1Loss=0.144993,	FCISAcc=0.818356,	FCISAccFG=0.000000,	FCISLogLoss=nan,	FCISL1Loss=nan,	FCISMaskLoss=nan,	
2017-10-19 21:40:16,701 Epoch[8] Batch [3400]	Speed: 8.15 samples/sec	Train-RPNAcc=0.855674,	RPNLogLoss=0.378187,	RPNL1Loss=0.144844,	FCISAcc=0.818077,	FCISAccFG=0.000000,	FCISLogLoss=nan,	FCISL1Loss=nan,	FCISMaskLoss=nan,	
2017-10-19 21:40:41,581 Epoch[8] Batch [3500]	Speed: 8.04 samples/sec	Train-RPNAcc=0.855885,	RPNLogLoss=0.378141,	RPNL1Loss=0.145036,	FCISAcc=0.817853,	FCISAccFG=0.000000,	FCISLogLoss=nan,	FCISL1Loss=nan,	FCISMaskLoss=nan,	
2017-10-19 21:41:06,472 Epoch[8] Batch [3600]	Speed: 8.04 samples/sec	Train-RPNAcc=0.856427,	RPNLogLoss=0.377344,	RPNL1Loss=0.144671,	FCISAcc=0.817718,	FCISAccFG=0.000000,	FCISLogLoss=nan,	FCISL1Loss=nan,	FCISMaskLoss=nan,	
2017-10-19 21:41:30,487 Epoch[8] Batch [3700]	Speed: 8.33 samples/sec	Train-RPNAcc=0.856669,	RPNLogLoss=0.377042,	RPNL1Loss=0.144670,	FCISAcc=0.817584,	FCISAccFG=0.000000,	FCISLogLoss=nan,	FCISL1Loss=nan,	FCISMaskLoss=nan,	
2017-10-19 21:41:55,495 Epoch[8] Batch [3800]	Speed: 8.00 samples/sec	Train-RPNAcc=0.856832,	RPNLogLoss=0.376968,	RPNL1Loss=0.144954,	FCISAcc=0.817302,	FCISAccFG=0.000000,	FCISLogLoss=nan,	FCISL1Loss=nan,	FCISMaskLoss=nan,	
2017-10-19 21:42:20,379 Epoch[8] Batch [3900]	Speed: 8.04 samples/sec	Train-RPNAcc=0.856857,	RPNLogLoss=0.377085,	RPNL1Loss=0.144965,	FCISAcc=0.817366,	FCISAccFG=0.000000,	FCISLogLoss=nan,	FCISL1Loss=nan,	FCISMaskLoss=nan,	
2017-10-19 21:42:44,384 Epoch[8] Batch [4000]	Speed: 8.33 samples/sec	Train-RPNAcc=0.856895,	RPNLogLoss=0.377269,	RPNL1Loss=0.145445,	FCISAcc=0.817280,	FCISAccFG=0.000000,	FCISLogLoss=nan,	FCISL1Loss=nan,	FCISMaskLoss=nan,	
2017-10-19 21:43:06,800 Epoch[8] Train-RPNAcc=0.857118
2017-10-19 21:43:06,800 Epoch[8] Train-RPNLogLoss=0.377094
2017-10-19 21:43:06,800 Epoch[8] Train-RPNL1Loss=0.145555
2017-10-19 21:43:06,800 Epoch[8] Train-FCISAcc=0.817114
2017-10-19 21:43:06,800 Epoch[8] Train-FCISAccFG=0.000000
2017-10-19 21:43:06,800 Epoch[8] Train-FCISLogLoss=nan
2017-10-19 21:43:06,800 Epoch[8] Train-FCISL1Loss=nan
2017-10-19 21:43:06,800 Epoch[8] Train-FCISMaskLoss=nan
2017-10-19 21:43:06,800 Epoch[8] Time cost=972.499
2017-10-19 21:43:08,271 Saved checkpoint to "./output/fcis/ObjectSnap/resnet_v1_101_ObjectSnap_end2end_baseline/Refine_train/e2e-0009.params"
2017-10-19 21:43:31,791 Epoch[9] Batch [100]	Speed: 8.63 samples/sec	Train-RPNAcc=0.866994,	RPNLogLoss=0.361890,	RPNL1Loss=0.124735,	FCISAcc=0.819887,	FCISAccFG=0.000000,	FCISLogLoss=nan,	FCISL1Loss=nan,	FCISMaskLoss=nan,	
2017-10-19 21:43:55,000 Epoch[9] Batch [200]	Speed: 8.62 samples/sec	Train-RPNAcc=0.861969,	RPNLogLoss=0.363686,	RPNL1Loss=0.133226,	FCISAcc=0.817281,	FCISAccFG=0.000000,	FCISLogLoss=nan,	FCISL1Loss=nan,	FCISMaskLoss=nan,	
2017-10-19 21:44:18,573 Epoch[9] Batch [300]	Speed: 8.48 samples/sec	Train-RPNAcc=0.857753,	RPNLogLoss=0.368432,	RPNL1Loss=0.135794,	FCISAcc=0.815861,	FCISAccFG=0.000000,	FCISLogLoss=nan,	FCISL1Loss=nan,	FCISMaskLoss=nan,	
2017-10-19 21:44:42,950 Epoch[9] Batch [400]	Speed: 8.20 samples/sec	Train-RPNAcc=0.854022,	RPNLogLoss=0.377936,	RPNL1Loss=0.144215,	FCISAcc=0.818861,	FCISAccFG=0.000000,	FCISLogLoss=nan,	FCISL1Loss=nan,	FCISMaskLoss=nan,	
2017-10-19 21:45:06,700 Epoch[9] Batch [500]	Speed: 8.42 samples/sec	Train-RPNAcc=0.849145,	RPNLogLoss=0.385964,	RPNL1Loss=0.150954,	FCISAcc=0.816866,	FCISAccFG=0.000000,	FCISLogLoss=nan,	FCISL1Loss=nan,	FCISMaskLoss=nan,	
2017-10-19 21:45:30,109 Epoch[9] Batch [600]	Speed: 8.54 samples/sec	Train-RPNAcc=0.850279,	RPNLogLoss=0.385372,	RPNL1Loss=0.148542,	FCISAcc=0.817316,	FCISAccFG=0.000000,	FCISLogLoss=nan,	FCISL1Loss=nan,	FCISMaskLoss=nan,	
2017-10-19 21:45:53,099 Epoch[9] Batch [700]	Speed: 8.70 samples/sec	Train-RPNAcc=0.852518,	RPNLogLoss=0.381496,	RPNL1Loss=0.145457,	FCISAcc=0.817281,	FCISAccFG=0.000000,	FCISLogLoss=nan,	FCISL1Loss=nan,	FCISMaskLoss=nan,	
2017-10-19 21:46:16,828 Epoch[9] Batch [800]	Speed: 8.43 samples/sec	Train-RPNAcc=0.853467,	RPNLogLoss=0.379692,	RPNL1Loss=0.143411,	FCISAcc=0.816504,	FCISAccFG=0.000000,	FCISLogLoss=nan,	FCISL1Loss=nan,	FCISMaskLoss=nan,	
2017-10-19 21:46:40,395 Epoch[9] Batch [900]	Speed: 8.49 samples/sec	Train-RPNAcc=0.852588,	RPNLogLoss=0.380548,	RPNL1Loss=0.143304,	FCISAcc=0.817243,	FCISAccFG=0.000000,	FCISLogLoss=nan,	FCISL1Loss=nan,	FCISMaskLoss=nan,	
2017-10-19 21:47:03,647 Epoch[9] Batch [1000]	Speed: 8.60 samples/sec	Train-RPNAcc=0.851898,	RPNLogLoss=0.380369,	RPNL1Loss=0.142901,	FCISAcc=0.817616,	FCISAccFG=0.000000,	FCISLogLoss=nan,	FCISL1Loss=nan,	FCISMaskLoss=nan,	
2017-10-19 21:47:27,341 Epoch[9] Batch [1100]	Speed: 8.44 samples/sec	Train-RPNAcc=0.851291,	RPNLogLoss=0.382168,	RPNL1Loss=0.143339,	FCISAcc=0.817456,	FCISAccFG=0.000000,	FCISLogLoss=nan,	FCISL1Loss=nan,	FCISMaskLoss=nan,	
2017-10-19 21:47:51,258 Epoch[9] Batch [1200]	Speed: 8.36 samples/sec	Train-RPNAcc=0.850722,	RPNLogLoss=0.383625,	RPNL1Loss=0.145266,	FCISAcc=0.817239,	FCISAccFG=0.000000,	FCISLogLoss=nan,	FCISL1Loss=nan,	FCISMaskLoss=nan,	
2017-10-19 21:48:14,145 Epoch[9] Batch [1300]	Speed: 8.74 samples/sec	Train-RPNAcc=0.851073,	RPNLogLoss=0.383828,	RPNL1Loss=0.145147,	FCISAcc=0.817706,	FCISAccFG=0.000000,	FCISLogLoss=nan,	FCISL1Loss=nan,	FCISMaskLoss=nan,	
2017-10-19 21:48:37,899 Epoch[9] Batch [1400]	Speed: 8.42 samples/sec	Train-RPNAcc=0.852014,	RPNLogLoss=0.382266,	RPNL1Loss=0.144290,	FCISAcc=0.818249,	FCISAccFG=0.000000,	FCISLogLoss=nan,	FCISL1Loss=nan,	FCISMaskLoss=nan,	
2017-10-19 21:49:01,422 Epoch[9] Batch [1500]	Speed: 8.50 samples/sec	Train-RPNAcc=0.852105,	RPNLogLoss=0.381465,	RPNL1Loss=0.143856,	FCISAcc=0.818085,	FCISAccFG=0.000000,	FCISLogLoss=nan,	FCISL1Loss=nan,	FCISMaskLoss=nan,	
