2017-10-20 10:40:09,980 training config:{'BINARY_THRESH': 0.4,
 'CLASS_AGNOSTIC': True,
 'MASK_SIZE': 21,
 'MXNET_VERSION': 'mxnet',
 'SCALES': [(600, 1000)],
 'TEST': {'BATCH_IMAGES': 1,
          'CXX_PROPOSAL': False,
          'HAS_RPN': True,
          'ITER': 1,
          'MASK_MERGE_THRESH': 0.5,
          'MIN_DROP_SIZE': 16,
          'NMS': 0.3,
          'PROPOSAL_MIN_SIZE': 16,
          'PROPOSAL_NMS_THRESH': 0.7,
          'PROPOSAL_POST_NMS_TOP_N': 2000,
          'PROPOSAL_PRE_NMS_TOP_N': 20000,
          'RPN_MIN_SIZE': 16,
          'RPN_NMS_THRESH': 0.7,
          'RPN_POST_NMS_TOP_N': 300,
          'RPN_PRE_NMS_TOP_N': 6000,
          'USE_GPU_MASK_MERGE': True,
          'USE_MASK_MERGE': True,
          'test_epoch': 20},
 'TRAIN': {'ASPECT_GROUPING': True,
           'BATCH_IMAGES': 1,
           'BATCH_ROIS': 128,
           'BATCH_ROIS_OHEM': 128,
           'BBOX_MEANS': [0.0, 0.0, 0.0, 0.0],
           'BBOX_NORMALIZATION_PRECOMPUTED': True,
           'BBOX_REGRESSION_THRESH': 0.5,
           'BBOX_STDS': [0.2, 0.2, 0.5, 0.5],
           'BBOX_WEIGHTS': array([ 1.,  1.,  1.,  1.]),
           'BG_THRESH_HI': 0.5,
           'BG_THRESH_LO': 0.1,
           'BINARY_THRESH': 0.4,
           'CONVNEW3': True,
           'CXX_PROPOSAL': False,
           'ENABLE_OHEM': False,
           'END2END': True,
           'FG_FRACTION': 0.25,
           'FG_THRESH': 0.5,
           'FLIP': False,
           'GAP_SELECT_FROM_ALL': False,
           'IGNORE_GAP': False,
           'LOSS_WEIGHT': [1.0, 10.0, 1.0],
           'RESUME': False,
           'RPN_ALLOWED_BORDER': 0,
           'RPN_BATCH_SIZE': 256,
           'RPN_BBOX_WEIGHTS': [1.0, 1.0, 1.0, 1.0],
           'RPN_CLOBBER_POSITIVES': False,
           'RPN_FG_FRACTION': 0.5,
           'RPN_MIN_SIZE': 16,
           'RPN_NEGATIVE_OVERLAP': 0.3,
           'RPN_NMS_THRESH': 0.7,
           'RPN_POSITIVE_OVERLAP': 0.7,
           'RPN_POSITIVE_WEIGHT': -1.0,
           'RPN_POST_NMS_TOP_N': 300,
           'RPN_PRE_NMS_TOP_N': 6000,
           'SHUFFLE': False,
           'begin_epoch': 0,
           'end_epoch': 20,
           'lr': 0.003,
           'lr_step': '14',
           'model_prefix': 'e2e',
           'momentum': 0.9,
           'warmup': False,
           'warmup_lr': 5e-05,
           'warmup_step': 4000,
           'wd': 0.0005},
 'config_name': 'resnet_v1_101_ObjectSnap_end2end_baseline',
 'dataset': {'NUM_CLASSES': 5,
             'dataset': 'ObjectSnap',
             'dataset_path': './data/ObjectSnap',
             'image_set': 'Refine_train',
             'proposal': 'rpn',
             'root_path': './data',
             'test_image_set': 'Refine_val'},
 'default': {'frequent': 100, 'kvstore': 'device'},
 'gpus': '0,1',
 'network': {'ANCHOR_RATIOS': [0.5, 1, 2],
             'ANCHOR_SCALES': [8, 16, 32],
             'FIXED_PARAMS': ['conv1',
                              'bn_conv1',
                              'res2',
                              'bn2',
                              'gamma',
                              'beta'],
             'FIXED_PARAMS_SHARED': ['conv1',
                                     'bn_conv1',
                                     'res2',
                                     'bn2',
                                     'res3',
                                     'bn3',
                                     'res4',
                                     'bn4',
                                     'gamma',
                                     'beta'],
             'IMAGE_STRIDE': 0,
             'NUM_ANCHORS': 9,
             'PIXEL_MEANS': array([ 103.06,  115.9 ,  123.15]),
             'RCNN_FEAT_STRIDE': 16,
             'RPN_FEAT_STRIDE': 16,
             'pretrained': './model/pretrained_model/resnet_v1_101',
             'pretrained_epoch': 0},
 'output_path': './output/fcis/ObjectSnap',
 'symbol': 'resnet_v1_101_fcis'}

2017-10-20 10:40:39,375 Epoch[0] Batch [100]	Speed: 8.94 samples/sec	Train-RPNAcc=0.914256,	RPNLogLoss=0.228723,	RPNL1Loss=0.208042,	FCISAcc=0.830059,	FCISAccFG=0.004963,	FCISLogLoss=0.643264,	FCISL1Loss=0.087930,	FCISMaskLoss=0.480843,	
2017-10-20 10:41:01,557 Epoch[0] Batch [200]	Speed: 9.02 samples/sec	Train-RPNAcc=0.911283,	RPNLogLoss=0.246221,	RPNL1Loss=0.232214,	FCISAcc=0.825054,	FCISAccFG=0.005312,	FCISLogLoss=0.630335,	FCISL1Loss=0.087329,	FCISMaskLoss=0.479331,	
2017-10-20 10:41:23,840 Epoch[0] Batch [300]	Speed: 8.98 samples/sec	Train-RPNAcc=0.919740,	RPNLogLoss=0.226872,	RPNL1Loss=0.200645,	FCISAcc=0.822350,	FCISAccFG=0.036370,	FCISLogLoss=0.598668,	FCISL1Loss=0.083881,	FCISMaskLoss=0.450216,	
2017-10-20 10:41:45,979 Epoch[0] Batch [400]	Speed: 9.03 samples/sec	Train-RPNAcc=0.927228,	RPNLogLoss=0.205748,	RPNL1Loss=0.179491,	FCISAcc=0.821404,	FCISAccFG=0.102460,	FCISLogLoss=0.569157,	FCISL1Loss=0.080695,	FCISMaskLoss=0.405530,	
2017-10-20 10:42:09,016 Epoch[0] Batch [500]	Speed: 8.68 samples/sec	Train-RPNAcc=0.917594,	RPNLogLoss=0.226733,	RPNL1Loss=0.181577,	FCISAcc=0.820320,	FCISAccFG=0.113702,	FCISLogLoss=0.566003,	FCISL1Loss=0.080456,	FCISMaskLoss=0.399166,	
2017-10-20 10:42:31,360 Epoch[0] Batch [600]	Speed: 8.95 samples/sec	Train-RPNAcc=0.917897,	RPNLogLoss=0.224626,	RPNL1Loss=0.168094,	FCISAcc=0.818811,	FCISAccFG=0.131543,	FCISLogLoss=0.559113,	FCISL1Loss=0.079510,	FCISMaskLoss=0.382746,	
2017-10-20 10:42:53,463 Epoch[0] Batch [700]	Speed: 9.05 samples/sec	Train-RPNAcc=0.922552,	RPNLogLoss=0.212968,	RPNL1Loss=0.154230,	FCISAcc=0.823667,	FCISAccFG=0.192083,	FCISLogLoss=0.533175,	FCISL1Loss=0.077019,	FCISMaskLoss=0.359370,	
2017-10-20 10:43:15,924 Epoch[0] Batch [800]	Speed: 8.90 samples/sec	Train-RPNAcc=0.925859,	RPNLogLoss=0.204824,	RPNL1Loss=0.145386,	FCISAcc=0.828164,	FCISAccFG=0.239281,	FCISLogLoss=0.511131,	FCISL1Loss=0.074433,	FCISMaskLoss=0.340005,	
2017-10-20 10:43:37,939 Epoch[0] Batch [900]	Speed: 9.08 samples/sec	Train-RPNAcc=0.929733,	RPNLogLoss=0.195427,	RPNL1Loss=0.135380,	FCISAcc=0.831971,	FCISAccFG=0.279928,	FCISLogLoss=0.494491,	FCISL1Loss=0.072568,	FCISMaskLoss=0.323126,	
2017-10-20 10:44:00,053 Epoch[0] Batch [1000]	Speed: 9.04 samples/sec	Train-RPNAcc=0.932921,	RPNLogLoss=0.185964,	RPNL1Loss=0.126824,	FCISAcc=0.835902,	FCISAccFG=0.316528,	FCISLogLoss=0.477627,	FCISL1Loss=0.070445,	FCISMaskLoss=0.308119,	
2017-10-20 10:44:22,105 Epoch[0] Batch [1100]	Speed: 9.07 samples/sec	Train-RPNAcc=0.935655,	RPNLogLoss=0.178608,	RPNL1Loss=0.119900,	FCISAcc=0.838556,	FCISAccFG=0.341248,	FCISLogLoss=0.464982,	FCISL1Loss=0.068803,	FCISMaskLoss=0.298257,	
2017-10-20 10:44:44,843 Epoch[0] Batch [1200]	Speed: 8.80 samples/sec	Train-RPNAcc=0.935074,	RPNLogLoss=0.179448,	RPNL1Loss=0.118843,	FCISAcc=0.837108,	FCISAccFG=0.338912,	FCISLogLoss=0.471138,	FCISL1Loss=0.068924,	FCISMaskLoss=0.304494,	
2017-10-20 10:45:08,331 Epoch[0] Batch [1300]	Speed: 8.52 samples/sec	Train-RPNAcc=0.934814,	RPNLogLoss=0.179845,	RPNL1Loss=0.118265,	FCISAcc=0.835817,	FCISAccFG=0.341293,	FCISLogLoss=0.469708,	FCISL1Loss=0.069436,	FCISMaskLoss=0.311070,	
2017-10-20 10:45:32,280 Epoch[0] Batch [1400]	Speed: 8.35 samples/sec	Train-RPNAcc=0.929812,	RPNLogLoss=0.189659,	RPNL1Loss=0.129098,	FCISAcc=0.835965,	FCISAccFG=0.339929,	FCISLogLoss=0.466796,	FCISL1Loss=0.068984,	FCISMaskLoss=0.315774,	
2017-10-20 10:45:56,337 Epoch[0] Batch [1500]	Speed: 8.31 samples/sec	Train-RPNAcc=0.924604,	RPNLogLoss=0.200003,	RPNL1Loss=0.139277,	FCISAcc=0.837996,	FCISAccFG=0.334213,	FCISLogLoss=0.460533,	FCISL1Loss=0.067643,	FCISMaskLoss=0.318938,	
2017-10-20 10:46:21,174 Epoch[0] Batch [1600]	Speed: 8.05 samples/sec	Train-RPNAcc=0.920055,	RPNLogLoss=0.209471,	RPNL1Loss=0.149513,	FCISAcc=0.839832,	FCISAccFG=0.330962,	FCISLogLoss=0.454377,	FCISL1Loss=0.066453,	FCISMaskLoss=0.320750,	
2017-10-20 10:46:46,049 Epoch[0] Batch [1700]	Speed: 8.04 samples/sec	Train-RPNAcc=0.916736,	RPNLogLoss=0.216676,	RPNL1Loss=0.158943,	FCISAcc=0.840569,	FCISAccFG=0.327596,	FCISLogLoss=0.451583,	FCISL1Loss=0.065959,	FCISMaskLoss=0.322831,	
2017-10-20 10:47:12,700 Epoch[0] Batch [1800]	Speed: 7.50 samples/sec	Train-RPNAcc=0.916427,	RPNLogLoss=0.216992,	RPNL1Loss=0.163127,	FCISAcc=0.841288,	FCISAccFG=0.338731,	FCISLogLoss=0.446286,	FCISL1Loss=0.065415,	FCISMaskLoss=0.320067,	
2017-10-20 10:47:37,242 Epoch[0] Batch [1900]	Speed: 8.15 samples/sec	Train-RPNAcc=0.915444,	RPNLogLoss=0.218991,	RPNL1Loss=0.167065,	FCISAcc=0.842203,	FCISAccFG=0.346852,	FCISLogLoss=0.441417,	FCISL1Loss=0.064667,	FCISMaskLoss=0.319407,	
2017-10-20 10:48:02,072 Epoch[0] Batch [2000]	Speed: 8.05 samples/sec	Train-RPNAcc=0.916471,	RPNLogLoss=0.216294,	RPNL1Loss=0.167590,	FCISAcc=0.843352,	FCISAccFG=0.356693,	FCISLogLoss=0.435831,	FCISL1Loss=0.063884,	FCISMaskLoss=0.316304,	
2017-10-20 10:48:27,052 Epoch[0] Batch [2100]	Speed: 8.01 samples/sec	Train-RPNAcc=0.918347,	RPNLogLoss=0.212146,	RPNL1Loss=0.165991,	FCISAcc=0.845154,	FCISAccFG=0.368061,	FCISLogLoss=0.429034,	FCISL1Loss=0.062887,	FCISMaskLoss=0.311990,	
2017-10-20 10:48:52,213 Epoch[0] Batch [2200]	Speed: 7.95 samples/sec	Train-RPNAcc=0.919789,	RPNLogLoss=0.208661,	RPNL1Loss=0.164456,	FCISAcc=0.846348,	FCISAccFG=0.378883,	FCISLogLoss=0.424659,	FCISL1Loss=0.062223,	FCISMaskLoss=0.308372,	
2017-10-20 10:49:17,175 Epoch[0] Batch [2300]	Speed: 8.01 samples/sec	Train-RPNAcc=0.920959,	RPNLogLoss=0.205818,	RPNL1Loss=0.164040,	FCISAcc=0.847210,	FCISAccFG=0.386895,	FCISLogLoss=0.420639,	FCISL1Loss=0.061670,	FCISMaskLoss=0.305854,	
