2017-10-25 14:12:10,437 testing config:{'BINARY_THRESH': 0.4,
 'CLASS_AGNOSTIC': True,
 'MASK_SIZE': 21,
 'MXNET_VERSION': 'mxnet',
 'SCALES': [(600, 1000)],
 'TEST': {'BATCH_IMAGES': 1,
          'CXX_PROPOSAL': False,
          'HAS_RPN': True,
          'ITER': 2,
          'MASK_MERGE_THRESH': 0.5,
          'MIN_DROP_SIZE': 16,
          'NMS': 0.3,
          'PROPOSAL_MIN_SIZE': 16,
          'PROPOSAL_NMS_THRESH': 0.7,
          'PROPOSAL_POST_NMS_TOP_N': 2000,
          'PROPOSAL_PRE_NMS_TOP_N': 20000,
          'RPN_MIN_SIZE': 16,
          'RPN_NMS_THRESH': 0.7,
          'RPN_POST_NMS_TOP_N': 300,
          'RPN_PRE_NMS_TOP_N': 6000,
          'USE_GPU_MASK_MERGE': True,
          'USE_MASK_MERGE': True,
          'test_epoch': 20},
 'TRAIN': {'ASPECT_GROUPING': True,
           'BATCH_IMAGES': 1,
           'BATCH_ROIS': 128,
           'BATCH_ROIS_OHEM': 128,
           'BBOX_MEANS': [0.0, 0.0, 0.0, 0.0],
           'BBOX_NORMALIZATION_PRECOMPUTED': True,
           'BBOX_REGRESSION_THRESH': 0.5,
           'BBOX_STDS': [0.2, 0.2, 0.5, 0.5],
           'BBOX_WEIGHTS': array([ 1.,  1.,  1.,  1.]),
           'BG_THRESH_HI': 0.5,
           'BG_THRESH_LO': 0.1,
           'BINARY_THRESH': 0.4,
           'CONVNEW3': True,
           'CXX_PROPOSAL': False,
           'ENABLE_OHEM': True,
           'END2END': True,
           'FG_FRACTION': 0.25,
           'FG_THRESH': 0.5,
           'FLIP': True,
           'GAP_SELECT_FROM_ALL': False,
           'IGNORE_GAP': False,
           'LOSS_WEIGHT': [1.0, 10.0, 1.0],
           'RESUME': False,
           'RPN_ALLOWED_BORDER': 0,
           'RPN_BATCH_SIZE': 256,
           'RPN_BBOX_WEIGHTS': [1.0, 1.0, 1.0, 1.0],
           'RPN_CLOBBER_POSITIVES': False,
           'RPN_FG_FRACTION': 0.5,
           'RPN_MIN_SIZE': 16,
           'RPN_NEGATIVE_OVERLAP': 0.3,
           'RPN_NMS_THRESH': 0.7,
           'RPN_POSITIVE_OVERLAP': 0.7,
           'RPN_POSITIVE_WEIGHT': -1.0,
           'RPN_POST_NMS_TOP_N': 300,
           'RPN_PRE_NMS_TOP_N': 6000,
           'SHUFFLE': True,
           'begin_epoch': 0,
           'end_epoch': 20,
           'lr': 0.0002,
           'lr_step': '14',
           'model_prefix': 'e2e',
           'momentum': 0.9,
           'warmup': True,
           'warmup_lr': 5e-05,
           'warmup_step': 4000,
           'wd': 0.0005},
 'config_name': 'resnet_v1_101_ObjectSnap_XiaoCube_ob_pretrain_end2end_ohem_lr_0002',
 'dataset': {'NUM_CLASSES': 3,
             'dataset': 'ObjectSnap',
             'dataset_path': './data/ObjectSnap',
             'image_set': 'XiaoCube_MagicLeapTrain',
             'proposal': 'rpn',
             'root_path': './data',
             'test_image_set': 'XiaoCube_MagicLeapVal'},
 'default': {'frequent': 100, 'kvstore': 'device'},
 'gpus': '0,1',
 'network': {'ANCHOR_RATIOS': [0.5, 1, 2],
             'ANCHOR_SCALES': [8, 16, 32],
             'FIXED_PARAMS': ['conv1',
                              'bn_conv1',
                              'res2',
                              'bn2',
                              'gamma',
                              'beta'],
             'FIXED_PARAMS_SHARED': ['conv1',
                                     'bn_conv1',
                                     'res2',
                                     'bn2',
                                     'res3',
                                     'bn3',
                                     'res4',
                                     'bn4',
                                     'gamma',
                                     'beta'],
             'IMAGE_STRIDE': 0,
             'NUM_ANCHORS': 9,
             'PIXEL_MEANS': array([ 103.06,  115.9 ,  123.15]),
             'RCNN_FEAT_STRIDE': 16,
             'RPN_FEAT_STRIDE': 16,
             'pretrained': './model/pretrained_model/ob_data',
             'pretrained_epoch': 0},
 'output_path': './output/fcis/ObjectSnap',
 'symbol': 'resnet_v1_101_fcis'}

2017-10-25 14:12:17,896 testing 2/128 data 0.1900s net 0.1175s post 0.0332s
2017-10-25 14:12:18,045 testing 4/128 data 0.0002s net 0.1144s post 0.0341s
2017-10-25 14:12:18,175 testing 6/128 data 0.0002s net 0.1086s post 0.0210s
2017-10-25 14:12:18,308 testing 8/128 data 0.0002s net 0.1037s post 0.0287s
2017-10-25 14:12:18,448 testing 10/128 data 0.0002s net 0.1054s post 0.0351s
2017-10-25 14:12:18,602 testing 12/128 data 0.0003s net 0.1251s post 0.0282s
2017-10-25 14:12:18,775 testing 14/128 data 0.0003s net 0.1369s post 0.0359s
2017-10-25 14:12:18,936 testing 16/128 data 0.0003s net 0.1300s post 0.0311s
2017-10-25 14:12:19,106 testing 18/128 data 0.0003s net 0.1370s post 0.0320s
2017-10-25 14:12:19,242 testing 20/128 data 0.0002s net 0.1123s post 0.0236s
2017-10-25 14:12:19,402 testing 22/128 data 0.0002s net 0.1191s post 0.0406s
2017-10-25 14:12:19,577 testing 24/128 data 0.0002s net 0.1275s post 0.0470s
2017-10-25 14:12:19,743 testing 26/128 data 0.0003s net 0.1340s post 0.0315s
2017-10-25 14:12:19,925 testing 28/128 data 0.0004s net 0.1477s post 0.0340s
2017-10-25 14:12:20,078 testing 30/128 data 0.0003s net 0.1230s post 0.0298s
2017-10-25 14:12:20,221 testing 32/128 data 0.0002s net 0.1132s post 0.0299s
2017-10-25 14:12:20,389 testing 34/128 data 0.0002s net 0.1268s post 0.0411s
2017-10-25 14:12:20,534 testing 36/128 data 0.0002s net 0.1063s post 0.0383s
2017-10-25 14:12:20,702 testing 38/128 data 0.0002s net 0.1199s post 0.0481s
2017-10-25 14:12:20,813 testing 40/128 data 0.0003s net 0.0650s post 0.0453s
2017-10-25 14:12:20,917 testing 42/128 data 0.0003s net 0.0661s post 0.0376s
2017-10-25 14:12:21,015 testing 44/128 data 0.0002s net 0.0637s post 0.0339s
2017-10-25 14:12:21,130 testing 46/128 data 0.0002s net 0.0553s post 0.0603s
2017-10-25 14:12:21,294 testing 48/128 data 0.0002s net 0.1136s post 0.0495s
2017-10-25 14:12:21,452 testing 50/128 data 0.0002s net 0.1116s post 0.0467s
2017-10-25 14:12:21,618 testing 52/128 data 0.0002s net 0.1296s post 0.0365s
2017-10-25 14:12:21,772 testing 54/128 data 0.0003s net 0.1136s post 0.0400s
2017-10-25 14:12:21,959 testing 56/128 data 0.0002s net 0.1335s post 0.0530s
2017-10-25 14:12:22,152 testing 58/128 data 0.0003s net 0.1300s post 0.0629s
2017-10-25 14:12:22,331 testing 60/128 data 0.0003s net 0.1193s post 0.0588s
2017-10-25 14:12:22,515 testing 62/128 data 0.0003s net 0.1237s post 0.0603s
2017-10-25 14:12:22,670 testing 64/128 data 0.0003s net 0.1129s post 0.0424s
2017-10-25 14:12:22,873 testing 66/128 data 0.0003s net 0.1466s post 0.0558s
2017-10-25 14:12:23,041 testing 68/128 data 0.0003s net 0.1335s post 0.0336s
2017-10-25 14:12:23,188 testing 70/128 data 0.0002s net 0.1140s post 0.0330s
2017-10-25 14:12:23,360 testing 72/128 data 0.0003s net 0.1350s post 0.0371s
2017-10-25 14:12:23,507 testing 74/128 data 0.0003s net 0.1121s post 0.0345s
2017-10-25 14:12:23,658 testing 76/128 data 0.0002s net 0.1136s post 0.0375s
2017-10-25 14:12:23,782 testing 78/128 data 0.0002s net 0.0984s post 0.0245s
2017-10-25 14:12:23,919 testing 80/128 data 0.0002s net 0.1049s post 0.0326s
2017-10-25 14:12:24,083 testing 82/128 data 0.0003s net 0.1313s post 0.0320s
2017-10-25 14:12:24,229 testing 84/128 data 0.0003s net 0.1191s post 0.0269s
2017-10-25 14:12:24,394 testing 86/128 data 0.0003s net 0.1329s post 0.0314s
2017-10-25 14:12:24,566 testing 88/128 data 0.0002s net 0.1237s post 0.0484s
2017-10-25 14:12:24,750 testing 90/128 data 0.0002s net 0.1309s post 0.0523s
2017-10-25 14:12:24,923 testing 92/128 data 0.0003s net 0.1296s post 0.0437s
2017-10-25 14:12:25,118 testing 94/128 data 0.0003s net 0.1463s post 0.0485s
2017-10-25 14:12:25,297 testing 96/128 data 0.0003s net 0.1465s post 0.0323s
2017-10-25 14:12:25,464 testing 98/128 data 0.0003s net 0.1334s post 0.0327s
2017-10-25 14:12:25,644 testing 100/128 data 0.0003s net 0.1461s post 0.0343s
2017-10-25 14:12:25,815 testing 102/128 data 0.0004s net 0.1274s post 0.0428s
2017-10-25 14:12:25,991 testing 104/128 data 0.0003s net 0.1423s post 0.0330s
2017-10-25 14:12:26,147 testing 106/128 data 0.0002s net 0.1114s post 0.0450s
2017-10-25 14:12:26,253 testing 108/128 data 0.0003s net 0.0612s post 0.0445s
2017-10-25 14:12:26,363 testing 110/128 data 0.0091s net 0.0627s post 0.0381s
2017-10-25 14:12:26,463 testing 112/128 data 0.0002s net 0.0617s post 0.0384s
2017-10-25 14:12:26,573 testing 114/128 data 0.0002s net 0.0658s post 0.0435s
2017-10-25 14:12:26,755 testing 116/128 data 0.0003s net 0.1474s post 0.0341s
2017-10-25 14:12:26,930 testing 118/128 data 0.0003s net 0.1216s post 0.0527s
2017-10-25 14:12:27,093 testing 120/128 data 0.0002s net 0.1123s post 0.0513s
2017-10-25 14:12:27,211 testing 122/128 data 0.0002s net 0.0696s post 0.0482s
2017-10-25 14:12:27,354 testing 124/128 data 0.0002s net 0.0634s post 0.0788s
2017-10-25 14:12:27,525 testing 126/128 data 0.0003s net 0.1325s post 0.0380s
2017-10-25 14:12:27,685 testing 128/128 data 0.0003s net 0.1232s post 0.0367s
2017-10-25 14:12:34,941 evaluate detections: 
VOC07 metric? Y
~~~~~~ Evaluation use min overlap = 0.5 ~~~~~~
AP for CubeBody = 77.51
AP for CubeFace = 58.40
Mean AP@0.5 = 67.95
~~~~~~ Evaluation use min overlap = 0.7 ~~~~~~
AP for CubeBody = 66.63
AP for CubeFace = 45.21
Mean AP@0.7 = 55.92

